Log file open, 11/06/16 20:31:08
LogInit:Display: Running engine for game: MIT_VirtuallyAGenome
LogPlatformFile: Not using cached read wrapper
LogInit:Display: RandInit(-1449698041) SRandInit(-1449698041).
LogTaskGraph: Started task graph with 5 named threads and 8 total threads with 1 sets of task threads.
LogStats: Stats thread started at 0.079908
LogPluginManager: Loaded Plugin Paper2D, From C:/Program Files/Epic Games/4.13/Engine/Plugins/2D/Paper2D/Paper2D.uplugin
LogPluginManager: Loaded Plugin LightPropagationVolume, From C:/Program Files/Epic Games/4.13/Engine/Plugins/Blendables/LightPropagationVolume/LightPropagationVolume.uplugin
LogPluginManager: Loaded Plugin BlankPlugin, From C:/Program Files/Epic Games/4.13/Engine/Plugins/Developer/BlankPlugin/BlankPlugin.uplugin
LogPluginManager: Loaded Plugin CodeLiteSourceCodeAccess, From C:/Program Files/Epic Games/4.13/Engine/Plugins/Developer/CodeLiteSourceCodeAccess/CodeLiteSourceCodeAccess.uplugin
LogPluginManager: Loaded Plugin GitSourceControl, From C:/Program Files/Epic Games/4.13/Engine/Plugins/Developer/GitSourceControl/GitSourceControl.uplugin
LogPluginManager: Loaded Plugin KDevelopSourceCodeAccess, From C:/Program Files/Epic Games/4.13/Engine/Plugins/Developer/KDevelopSourceCodeAccess/KDevelopSourceCodeAccess.uplugin
LogPluginManager: Loaded Plugin NullSourceCodeAccess, From C:/Program Files/Epic Games/4.13/Engine/Plugins/Developer/NullSourceCodeAccess/NullSourceCodeAccess.uplugin
LogPluginManager: Loaded Plugin OneSkyLocalizationService, From C:/Program Files/Epic Games/4.13/Engine/Plugins/Developer/OneSkyLocalizationService/OneSkyLocalizationService.uplugin
LogPluginManager: Loaded Plugin PerforceSourceControl, From C:/Program Files/Epic Games/4.13/Engine/Plugins/Developer/PerforceSourceControl/PerforceSourceControl.uplugin
LogPluginManager: Loaded Plugin SubversionSourceControl, From C:/Program Files/Epic Games/4.13/Engine/Plugins/Developer/SubversionSourceControl/SubversionSourceControl.uplugin
LogPluginManager: Loaded Plugin UObjectPlugin, From C:/Program Files/Epic Games/4.13/Engine/Plugins/Developer/UObjectPlugin/UObjectPlugin.uplugin
LogPluginManager: Loaded Plugin VisualStudioSourceCodeAccess, From C:/Program Files/Epic Games/4.13/Engine/Plugins/Developer/VisualStudioSourceCodeAccess/VisualStudioSourceCodeAccess.uplugin
LogPluginManager: Loaded Plugin XCodeSourceCodeAccess, From C:/Program Files/Epic Games/4.13/Engine/Plugins/Developer/XCodeSourceCodeAccess/XCodeSourceCodeAccess.uplugin
LogPluginManager: Loaded Plugin EpicSurvey, From C:/Program Files/Epic Games/4.13/Engine/Plugins/Editor/EpicSurvey/EpicSurvey.uplugin
LogPluginManager: Loaded Plugin MacGraphicsSwitching, From C:/Program Files/Epic Games/4.13/Engine/Plugins/Editor/MacGraphicsSwitching/MacGraphicsSwitching.uplugin
LogPluginManager: Loaded Plugin MobileLauncherProfileWizard, From C:/Program Files/Epic Games/4.13/Engine/Plugins/Editor/MobileLauncherProfileWizard/MobileLauncherProfileWizard.uplugin
LogPluginManager: Loaded Plugin PluginBrowser, From C:/Program Files/Epic Games/4.13/Engine/Plugins/Editor/PluginBrowser/PluginBrowser.uplugin
LogPluginManager: Loaded Plugin SpeedTreeImporter, From C:/Program Files/Epic Games/4.13/Engine/Plugins/Editor/SpeedTreeImporter/SpeedTreeImporter.uplugin
LogPluginManager: Loaded Plugin SuperSearchEditor, From C:/Program Files/Epic Games/4.13/Engine/Plugins/Editor/SuperSearchEditor/SuperSearchEditor.uplugin
LogPluginManager: Loaded Plugin AlembicImporter, From C:/Program Files/Epic Games/4.13/Engine/Plugins/Experimental/AlembicImporter/AlembicImporter.uplugin
LogPluginManager: Loaded Plugin BlueprintStats, From C:/Program Files/Epic Games/4.13/Engine/Plugins/Experimental/BlueprintStats/BlueprintStats.uplugin
LogPluginManager: Loaded Plugin CharacterAI, From C:/Program Files/Epic Games/4.13/Engine/Plugins/Experimental/CharacterAI/CharacterAI.uplugin
LogPluginManager: Loaded Plugin CodeEditor, From C:/Program Files/Epic Games/4.13/Engine/Plugins/Experimental/CodeEditor/CodeEditor.uplugin
LogPluginManager: Loaded Plugin CodeView, From C:/Program Files/Epic Games/4.13/Engine/Plugins/Experimental/CodeView/CodeView.uplugin
LogPluginManager: Loaded Plugin HTML5Networking, From C:/Program Files/Epic Games/4.13/Engine/Plugins/Experimental/HTML5Networking/HTML5Networking.uplugin
LogPluginManager: Loaded Plugin LiveEditor, From C:/Program Files/Epic Games/4.13/Engine/Plugins/Experimental/LiveEditor/LiveEditor.uplugin
LogPluginManager: Loaded Plugin OSVR, From C:/Program Files/Epic Games/4.13/Engine/Plugins/Experimental/OSVR/OSVR.uplugin
LogPluginManager: Loaded Plugin Phya, From C:/Program Files/Epic Games/4.13/Engine/Plugins/Experimental/Phya/Phya.uplugin
LogPluginManager: Loaded Plugin SignificanceManager, From C:/Program Files/Epic Games/4.13/Engine/Plugins/Experimental/SignificanceManager/SignificanceManager.uplugin
LogPluginManager: Loaded Plugin SimpleHMD, From C:/Program Files/Epic Games/4.13/Engine/Plugins/Experimental/SimpleHMD/SimpleHMD.uplugin
LogPluginManager: Loaded Plugin StereoPanorama, From C:/Program Files/Epic Games/4.13/Engine/Plugins/Experimental/StereoPanorama/StereoPanorama.uplugin
LogPluginManager: Loaded Plugin StructBox, From C:/Program Files/Epic Games/4.13/Engine/Plugins/Experimental/StructBox/StructBox.uplugin
LogPluginManager: Loaded Plugin GestureTrackerVR, From C:/Program Files/Epic Games/4.13/Engine/Plugins/Marketplace/GestureTrackerVR/GestureTrackerVR.uplugin
LogPluginManager: Loaded Plugin KantanCharts, From C:/Program Files/Epic Games/4.13/Engine/Plugins/Marketplace/KantanCharts/KantanCharts.uplugin
LogPluginManager: Loaded Plugin VaRestPlugin, From C:/Program Files/Epic Games/4.13/Engine/Plugins/Marketplace/VaRestPlugin/VaRestPlugin.uplugin
LogPluginManager: Loaded Plugin AndroidMedia, From C:/Program Files/Epic Games/4.13/Engine/Plugins/Media/AndroidMedia/AndroidMedia.uplugin
LogPluginManager: Loaded Plugin AvfMedia, From C:/Program Files/Epic Games/4.13/Engine/Plugins/Media/AvfMedia/AvfMedia.uplugin
LogPluginManager: Loaded Plugin MediaPlayerEditor, From C:/Program Files/Epic Games/4.13/Engine/Plugins/Media/MediaPlayerEditor/MediaPlayerEditor.uplugin
LogPluginManager: Loaded Plugin WmfMedia, From C:/Program Files/Epic Games/4.13/Engine/Plugins/Media/WmfMedia/WmfMedia.uplugin
LogPluginManager: Loaded Plugin MessagingDebugger, From C:/Program Files/Epic Games/4.13/Engine/Plugins/Messaging/MessagingDebugger/MessagingDebugger.uplugin
LogPluginManager: Loaded Plugin TcpMessaging, From C:/Program Files/Epic Games/4.13/Engine/Plugins/Messaging/TcpMessaging/TcpMessaging.uplugin
LogPluginManager: Loaded Plugin UdpMessaging, From C:/Program Files/Epic Games/4.13/Engine/Plugins/Messaging/UdpMessaging/UdpMessaging.uplugin
LogPluginManager: Loaded Plugin LevelSequenceEditor, From C:/Program Files/Epic Games/4.13/Engine/Plugins/MovieScene/LevelSequenceEditor/LevelSequenceEditor.uplugin
LogPluginManager: Loaded Plugin MatineeToLevelSequence, From C:/Program Files/Epic Games/4.13/Engine/Plugins/MovieScene/MatineeToLevelSequence/MatineeToLevelSequence.uplugin
LogPluginManager: Loaded Plugin NetcodeUnitTest, From C:/Program Files/Epic Games/4.13/Engine/Plugins/NetcodeUnitTest/NetcodeUnitTest/NetcodeUnitTest.uplugin
LogPluginManager: Loaded Plugin NUTUnrealEngine4, From C:/Program Files/Epic Games/4.13/Engine/Plugins/NetcodeUnitTest/NUTUnrealEngine4/NUTUnrealEngine4.uplugin
LogPluginManager: Loaded Plugin OnlineSubsystemGooglePlay, From C:/Program Files/Epic Games/4.13/Engine/Plugins/Online/Android/OnlineSubsystemGooglePlay/OnlineSubsystemGooglePlay.uplugin
LogPluginManager: Loaded Plugin OnlineSubsystemIOS, From C:/Program Files/Epic Games/4.13/Engine/Plugins/Online/IOS/OnlineSubsystemIOS/OnlineSubsystemIOS.uplugin
LogPluginManager: Loaded Plugin OnlineFramework, From C:/Program Files/Epic Games/4.13/Engine/Plugins/Online/OnlineFramework/OnlineFramework.uplugin
LogPluginManager: Loaded Plugin OnlineSubsystem, From C:/Program Files/Epic Games/4.13/Engine/Plugins/Online/OnlineSubsystem/OnlineSubsystem.uplugin
LogPluginManager: Loaded Plugin OnlineSubsystemAmazon, From C:/Program Files/Epic Games/4.13/Engine/Plugins/Online/OnlineSubsystemAmazon/OnlineSubsystemAmazon.uplugin
LogPluginManager: Loaded Plugin OnlineSubsystemFacebook, From C:/Program Files/Epic Games/4.13/Engine/Plugins/Online/OnlineSubsystemFacebook/OnlineSubsystemFacebook.uplugin
LogPluginManager: Loaded Plugin OnlineSubsystemNull, From C:/Program Files/Epic Games/4.13/Engine/Plugins/Online/OnlineSubsystemNull/OnlineSubsystemNull.uplugin
LogPluginManager: Loaded Plugin OnlineSubsystemOculus, From C:/Program Files/Epic Games/4.13/Engine/Plugins/Online/OnlineSubsystemOculus/OnlineSubsystemOculus.uplugin
LogPluginManager: Loaded Plugin OnlineSubsystemSteam, From C:/Program Files/Epic Games/4.13/Engine/Plugins/Online/OnlineSubsystemSteam/OnlineSubsystemSteam.uplugin
LogPluginManager: Loaded Plugin OnlineSubsystemUtils, From C:/Program Files/Epic Games/4.13/Engine/Plugins/Online/OnlineSubsystemUtils/OnlineSubsystemUtils.uplugin
LogPluginManager: Loaded Plugin IOSTapJoy, From C:/Program Files/Epic Games/4.13/Engine/Plugins/Runtime/Advertising/IOSTapJoy/IOSTapJoy.uplugin
LogPluginManager: Loaded Plugin AnalyticsBlueprintLibrary, From C:/Program Files/Epic Games/4.13/Engine/Plugins/Runtime/Analytics/AnalyticsBlueprintLibrary/AnalyticsBlueprintLibrary.uplugin
LogPluginManager: Loaded Plugin AnalyticsMulticast, From C:/Program Files/Epic Games/4.13/Engine/Plugins/Runtime/Analytics/AnalyticsMulticast/AnalyticsMulticast.uplugin
LogPluginManager: Loaded Plugin Apsalar, From C:/Program Files/Epic Games/4.13/Engine/Plugins/Runtime/Analytics/Apsalar/Apsalar.uplugin
LogPluginManager: Loaded Plugin FileLogging, From C:/Program Files/Epic Games/4.13/Engine/Plugins/Runtime/Analytics/FileLogging/FileLogging.uplugin
LogPluginManager: Loaded Plugin Flurry, From C:/Program Files/Epic Games/4.13/Engine/Plugins/Runtime/Analytics/Flurry/Flurry.uplugin
LogPluginManager: Loaded Plugin AndroidDeviceProfileSelector, From C:/Program Files/Epic Games/4.13/Engine/Plugins/Runtime/AndroidDeviceProfileSelector/AndroidDeviceProfileSelector.uplugin
LogPluginManager: Loaded Plugin AndroidMoviePlayer, From C:/Program Files/Epic Games/4.13/Engine/Plugins/Runtime/AndroidMoviePlayer/AndroidMoviePlayer.uplugin
LogPluginManager: Loaded Plugin AppleMoviePlayer, From C:/Program Files/Epic Games/4.13/Engine/Plugins/Runtime/AppleMoviePlayer/AppleMoviePlayer.uplugin
LogPluginManager: Loaded Plugin ArchVisCharacter, From C:/Program Files/Epic Games/4.13/Engine/Plugins/Runtime/ArchVisCharacter/ArchVisCharacter.uplugin
LogPluginManager: Loaded Plugin CableComponent, From C:/Program Files/Epic Games/4.13/Engine/Plugins/Runtime/CableComponent/CableComponent.uplugin
LogPluginManager: Loaded Plugin CustomMeshComponent, From C:/Program Files/Epic Games/4.13/Engine/Plugins/Runtime/CustomMeshComponent/CustomMeshComponent.uplugin
LogPluginManager: Loaded Plugin ExampleDeviceProfileSelector, From C:/Program Files/Epic Games/4.13/Engine/Plugins/Runtime/ExampleDeviceProfileSelector/ExampleDeviceProfileSelector.uplugin
LogPluginManager: Loaded Plugin GearVR, From C:/Program Files/Epic Games/4.13/Engine/Plugins/Runtime/GearVR/GearVR.uplugin
LogPluginManager: Loaded Plugin GoogleVRController, From C:/Program Files/Epic Games/4.13/Engine/Plugins/Runtime/GoogleVR/GoogleVRController/GoogleVRController.uplugin
LogPluginManager: Loaded Plugin GoogleVRHMD, From C:/Program Files/Epic Games/4.13/Engine/Plugins/Runtime/GoogleVR/GoogleVRHMD/GoogleVRHMD.uplugin
LogPluginManager: Loaded Plugin IOSDeviceProfileSelector, From C:/Program Files/Epic Games/4.13/Engine/Plugins/Runtime/IOSDeviceProfileSelector/IOSDeviceProfileSelector.uplugin
LogPluginManager: Loaded Plugin LeapMotion, From C:/Program Files/Epic Games/4.13/Engine/Plugins/Runtime/LeapMotion/LeapMotion.uplugin
LogPluginManager: Loaded Plugin LinuxDeviceProfileSelector, From C:/Program Files/Epic Games/4.13/Engine/Plugins/Runtime/LinuxDeviceProfileSelector/LinuxDeviceProfileSelector.uplugin
LogPluginManager: Loaded Plugin LiveEditorListenServer, From C:/Program Files/Epic Games/4.13/Engine/Plugins/Runtime/LiveEditorListenServer/LiveEditorListenServer.uplugin
LogPluginManager: Loaded Plugin OculusAudio, From C:/Program Files/Epic Games/4.13/Engine/Plugins/Runtime/OculusAudio/OculusAudio.uplugin
LogPluginManager: Loaded Plugin OculusInput, From C:/Program Files/Epic Games/4.13/Engine/Plugins/Runtime/OculusInput/OculusInput.uplugin
LogPluginManager: Loaded Plugin OculusLibrary, From C:/Program Files/Epic Games/4.13/Engine/Plugins/Runtime/OculusLibrary/OculusLibrary.uplugin
LogPluginManager: Loaded Plugin OculusRift, From C:/Program Files/Epic Games/4.13/Engine/Plugins/Runtime/OculusRift/OculusRift.uplugin
LogPluginManager: Loaded Plugin Oodle, From C:/Program Files/Epic Games/4.13/Engine/Plugins/Runtime/PacketHandlers/CompressionComponents/Oodle/Oodle.uplugin
LogPluginManager: Loaded Plugin ProceduralMeshComponent, From C:/Program Files/Epic Games/4.13/Engine/Plugins/Runtime/ProceduralMeshComponent/ProceduralMeshComponent.uplugin
LogPluginManager: Loaded Plugin SoundMod, From C:/Program Files/Epic Games/4.13/Engine/Plugins/Runtime/SoundMod/SoundMod.uplugin
LogPluginManager: Loaded Plugin SoundVisualizations, From C:/Program Files/Epic Games/4.13/Engine/Plugins/Runtime/SoundVisualizations/SoundVisualizations.uplugin
LogPluginManager: Loaded Plugin SteamController, From C:/Program Files/Epic Games/4.13/Engine/Plugins/Runtime/Steam/SteamController/SteamController.uplugin
LogPluginManager: Loaded Plugin SteamVR, From C:/Program Files/Epic Games/4.13/Engine/Plugins/Runtime/Steam/SteamVR/SteamVR.uplugin
LogPluginManager: Loaded Plugin WebBrowserWidget, From C:/Program Files/Epic Games/4.13/Engine/Plugins/Runtime/WebBrowserWidget/WebBrowserWidget.uplugin
LogPluginManager: Loaded Plugin WindowsDeviceProfileSelector, From C:/Program Files/Epic Games/4.13/Engine/Plugins/Runtime/WindowsDeviceProfileSelector/WindowsDeviceProfileSelector.uplugin
LogPluginManager: Loaded Plugin WindowsMoviePlayer, From C:/Program Files/Epic Games/4.13/Engine/Plugins/Runtime/WindowsMoviePlayer/WindowsMoviePlayer.uplugin
LogPluginManager: Loaded Plugin ScriptPlugin, From C:/Program Files/Epic Games/4.13/Engine/Plugins/ScriptPlugin/ScriptPlugin.uplugin
LogPluginManager: Loaded Plugin SlateRemote, From C:/Program Files/Epic Games/4.13/Engine/Plugins/Slate/SlateRemote/SlateRemote.uplugin
LogPluginManager: Loaded Plugin BLUI, From C:/Users/Seth/Documents/Unreal Projects/MIT_VirtuallyAGenome/Plugins/BLUI/BLUI.uplugin
LogPluginManager: Loaded Plugin VaRestPlugin, From C:/Users/Seth/Documents/Unreal Projects/MIT_VirtuallyAGenome/Plugins/VaRest-1.1-r16/VaRestPlugin.uplugin
LogModuleManager:Warning: Found module file ../../../../../../Users/Seth/Documents/Unreal Projects/MIT_VirtuallyAGenome/Plugins/BLUI/Binaries/Win64/UE4Editor-BluLoader.dll (API version 2927265), but it was incompatible with the current engine API version (3106830). This is likely a stale module that must be recompiled.
LogModuleManager:Warning: Found module file ../../../../../../Users/Seth/Documents/Unreal Projects/MIT_VirtuallyAGenome/Plugins/BLUI/Binaries/Win64/UE4Editor-Blu.dll (API version 2927265), but it was incompatible with the current engine API version (3106830). This is likely a stale module that must be recompiled.
LogInit: Using libcurl 7.47.1
LogInit:  - built for x86_64-pc-win32
LogInit:  - supports SSL with WinSSL
LogInit:  - other features:
LogInit:      CURL_VERSION_SSL
LogInit:      CURL_VERSION_IPV6
LogInit:      CURL_VERSION_ASYNCHDNS
LogInit:      CURL_VERSION_LARGEFILE
LogInit:      CURL_VERSION_IDN
LogInit:  CurlRequestOptions (configurable via config and command line):
LogInit:  - bVerifyPeer = false  - Libcurl will NOT verify peer certificate
LogInit:  - bUseHttpProxy = false  - Libcurl will NOT use HTTP proxy
LogInit:  - bDontReuseConnections = false  - Libcurl will reuse connections
LogInit:  - CertBundlePath = nullptr  - Libcurl will use whatever was configured at build time.
OCULUS: Info: [CAPI] LibOVR module is located at C:\Program Files (x86)\Oculus\Support\oculus-runtime\LibOVRRT64_1.dll
OCULUS: Debug: Connected to the server running version (prod = 1).1.9.0(build = 292703) feature version = 0. Client runs version (prod = 1).1.9.0(build = 292703) feature version = 0
LogInit: Build: ++UE4+Release-4.13-CL-3172292
LogInit: Engine Version: 4.13.2-3172292+++UE4+Release-4.13
LogInit: Compatible Engine Version: 4.13.0-3106830+++UE4+Release-4.13
LogInit: Net CL: 3172292
LogDevObjectVersion: Number of dev versions registered: 13
LogDevObjectVersion:   Dev-Blueprints (B0D832E4-1F89-4F0D-ACCF-7EB736FD4AA2): 5
LogDevObjectVersion:   Dev-Build (E1C64328-A22C-4D53-A36C-8E866417BD8C): 0
LogDevObjectVersion:   Dev-Core (375EC13C-06E4-48FB-B500-84F0262A717E): 1
LogDevObjectVersion:   Dev-Editor (E4B068ED-F494-42E9-A231-DA0B2E46BB41): 6
LogDevObjectVersion:   Dev-Framework (CFFC743F-43B0-4480-9391-14DF171D2073): 12
LogDevObjectVersion:   Dev-Mobile (B02B49B5-BB20-44E9-A304-32B752E40360): 0
LogDevObjectVersion:   Dev-Networking (A4E4105C-59A1-49B5-A7C5-40C4547EDFEE): 0
LogDevObjectVersion:   Dev-Online (39C831C9-5AE6-47DC-9A44-9C173E1C8E7C): 0
LogDevObjectVersion:   Dev-Physics (78F01B33-EBEA-4F98-B9B4-84EACCB95AA2): 0
LogDevObjectVersion:   Dev-Platform (6631380F-2D4D-43E0-8009-CF276956A95A): 0
LogDevObjectVersion:   Dev-Rendering (12F88B9F-8875-4AFC-A67C-D90C383ABD29): 4
LogDevObjectVersion:   Dev-Sequencer (7B5AE74C-D270-4C10-A958-57980B212A5A): 0
LogDevObjectVersion:   Dev-VR (D7296918-1DD6-4BDD-9DE2-64A83CC13884): 0
LogInit: Compiled (64-bit): Oct 24 2016 14:29:06
LogInit: Compiled with Visual C++: 19.00.23026.00
LogInit: Build Configuration: Development
LogInit: Branch Name: ++UE4+Release-4.13
LogInit: Command line:  
LogInit: Base directory: C:/Program Files/Epic Games/4.13/Engine/Binaries/Win64/
LogInit: Installed Engine Build: 1
LogInit: Presizing for max 8388607 objects, including 0 objects not considered by GC, pre-allocating 0 bytes for permanent pool.
LogInit: Object subsystem initialized
[2016.11.07-01.31.16:445][  0]LogConsoleManager:Display: Setting the console variable 'r.RHICmdBypass' with 'SetByProjectSetting' was ignored as it is lower priority than the previous 'SetBySystemSettingsIni'
[2016.11.07-01.31.16:446][  0]LogInit: Selected Device Profile: [Windows]
[2016.11.07-01.31.16:446][  0]LogInit: Applying CVar settings loaded from the selected device profile: [Windows]
[2016.11.07-01.31.16:461][  0]LogInit: Computer: EXPEDITION
[2016.11.07-01.31.16:461][  0]LogInit: User: Seth
[2016.11.07-01.31.16:461][  0]LogInit: CPU Page size=65536, Cores=4
[2016.11.07-01.31.16:461][  0]LogInit: High frequency timer resolution =3.914064 MHz
[2016.11.07-01.31.16:461][  0]LogMemory: Memory total: Physical=15.9GB (16GB approx)
[2016.11.07-01.31.16:461][  0]LogMemory: Platform Memory Stats for Windows
[2016.11.07-01.31.16:461][  0]LogMemory: Process Physical Memory: 268.18 MB used, 268.18 MB peak
[2016.11.07-01.31.16:461][  0]LogMemory: Process Virtual Memory: 266.59 MB used, 266.59 MB peak
[2016.11.07-01.31.16:461][  0]LogMemory: Physical Memory: 8024.58 MB used, 16312.13 MB total
[2016.11.07-01.31.16:461][  0]LogMemory: Virtual Memory: 695.68 MB used, 134217728.00 MB total
[2016.11.07-01.31.16:598][  0]LogTextLocalizationManager: No specific translations for ('en-US') exist, so ('en') translations will be used.
[2016.11.07-01.31.18:091][  0]LogD3D11RHI: D3D11 adapters:
[2016.11.07-01.31.18:108][  0]LogD3D11RHI:    0. 'NVIDIA GeForce GTX 980 Ti' (Feature Level 11_0)
[2016.11.07-01.31.18:108][  0]LogD3D11RHI:       6102/0/8156 MB DedicatedVideo/DedicatedSystem/SharedSystem, Outputs:1, VendorId:0x10de
[2016.11.07-01.31.18:109][  0]LogD3D11RHI:    1. 'Microsoft Basic Render Driver' (Feature Level 11_0)
[2016.11.07-01.31.18:109][  0]LogD3D11RHI:       0/0/8156 MB DedicatedVideo/DedicatedSystem/SharedSystem, Outputs:0, VendorId:0x1414
[2016.11.07-01.31.18:109][  0]LogD3D11RHI: Chosen D3D11 Adapter: 0
[2016.11.07-01.31.18:113][  0]LogD3D11RHI: Creating new Direct3DDevice
[2016.11.07-01.31.18:113][  0]LogD3D11RHI:     GPU DeviceId: 0x17c8 (for the marketing name, search the web for "GPU Device Id")
[2016.11.07-01.31.18:113][  0]LogWindows: EnumDisplayDevices:
[2016.11.07-01.31.18:113][  0]LogWindows:    0. 'NVIDIA GeForce GTX 980 Ti' (P:1 D:1)
[2016.11.07-01.31.18:113][  0]LogWindows:    1. 'NVIDIA GeForce GTX 980 Ti' (P:0 D:0)
[2016.11.07-01.31.18:113][  0]LogWindows:    2. 'NVIDIA GeForce GTX 980 Ti' (P:0 D:0)
[2016.11.07-01.31.18:113][  0]LogWindows:    3. 'NVIDIA GeForce GTX 980 Ti' (P:0 D:0)
[2016.11.07-01.31.18:113][  0]LogWindows: DebugString: FoundDriverCount:4 
[2016.11.07-01.31.18:113][  0]LogD3D11RHI:     Adapter Name: NVIDIA GeForce GTX 980 Ti
[2016.11.07-01.31.18:113][  0]LogD3D11RHI:   Driver Version: 372.70 (internal:21.21.13.7270, unified:372.70)
[2016.11.07-01.31.18:113][  0]LogD3D11RHI:      Driver Date: 8-25-2016
[2016.11.07-01.31.18:113][  0]LogRHI: Texture pool is 1361 MB (70% of 1945 MB)
[2016.11.07-01.31.18:124][  0]LogD3D11RHI: Async texture creation enabled
[2016.11.07-01.31.18:132][  0]LogD3D11RHI: GPU Timing Frequency: 1000.000000 (Debug: 2 1)
[2016.11.07-01.31.18:133][  0]LogShaderCompilers: Guid format shader working directory is -30 characters bigger than the processId version (../../../../../../Users/Seth/Documents/Unreal Projects/MIT_VirtuallyAGenome/Intermediate/Shaders/WorkingDirectory/8732/).
[2016.11.07-01.31.18:133][  0]LogShaderCompilers: Cleaned the shader compiler working directory 'C:/Users/Seth/AppData/Local/Temp/UnrealShaderWorkingDir/433437AC480B9BFC9E2C5CA180111EF7/'.
[2016.11.07-01.31.18:133][  0]LogShaderCompilers:Display: Using Local Shader Compiler.
[2016.11.07-01.31.19:531][  0]LogTemp:Display: Loaded TP AllDesktopTargetPlatform
[2016.11.07-01.31.19:536][  0]LogTemp:Display: Loaded TP WindowsClientTargetPlatform
[2016.11.07-01.31.19:542][  0]LogTemp:Display: Loaded TP WindowsNoEditorTargetPlatform
[2016.11.07-01.31.19:548][  0]LogTemp:Display: Loaded TP WindowsServerTargetPlatform
[2016.11.07-01.31.19:553][  0]LogTemp:Display: Loaded TP WindowsTargetPlatform
[2016.11.07-01.31.19:560][  0]LogTemp:Display: Loaded TP AndroidTargetPlatform
[2016.11.07-01.31.19:564][  0]LogTemp:Display: Loaded TP Android_ASTCTargetPlatform
[2016.11.07-01.31.19:569][  0]LogTemp:Display: Loaded TP Android_ATCTargetPlatform
[2016.11.07-01.31.19:574][  0]LogTemp:Display: Loaded TP Android_DXTTargetPlatform
[2016.11.07-01.31.19:578][  0]LogTemp:Display: Loaded TP Android_ETC1TargetPlatform
[2016.11.07-01.31.19:583][  0]LogTemp:Display: Loaded TP Android_ETC2TargetPlatform
[2016.11.07-01.31.19:592][  0]LogTemp:Display: Loaded TP Android_MultiTargetPlatform
[2016.11.07-01.31.19:592][  0]LogTemp:Display: Loaded TP Android_PVRTCTargetPlatform
[2016.11.07-01.31.19:593][  0]LogTemp:Display: Loaded TP HTML5TargetPlatform
[2016.11.07-01.31.19:627][  0]LogTemp:Display: Loaded TP IOSTargetPlatform
[2016.11.07-01.31.19:632][  0]LogTemp:Display: Loaded TP TVOSTargetPlatform
[2016.11.07-01.31.19:636][  0]LogTemp:Display: Loaded TP LinuxClientTargetPlatform
[2016.11.07-01.31.19:640][  0]LogTemp:Display: Loaded TP LinuxNoEditorTargetPlatform
[2016.11.07-01.31.19:645][  0]LogTemp:Display: Loaded TP LinuxServerTargetPlatform
[2016.11.07-01.31.19:652][  0]LogTemp:Display: Loaded TP LinuxTargetPlatform
[2016.11.07-01.31.19:652][  0]LogTargetPlatformManager:Display: Building Assets For Windows
[2016.11.07-01.31.19:861][  0]LogDerivedDataCache:Display: Max Cache Size: 512 MB
[2016.11.07-01.31.19:914][  0]LogDerivedDataCache: Loaded boot cache 0.05s 67MB C:/Users/Seth/AppData/Local/UnrealEngine/4.13/DerivedDataCache/Boot.ddc.
[2016.11.07-01.31.19:914][  0]LogDerivedDataCache:Display: Loaded Boot cache: C:/Users/Seth/AppData/Local/UnrealEngine/4.13/DerivedDataCache/Boot.ddc
[2016.11.07-01.31.19:914][  0]LogDerivedDataCache: FDerivedDataBackendGraph:  Pak pak cache file ../../../../../../Users/Seth/Documents/Unreal Projects/MIT_VirtuallyAGenome/DerivedDataCache/DDC.ddp not found, will not use a pak cache.
[2016.11.07-01.31.19:914][  0]LogDerivedDataCache: Unable to find inner node Pak for hierarchical cache Hierarchy.
[2016.11.07-01.31.19:914][  0]LogDerivedDataCache: FDerivedDataBackendGraph:  CompressedPak pak cache file ../../../../../../Users/Seth/Documents/Unreal Projects/MIT_VirtuallyAGenome/DerivedDataCache/Compressed.ddp not found, will not use a pak cache.
[2016.11.07-01.31.19:914][  0]LogDerivedDataCache: Unable to find inner node CompressedPak for hierarchical cache Hierarchy.
[2016.11.07-01.31.19:933][  0]LogDerivedDataCache:Display: Pak cache opened for reading ../../../Engine/DerivedDataCache/Compressed.ddp.
[2016.11.07-01.31.19:944][  0]LogDerivedDataCache: Using Local data cache path C:/Users/Seth/AppData/Local/UnrealEngine/Common/DerivedDataCache: Writable
[2016.11.07-01.31.21:513][  0]LogModuleManager:Warning: Found module file ../../../../../../Users/Seth/Documents/Unreal Projects/MIT_VirtuallyAGenome/Plugins/BLUI/Binaries/Win64/UE4Editor-Blu.dll (API version 2927265), but it was incompatible with the current engine API version (3106830). This is likely a stale module that must be recompiled.
[2016.11.07-01.31.21:513][  0]LogModuleManager:Warning: Found module file ../../../../../../Users/Seth/Documents/Unreal Projects/MIT_VirtuallyAGenome/Plugins/BLUI/Binaries/Win64/UE4Editor-BluLoader.dll (API version 2927265), but it was incompatible with the current engine API version (3106830). This is likely a stale module that must be recompiled.
[2016.11.07-01.31.21:618][  0]LogInit: Selected Device Profile: [Windows]
[2016.11.07-01.31.21:619][  0]LogContentStreaming: Texture pool size is 0.00 MB
[2016.11.07-01.31.21:683][  0]LogMeshUtilities: No automatic mesh reduction module available
[2016.11.07-01.31.21:683][  0]LogMeshUtilities: No automatic mesh merging module available
[2016.11.07-01.31.21:683][  0]LogMeshUtilities: No distributed automatic mesh merging module available
[2016.11.07-01.31.21:726][  0]LogMaterial: Uniform references updated for custom material expression Custom.
[2016.11.07-01.31.21:949][  0]LogNetVersion: GetLocalNetworkVersion: CL: 3106830, ProjectName: mit_virtuallyagenome, ProjectVersion: , EngineNetworkVersion: 1, GameNetworkVersion: 0, NetworkChecksum: 4227454381
[2016.11.07-01.31.21:981][  0]LogAssetRegistry: FAssetRegistry took 0.0210 seconds to start up
[2016.11.07-01.31.21:996][  0]LogPackageLocalizationCache: Processed 2 localized package path(s) for 2 prioritized culture(s) in 0.013821 seconds
[2016.11.07-01.31.22:001][  0]LogUObjectArray: 29778 objects as part of root set at end of initial load.
[2016.11.07-01.31.22:001][  0]LogUObjectAllocator: 6125456 out of 0 bytes used by permanent object pool.
[2016.11.07-01.31.22:001][  0]LogUObjectArray: CloseDisregardForGC: 0/0 objects in disregard for GC pool
[2016.11.07-01.31.22:004][  0]LogInit: WinSock: version 1.1 (2.2), MaxSocks=32767, MaxUdp=65467
[2016.11.07-01.31.22:175][  0]LogSlate: SlateFontCache - WITH_FREETYPE: 1, WITH_HARFBUZZ: 1
[2016.11.07-01.31.22:175][  0]LogSlate: SlateFontCache - WITH_FREETYPE: 1, WITH_HARFBUZZ: 1
[2016.11.07-01.31.23:072][  0]LogPackageName:Error: DoesPackageExist: DoesPackageExist FAILED: '/Paper2D/MaskedUnlitSpriteMaterial' is not a standard unreal filename or a long path name. Reason: Path does not start with a valid root. Path must begin with: '/Engine/', '/Game/', '/Config/', '/Script/', or '/Temp/'
[2016.11.07-01.31.23:072][  0]LogLinker:Warning: Can't find file '/Paper2D/MaskedUnlitSpriteMaterial'
[2016.11.07-01.31.23:072][  0]LogPackageName:Error: DoesPackageExist: DoesPackageExist FAILED: '/Paper2D/MaskedUnlitSpriteMaterial' is not a standard unreal filename or a long path name. Reason: Path does not start with a valid root. Path must begin with: '/Engine/', '/Game/', '/Config/', '/Script/', or '/Temp/'
[2016.11.07-01.31.23:072][  0]LogLinker:Warning: Can't find file '/Paper2D/MaskedUnlitSpriteMaterial'
[2016.11.07-01.31.23:072][  0]LogUObjectGlobals:Warning: Failed to find object 'MaterialInterface /Paper2D/MaskedUnlitSpriteMaterial.MaskedUnlitSpriteMaterial'
[2016.11.07-01.31.23:072][  0]Error: CDO Constructor (PaperSprite): Failed to find /Paper2D/MaskedUnlitSpriteMaterial

[2016.11.07-01.31.23:072][  0]LogPackageName:Error: DoesPackageExist: DoesPackageExist FAILED: '/Paper2D/OpaqueUnlitSpriteMaterial' is not a standard unreal filename or a long path name. Reason: Path does not start with a valid root. Path must begin with: '/Engine/', '/Game/', '/Config/', '/Script/', or '/Temp/'
[2016.11.07-01.31.23:072][  0]LogLinker:Warning: Can't find file '/Paper2D/OpaqueUnlitSpriteMaterial'
[2016.11.07-01.31.23:072][  0]LogPackageName:Error: DoesPackageExist: DoesPackageExist FAILED: '/Paper2D/OpaqueUnlitSpriteMaterial' is not a standard unreal filename or a long path name. Reason: Path does not start with a valid root. Path must begin with: '/Engine/', '/Game/', '/Config/', '/Script/', or '/Temp/'
[2016.11.07-01.31.23:072][  0]LogLinker:Warning: Can't find file '/Paper2D/OpaqueUnlitSpriteMaterial'
[2016.11.07-01.31.23:072][  0]LogUObjectGlobals:Warning: Failed to find object 'MaterialInterface /Paper2D/OpaqueUnlitSpriteMaterial.OpaqueUnlitSpriteMaterial'
[2016.11.07-01.31.23:072][  0]Error: CDO Constructor (PaperSprite): Failed to find /Paper2D/OpaqueUnlitSpriteMaterial

[2016.11.07-01.31.23:072][  0]LogPackageName:Error: DoesPackageExist: DoesPackageExist FAILED: '/Paper2D/MaskedUnlitSpriteMaterial' is not a standard unreal filename or a long path name. Reason: Path does not start with a valid root. Path must begin with: '/Engine/', '/Game/', '/Config/', '/Script/', or '/Temp/'
[2016.11.07-01.31.23:072][  0]LogLinker:Warning: Can't find file '/Paper2D/MaskedUnlitSpriteMaterial'
[2016.11.07-01.31.23:072][  0]LogUObjectGlobals:Warning: Failed to find object 'MaterialInterface /Paper2D/MaskedUnlitSpriteMaterial.MaskedUnlitSpriteMaterial'
[2016.11.07-01.31.23:072][  0]Error: CDO Constructor (PaperFlipbook): Failed to find /Paper2D/MaskedUnlitSpriteMaterial

[2016.11.07-01.31.23:073][  0]LogPackageName:Error: DoesPackageExist: DoesPackageExist FAILED: '/Paper2D/DefaultPaperTerrainMaterial' is not a standard unreal filename or a long path name. Reason: Path does not start with a valid root. Path must begin with: '/Engine/', '/Game/', '/Config/', '/Script/', or '/Temp/'
[2016.11.07-01.31.23:073][  0]LogLinker:Warning: Can't find file '/Paper2D/DefaultPaperTerrainMaterial'
[2016.11.07-01.31.23:073][  0]LogPackageName:Error: DoesPackageExist: DoesPackageExist FAILED: '/Paper2D/DefaultPaperTerrainMaterial' is not a standard unreal filename or a long path name. Reason: Path does not start with a valid root. Path must begin with: '/Engine/', '/Game/', '/Config/', '/Script/', or '/Temp/'
[2016.11.07-01.31.23:073][  0]LogLinker:Warning: Can't find file '/Paper2D/DefaultPaperTerrainMaterial'
[2016.11.07-01.31.23:073][  0]LogUObjectGlobals:Warning: Failed to find object 'PaperTerrainMaterial /Paper2D/DefaultPaperTerrainMaterial.DefaultPaperTerrainMaterial'
[2016.11.07-01.31.23:073][  0]Error: CDO Constructor (PaperTerrainComponent): Failed to find /Paper2D/DefaultPaperTerrainMaterial

[2016.11.07-01.31.23:073][  0]LogPackageName:Error: DoesPackageExist: DoesPackageExist FAILED: '/Paper2D/MaskedUnlitSpriteMaterial' is not a standard unreal filename or a long path name. Reason: Path does not start with a valid root. Path must begin with: '/Engine/', '/Game/', '/Config/', '/Script/', or '/Temp/'
[2016.11.07-01.31.23:073][  0]LogLinker:Warning: Can't find file '/Paper2D/MaskedUnlitSpriteMaterial'
[2016.11.07-01.31.23:073][  0]LogUObjectGlobals:Warning: Failed to find object 'MaterialInterface /Paper2D/MaskedUnlitSpriteMaterial.MaskedUnlitSpriteMaterial'
[2016.11.07-01.31.23:073][  0]Error: CDO Constructor (PaperTileMap): Failed to find /Paper2D/MaskedUnlitSpriteMaterial

[2016.11.07-01.31.23:073][  0]LogPackageName:Error: DoesPackageExist: DoesPackageExist FAILED: '/Paper2D/MaskedUnlitSpriteMaterial' is not a standard unreal filename or a long path name. Reason: Path does not start with a valid root. Path must begin with: '/Engine/', '/Game/', '/Config/', '/Script/', or '/Temp/'
[2016.11.07-01.31.23:073][  0]LogLinker:Warning: Can't find file '/Paper2D/MaskedUnlitSpriteMaterial'
[2016.11.07-01.31.23:073][  0]LogUObjectGlobals:Warning: Failed to find object 'MaterialInterface /Paper2D/MaskedUnlitSpriteMaterial.MaskedUnlitSpriteMaterial'
[2016.11.07-01.31.23:073][  0]Error: CDO Constructor (PaperTileMapComponent): Failed to find /Paper2D/MaskedUnlitSpriteMaterial

[2016.11.07-01.31.23:073][  0]LogUObjectBase:Warning: -------------- Default Property warnings and errors:
[2016.11.07-01.31.23:073][  0]LogUObjectBase:Warning: Error: CDO Constructor (PaperSprite): Failed to find /Paper2D/MaskedUnlitSpriteMaterial

[2016.11.07-01.31.23:073][  0]LogUObjectBase:Warning: Error: CDO Constructor (PaperSprite): Failed to find /Paper2D/OpaqueUnlitSpriteMaterial

[2016.11.07-01.31.23:073][  0]LogUObjectBase:Warning: Error: CDO Constructor (PaperFlipbook): Failed to find /Paper2D/MaskedUnlitSpriteMaterial

[2016.11.07-01.31.23:073][  0]LogUObjectBase:Warning: Error: CDO Constructor (PaperTerrainComponent): Failed to find /Paper2D/DefaultPaperTerrainMaterial

[2016.11.07-01.31.23:073][  0]LogUObjectBase:Warning: Error: CDO Constructor (PaperTileMap): Failed to find /Paper2D/MaskedUnlitSpriteMaterial

[2016.11.07-01.31.23:073][  0]LogUObjectBase:Warning: Error: CDO Constructor (PaperTileMapComponent): Failed to find /Paper2D/MaskedUnlitSpriteMaterial

[2016.11.07-01.31.30:865][  0]LogWindowsTextInputMethodSystem:Display: IME system now deactivated.
[2016.11.07-01.31.30:866][  0]LogWindowsTextInputMethodSystem:Display: IME system now deactivated.
[2016.11.07-01.31.30:885][  0]LogTcpMessaging: Initializing TcpMessaging bridge
[2016.11.07-01.31.30:901][  0]LogUdpMessaging: Initializing bridge on interface 0.0.0.0:0 to multicast group 230.0.0.1:6666.
[2016.11.07-01.31.30:959][  0]LogModuleManager:Warning: Found module file C:/Users/Seth/Documents/Unreal Projects/MIT_VirtuallyAGenome/Plugins/BLUI/Binaries/Win64/UE4Editor-BluLoader.dll (API version 2927265), but it was incompatible with the current engine API version (3106830). This is likely a stale module that must be recompiled.
[2016.11.07-01.31.30:963][  0]LogModuleManager:Warning: Found module file C:/Users/Seth/Documents/Unreal Projects/MIT_VirtuallyAGenome/Plugins/BLUI/Binaries/Win64/UE4Editor-Blu.dll (API version 2927265), but it was incompatible with the current engine API version (3106830). This is likely a stale module that must be recompiled.
[2016.11.07-01.31.36:549][  0]LogWindowsTextInputMethodSystem:Display: IME system now deactivated.
[2016.11.07-01.31.36:551][  0]LogWindowsTextInputMethodSystem:Display: IME system now deactivated.
[2016.11.07-01.31.36:566][  0]LogExit: Preparing to exit.
[2016.11.07-01.31.37:045][  0]LogObj: Freed 0b from 0 cluster array pools.
[2016.11.07-01.31.37:045][  0]LogExit: Object subsystem successfully closed.
[2016.11.07-01.31.37:050][  0]LogD3D11RHI: Shutdown
[2016.11.07-01.31.37:050][  0]LogD3D11RHI: CleanupD3DDevice
[2016.11.07-01.31.37:074][  0]LogD3D11RHI: ~FD3D11DynamicRHI
[2016.11.07-01.31.37:078][  0]LogModuleManager: Shutting down and abandoning module HotReload (100)
[2016.11.07-01.31.37:078][  0]LogModuleManager: Shutting down and abandoning module UdpMessaging (97)
[2016.11.07-01.31.37:179][  0]LogModuleManager: Shutting down and abandoning module TcpMessaging (96)
[2016.11.07-01.31.37:887][  0]LogModuleManager: Shutting down and abandoning module VaRestPlugin (95)
[2016.11.07-01.31.37:887][  0]LogModuleManager: Shutting down and abandoning module LightPropagationVolumeRuntime (94)
[2016.11.07-01.31.37:887][  0]LogModuleManager: Shutting down and abandoning module Paper2D (93)
[2016.11.07-01.31.37:887][  0]LogModuleManager: Shutting down and abandoning module WindowsMoviePlayer (92)
[2016.11.07-01.31.37:887][  0]LogModuleManager: Shutting down and abandoning module WmfMedia (91)
[2016.11.07-01.31.37:887][  0]LogModuleManager: Shutting down and abandoning module MediaAssets (90)
[2016.11.07-01.31.37:888][  0]LogModuleManager: Shutting down and abandoning module GameLiveStreaming (89)
[2016.11.07-01.31.37:888][  0]LogModuleManager: Shutting down and abandoning module GameplayTagsEditor (88)
[2016.11.07-01.31.37:888][  0]LogModuleManager: Shutting down and abandoning module VREditor (87)
[2016.11.07-01.31.37:888][  0]LogModuleManager: Shutting down and abandoning module GameplayTasksEditor (86)
[2016.11.07-01.31.37:888][  0]LogModuleManager: Shutting down and abandoning module PropertyEditor (85)
[2016.11.07-01.31.37:888][  0]LogModuleManager: Shutting down and abandoning module BehaviorTreeEditor (84)
[2016.11.07-01.31.37:888][  0]LogModuleManager: Shutting down and abandoning module FunctionalTesting (83)
[2016.11.07-01.31.37:888][  0]LogModuleManager: Shutting down and abandoning module CollisionAnalyzer (82)
[2016.11.07-01.31.37:888][  0]LogModuleManager: Shutting down and abandoning module Sequencer (81)
[2016.11.07-01.31.37:888][  0]LogModuleManager: Shutting down and abandoning module WorkspaceMenuStructure (80)
[2016.11.07-01.31.37:888][  0]LogModuleManager: Shutting down and abandoning module MessageLog (79)
[2016.11.07-01.31.37:888][  0]LogModuleManager: Shutting down and abandoning module AssetTools (78)
[2016.11.07-01.31.37:888][  0]LogModuleManager: Shutting down and abandoning module UMGEditor (77)
[2016.11.07-01.31.37:888][  0]LogModuleManager: Shutting down and abandoning module UMG (76)
[2016.11.07-01.31.37:888][  0]LogModuleManager: Shutting down and abandoning module SlateReflector (75)
[2016.11.07-01.31.37:888][  0]LogModuleManager: Shutting down and abandoning module Slate (74)
[2016.11.07-01.31.37:888][  0]LogModuleManager: Shutting down and abandoning module EditorStyle (73)
[2016.11.07-01.31.37:890][  0]LogModuleManager: Shutting down and abandoning module SourceCodeAccess (72)
[2016.11.07-01.31.37:890][  0]LogModuleManager: Shutting down and abandoning module HeadMountedDisplay (71)
[2016.11.07-01.31.37:890][  0]LogModuleManager: Shutting down and abandoning module XAudio2 (70)
[2016.11.07-01.31.37:890][  0]LogModuleManager: Shutting down and abandoning module Networking (68)
[2016.11.07-01.31.37:890][  0]LogModuleManager: Shutting down and abandoning module Core (67)
[2016.11.07-01.31.37:890][  0]LogModuleManager: Shutting down and abandoning module DirectoryWatcher (66)
[2016.11.07-01.31.37:890][  0]LogDirectoryWatcher: A directory notification for '../../../Engine/Content/' was aborted.
[2016.11.07-01.31.37:890][  0]LogDirectoryWatcher: A directory notification for '../../../../../../Users/Seth/Documents/Unreal Projects/MIT_VirtuallyAGenome/Content/' was aborted.
[2016.11.07-01.31.37:890][  0]LogModuleManager: Shutting down and abandoning module AssetRegistry (65)
[2016.11.07-01.31.38:004][  0]LogModuleManager: Shutting down and abandoning module KismetCompiler (64)
[2016.11.07-01.31.38:004][  0]LogModuleManager: Shutting down and abandoning module PhysXFormats (63)
[2016.11.07-01.31.38:004][  0]LogModuleManager: Shutting down and abandoning module MeshUtilities (62)
[2016.11.07-01.31.38:004][  0]LogModuleManager: Shutting down and abandoning module DerivedDataCache (61)
[2016.11.07-01.31.38:445][  0]LogDerivedDataCache: Shutdown
[2016.11.07-01.31.38:445][  0]LogModuleManager: Shutting down and abandoning module VulkanShaderFormat (60)
[2016.11.07-01.31.38:445][  0]LogModuleManager: Shutting down and abandoning module ShaderFormatOpenGL (59)
[2016.11.07-01.31.38:445][  0]LogModuleManager: Shutting down and abandoning module ShaderFormatD3D (58)
[2016.11.07-01.31.38:445][  0]LogModuleManager: Shutting down and abandoning module MetalShaderFormat (57)
[2016.11.07-01.31.38:445][  0]LogModuleManager: Shutting down and abandoning module TextureFormatUncompressed (56)
[2016.11.07-01.31.38:445][  0]LogModuleManager: Shutting down and abandoning module TextureFormatPVR (55)
[2016.11.07-01.31.38:445][  0]LogModuleManager: Shutting down and abandoning module TextureFormatDXT (54)
[2016.11.07-01.31.38:445][  0]LogModuleManager: Shutting down and abandoning module TextureFormatIntelISPCTexComp (53)
[2016.11.07-01.31.38:446][  0]LogModuleManager: Shutting down and abandoning module ImageWrapper (52)
[2016.11.07-01.31.38:446][  0]LogModuleManager: Shutting down and abandoning module TextureFormatASTC (51)
[2016.11.07-01.31.38:446][  0]LogModuleManager: Shutting down and abandoning module TextureFormatAndroid (50)
[2016.11.07-01.31.38:446][  0]LogModuleManager: Shutting down and abandoning module AudioFormatOpus (49)
[2016.11.07-01.31.38:446][  0]LogModuleManager: Shutting down and abandoning module AudioFormatOgg (48)
[2016.11.07-01.31.38:446][  0]LogModuleManager: Shutting down and abandoning module AudioFormatADPCM (47)
[2016.11.07-01.31.38:446][  0]LogModuleManager: Shutting down and abandoning module LinuxTargetPlatform (46)
[2016.11.07-01.31.38:446][  0]LogModuleManager: Shutting down and abandoning module LinuxServerTargetPlatform (45)
[2016.11.07-01.31.38:446][  0]LogModuleManager: Shutting down and abandoning module LinuxNoEditorTargetPlatform (44)
[2016.11.07-01.31.38:446][  0]LogModuleManager: Shutting down and abandoning module LinuxClientTargetPlatform (43)
[2016.11.07-01.31.38:446][  0]LogModuleManager: Shutting down and abandoning module TVOSTargetPlatform (42)
[2016.11.07-01.31.38:446][  0]LogModuleManager: Shutting down and abandoning module Messaging (41)
[2016.11.07-01.31.38:446][  0]LogModuleManager: Shutting down and abandoning module IOSTargetPlatform (40)
[2016.11.07-01.31.38:446][  0]LogModuleManager: Shutting down and abandoning module HTML5TargetPlatform (39)
[2016.11.07-01.31.38:446][  0]LogModuleManager: Shutting down and abandoning module Android_PVRTCTargetPlatform (38)
[2016.11.07-01.31.38:446][  0]LogModuleManager: Shutting down and abandoning module Android_MultiTargetPlatform (37)
[2016.11.07-01.31.38:446][  0]LogModuleManager: Shutting down and abandoning module Android_ETC2TargetPlatform (36)
[2016.11.07-01.31.38:446][  0]LogModuleManager: Shutting down and abandoning module Android_ETC1TargetPlatform (35)
[2016.11.07-01.31.38:446][  0]LogModuleManager: Shutting down and abandoning module Android_DXTTargetPlatform (34)
[2016.11.07-01.31.38:446][  0]LogModuleManager: Shutting down and abandoning module Android_ATCTargetPlatform (33)
[2016.11.07-01.31.38:446][  0]LogModuleManager: Shutting down and abandoning module Android_ASTCTargetPlatform (32)
[2016.11.07-01.31.38:446][  0]LogModuleManager: Shutting down and abandoning module AndroidTargetPlatform (31)
[2016.11.07-01.31.38:446][  0]LogModuleManager: Shutting down and abandoning module WindowsTargetPlatform (30)
[2016.11.07-01.31.38:446][  0]LogModuleManager: Shutting down and abandoning module WindowsServerTargetPlatform (29)
[2016.11.07-01.31.38:446][  0]LogModuleManager: Shutting down and abandoning module WindowsNoEditorTargetPlatform (28)
[2016.11.07-01.31.38:446][  0]LogModuleManager: Shutting down and abandoning module WindowsClientTargetPlatform (27)
[2016.11.07-01.31.38:446][  0]LogModuleManager: Shutting down and abandoning module AllDesktopTargetPlatform (26)
[2016.11.07-01.31.38:446][  0]LogModuleManager: Shutting down and abandoning module TargetPlatform (25)
[2016.11.07-01.31.38:446][  0]LogModuleManager: Shutting down and abandoning module InputCore (24)
[2016.11.07-01.31.38:446][  0]LogModuleManager: Shutting down and abandoning module Settings (23)
[2016.11.07-01.31.38:446][  0]LogModuleManager: Shutting down and abandoning module OculusRift (22)
[2016.11.07-01.31.38:446][  0]LogHMD: Oculus shutdown.
[2016.11.07-01.31.38:446][  0]LogModuleManager: Shutting down and abandoning module GearVR (21)
[2016.11.07-01.31.38:446][  0]LogModuleManager: Shutting down and abandoning module ExampleDeviceProfileSelector (20)
[2016.11.07-01.31.38:446][  0]LogModuleManager: Shutting down and abandoning module OnlineBlueprintSupport (19)
[2016.11.07-01.31.38:446][  0]LogModuleManager: Shutting down and abandoning module OnlineSubsystem (17)
[2016.11.07-01.31.38:446][  0]LogModuleManager: Shutting down and abandoning module HTTP (16)
[2016.11.07-01.31.38:471][  0]LogModuleManager: Shutting down and abandoning module XMPP (15)
[2016.11.07-01.31.38:471][  0]LogModuleManager: Shutting down and abandoning module TextureCompressor (14)
[2016.11.07-01.31.38:471][  0]LogModuleManager: Shutting down and abandoning module ShaderCore (13)
[2016.11.07-01.31.38:471][  0]LogModuleManager: Shutting down and abandoning module Landscape (12)
[2016.11.07-01.31.38:471][  0]LogModuleManager: Shutting down and abandoning module SlateRHIRenderer (11)
[2016.11.07-01.31.38:472][  0]LogModuleManager: Shutting down and abandoning module OpenGLDrv (10)
[2016.11.07-01.31.38:472][  0]LogModuleManager: Shutting down and abandoning module D3D11RHI (9)
[2016.11.07-01.31.38:472][  0]LogModuleManager: Shutting down and abandoning module AnimGraphRuntime (8)
[2016.11.07-01.31.38:472][  0]LogModuleManager: Shutting down and abandoning module Renderer (7)
[2016.11.07-01.31.38:472][  0]LogModuleManager: Shutting down and abandoning module Engine (6)
[2016.11.07-01.31.38:472][  0]LogModuleManager: Shutting down and abandoning module CoreUObject (5)
[2016.11.07-01.31.38:472][  0]LogModuleManager: Shutting down and abandoning module NetworkFile (4)
[2016.11.07-01.31.38:472][  0]LogModuleManager: Shutting down and abandoning module StreamingFile (3)
[2016.11.07-01.31.38:472][  0]LogModuleManager: Shutting down and abandoning module SandboxFile (2)
[2016.11.07-01.31.38:472][  0]LogModuleManager: Shutting down and abandoning module PakFile (1)
[2016.11.07-01.31.38:473][  0]LogExit: Exiting.
[2016.11.07-01.31.38:481][  0]Log file closed, 11/06/16 20:31:38
