Log file open, 12/07/16 08:59:18
LogInit:Display: Running engine for game: MIT_VirtuallyAGenome
LogPlatformFile: Not using cached read wrapper
LogInit:Display: RandInit(1138788373) SRandInit(1138788373).
LogTaskGraph: Started task graph with 5 named threads and 8 total threads with 1 sets of task threads.
LogStats: Stats thread started at 0.094505
LogPluginManager: Loaded Plugin Paper2D, From C:/Program Files/Epic Games/4.13/Engine/Plugins/2D/Paper2D/Paper2D.uplugin
LogPluginManager: Loaded Plugin LightPropagationVolume, From C:/Program Files/Epic Games/4.13/Engine/Plugins/Blendables/LightPropagationVolume/LightPropagationVolume.uplugin
LogPluginManager: Loaded Plugin BlankPlugin, From C:/Program Files/Epic Games/4.13/Engine/Plugins/Developer/BlankPlugin/BlankPlugin.uplugin
LogPluginManager: Loaded Plugin CodeLiteSourceCodeAccess, From C:/Program Files/Epic Games/4.13/Engine/Plugins/Developer/CodeLiteSourceCodeAccess/CodeLiteSourceCodeAccess.uplugin
LogPluginManager: Loaded Plugin GitSourceControl, From C:/Program Files/Epic Games/4.13/Engine/Plugins/Developer/GitSourceControl/GitSourceControl.uplugin
LogPluginManager: Loaded Plugin KDevelopSourceCodeAccess, From C:/Program Files/Epic Games/4.13/Engine/Plugins/Developer/KDevelopSourceCodeAccess/KDevelopSourceCodeAccess.uplugin
LogPluginManager: Loaded Plugin NullSourceCodeAccess, From C:/Program Files/Epic Games/4.13/Engine/Plugins/Developer/NullSourceCodeAccess/NullSourceCodeAccess.uplugin
LogPluginManager: Loaded Plugin OneSkyLocalizationService, From C:/Program Files/Epic Games/4.13/Engine/Plugins/Developer/OneSkyLocalizationService/OneSkyLocalizationService.uplugin
LogPluginManager: Loaded Plugin PerforceSourceControl, From C:/Program Files/Epic Games/4.13/Engine/Plugins/Developer/PerforceSourceControl/PerforceSourceControl.uplugin
LogPluginManager: Loaded Plugin SubversionSourceControl, From C:/Program Files/Epic Games/4.13/Engine/Plugins/Developer/SubversionSourceControl/SubversionSourceControl.uplugin
LogPluginManager: Loaded Plugin UObjectPlugin, From C:/Program Files/Epic Games/4.13/Engine/Plugins/Developer/UObjectPlugin/UObjectPlugin.uplugin
LogPluginManager: Loaded Plugin VisualStudioSourceCodeAccess, From C:/Program Files/Epic Games/4.13/Engine/Plugins/Developer/VisualStudioSourceCodeAccess/VisualStudioSourceCodeAccess.uplugin
LogPluginManager: Loaded Plugin XCodeSourceCodeAccess, From C:/Program Files/Epic Games/4.13/Engine/Plugins/Developer/XCodeSourceCodeAccess/XCodeSourceCodeAccess.uplugin
LogPluginManager: Loaded Plugin EpicSurvey, From C:/Program Files/Epic Games/4.13/Engine/Plugins/Editor/EpicSurvey/EpicSurvey.uplugin
LogPluginManager: Loaded Plugin MacGraphicsSwitching, From C:/Program Files/Epic Games/4.13/Engine/Plugins/Editor/MacGraphicsSwitching/MacGraphicsSwitching.uplugin
LogPluginManager: Loaded Plugin MobileLauncherProfileWizard, From C:/Program Files/Epic Games/4.13/Engine/Plugins/Editor/MobileLauncherProfileWizard/MobileLauncherProfileWizard.uplugin
LogPluginManager: Loaded Plugin PluginBrowser, From C:/Program Files/Epic Games/4.13/Engine/Plugins/Editor/PluginBrowser/PluginBrowser.uplugin
LogPluginManager: Loaded Plugin SpeedTreeImporter, From C:/Program Files/Epic Games/4.13/Engine/Plugins/Editor/SpeedTreeImporter/SpeedTreeImporter.uplugin
LogPluginManager: Loaded Plugin SuperSearchEditor, From C:/Program Files/Epic Games/4.13/Engine/Plugins/Editor/SuperSearchEditor/SuperSearchEditor.uplugin
LogPluginManager: Loaded Plugin AlembicImporter, From C:/Program Files/Epic Games/4.13/Engine/Plugins/Experimental/AlembicImporter/AlembicImporter.uplugin
LogPluginManager: Loaded Plugin BlueprintStats, From C:/Program Files/Epic Games/4.13/Engine/Plugins/Experimental/BlueprintStats/BlueprintStats.uplugin
LogPluginManager: Loaded Plugin CharacterAI, From C:/Program Files/Epic Games/4.13/Engine/Plugins/Experimental/CharacterAI/CharacterAI.uplugin
LogPluginManager: Loaded Plugin CodeEditor, From C:/Program Files/Epic Games/4.13/Engine/Plugins/Experimental/CodeEditor/CodeEditor.uplugin
LogPluginManager: Loaded Plugin CodeView, From C:/Program Files/Epic Games/4.13/Engine/Plugins/Experimental/CodeView/CodeView.uplugin
LogPluginManager: Loaded Plugin HTML5Networking, From C:/Program Files/Epic Games/4.13/Engine/Plugins/Experimental/HTML5Networking/HTML5Networking.uplugin
LogPluginManager: Loaded Plugin LiveEditor, From C:/Program Files/Epic Games/4.13/Engine/Plugins/Experimental/LiveEditor/LiveEditor.uplugin
LogPluginManager: Loaded Plugin OSVR, From C:/Program Files/Epic Games/4.13/Engine/Plugins/Experimental/OSVR/OSVR.uplugin
LogPluginManager: Loaded Plugin Phya, From C:/Program Files/Epic Games/4.13/Engine/Plugins/Experimental/Phya/Phya.uplugin
LogPluginManager: Loaded Plugin SignificanceManager, From C:/Program Files/Epic Games/4.13/Engine/Plugins/Experimental/SignificanceManager/SignificanceManager.uplugin
LogPluginManager: Loaded Plugin SimpleHMD, From C:/Program Files/Epic Games/4.13/Engine/Plugins/Experimental/SimpleHMD/SimpleHMD.uplugin
LogPluginManager: Loaded Plugin StereoPanorama, From C:/Program Files/Epic Games/4.13/Engine/Plugins/Experimental/StereoPanorama/StereoPanorama.uplugin
LogPluginManager: Loaded Plugin StructBox, From C:/Program Files/Epic Games/4.13/Engine/Plugins/Experimental/StructBox/StructBox.uplugin
LogPluginManager: Loaded Plugin VaRestPlugin, From C:/Program Files/Epic Games/4.13/Engine/Plugins/Marketplace/VaRestPlugin/VaRestPlugin.uplugin
LogPluginManager: Loaded Plugin AndroidMedia, From C:/Program Files/Epic Games/4.13/Engine/Plugins/Media/AndroidMedia/AndroidMedia.uplugin
LogPluginManager: Loaded Plugin AvfMedia, From C:/Program Files/Epic Games/4.13/Engine/Plugins/Media/AvfMedia/AvfMedia.uplugin
LogPluginManager: Loaded Plugin MediaPlayerEditor, From C:/Program Files/Epic Games/4.13/Engine/Plugins/Media/MediaPlayerEditor/MediaPlayerEditor.uplugin
LogPluginManager: Loaded Plugin WmfMedia, From C:/Program Files/Epic Games/4.13/Engine/Plugins/Media/WmfMedia/WmfMedia.uplugin
LogPluginManager: Loaded Plugin MessagingDebugger, From C:/Program Files/Epic Games/4.13/Engine/Plugins/Messaging/MessagingDebugger/MessagingDebugger.uplugin
LogPluginManager: Loaded Plugin TcpMessaging, From C:/Program Files/Epic Games/4.13/Engine/Plugins/Messaging/TcpMessaging/TcpMessaging.uplugin
LogPluginManager: Loaded Plugin UdpMessaging, From C:/Program Files/Epic Games/4.13/Engine/Plugins/Messaging/UdpMessaging/UdpMessaging.uplugin
LogPluginManager: Loaded Plugin LevelSequenceEditor, From C:/Program Files/Epic Games/4.13/Engine/Plugins/MovieScene/LevelSequenceEditor/LevelSequenceEditor.uplugin
LogPluginManager: Loaded Plugin MatineeToLevelSequence, From C:/Program Files/Epic Games/4.13/Engine/Plugins/MovieScene/MatineeToLevelSequence/MatineeToLevelSequence.uplugin
LogPluginManager: Loaded Plugin NetcodeUnitTest, From C:/Program Files/Epic Games/4.13/Engine/Plugins/NetcodeUnitTest/NetcodeUnitTest/NetcodeUnitTest.uplugin
LogPluginManager: Loaded Plugin NUTUnrealEngine4, From C:/Program Files/Epic Games/4.13/Engine/Plugins/NetcodeUnitTest/NUTUnrealEngine4/NUTUnrealEngine4.uplugin
LogPluginManager: Loaded Plugin OnlineSubsystemGooglePlay, From C:/Program Files/Epic Games/4.13/Engine/Plugins/Online/Android/OnlineSubsystemGooglePlay/OnlineSubsystemGooglePlay.uplugin
LogPluginManager: Loaded Plugin OnlineSubsystemIOS, From C:/Program Files/Epic Games/4.13/Engine/Plugins/Online/IOS/OnlineSubsystemIOS/OnlineSubsystemIOS.uplugin
LogPluginManager: Loaded Plugin OnlineFramework, From C:/Program Files/Epic Games/4.13/Engine/Plugins/Online/OnlineFramework/OnlineFramework.uplugin
LogPluginManager: Loaded Plugin OnlineSubsystem, From C:/Program Files/Epic Games/4.13/Engine/Plugins/Online/OnlineSubsystem/OnlineSubsystem.uplugin
LogPluginManager: Loaded Plugin OnlineSubsystemAmazon, From C:/Program Files/Epic Games/4.13/Engine/Plugins/Online/OnlineSubsystemAmazon/OnlineSubsystemAmazon.uplugin
LogPluginManager: Loaded Plugin OnlineSubsystemFacebook, From C:/Program Files/Epic Games/4.13/Engine/Plugins/Online/OnlineSubsystemFacebook/OnlineSubsystemFacebook.uplugin
LogPluginManager: Loaded Plugin OnlineSubsystemNull, From C:/Program Files/Epic Games/4.13/Engine/Plugins/Online/OnlineSubsystemNull/OnlineSubsystemNull.uplugin
LogPluginManager: Loaded Plugin OnlineSubsystemOculus, From C:/Program Files/Epic Games/4.13/Engine/Plugins/Online/OnlineSubsystemOculus/OnlineSubsystemOculus.uplugin
LogPluginManager: Loaded Plugin OnlineSubsystemSteam, From C:/Program Files/Epic Games/4.13/Engine/Plugins/Online/OnlineSubsystemSteam/OnlineSubsystemSteam.uplugin
LogPluginManager: Loaded Plugin OnlineSubsystemUtils, From C:/Program Files/Epic Games/4.13/Engine/Plugins/Online/OnlineSubsystemUtils/OnlineSubsystemUtils.uplugin
LogPluginManager: Loaded Plugin IOSTapJoy, From C:/Program Files/Epic Games/4.13/Engine/Plugins/Runtime/Advertising/IOSTapJoy/IOSTapJoy.uplugin
LogPluginManager: Loaded Plugin AnalyticsBlueprintLibrary, From C:/Program Files/Epic Games/4.13/Engine/Plugins/Runtime/Analytics/AnalyticsBlueprintLibrary/AnalyticsBlueprintLibrary.uplugin
LogPluginManager: Loaded Plugin AnalyticsMulticast, From C:/Program Files/Epic Games/4.13/Engine/Plugins/Runtime/Analytics/AnalyticsMulticast/AnalyticsMulticast.uplugin
LogPluginManager: Loaded Plugin Apsalar, From C:/Program Files/Epic Games/4.13/Engine/Plugins/Runtime/Analytics/Apsalar/Apsalar.uplugin
LogPluginManager: Loaded Plugin FileLogging, From C:/Program Files/Epic Games/4.13/Engine/Plugins/Runtime/Analytics/FileLogging/FileLogging.uplugin
LogPluginManager: Loaded Plugin Flurry, From C:/Program Files/Epic Games/4.13/Engine/Plugins/Runtime/Analytics/Flurry/Flurry.uplugin
LogPluginManager: Loaded Plugin AndroidDeviceProfileSelector, From C:/Program Files/Epic Games/4.13/Engine/Plugins/Runtime/AndroidDeviceProfileSelector/AndroidDeviceProfileSelector.uplugin
LogPluginManager: Loaded Plugin AndroidMoviePlayer, From C:/Program Files/Epic Games/4.13/Engine/Plugins/Runtime/AndroidMoviePlayer/AndroidMoviePlayer.uplugin
LogPluginManager: Loaded Plugin AppleMoviePlayer, From C:/Program Files/Epic Games/4.13/Engine/Plugins/Runtime/AppleMoviePlayer/AppleMoviePlayer.uplugin
LogPluginManager: Loaded Plugin ArchVisCharacter, From C:/Program Files/Epic Games/4.13/Engine/Plugins/Runtime/ArchVisCharacter/ArchVisCharacter.uplugin
LogPluginManager: Loaded Plugin CableComponent, From C:/Program Files/Epic Games/4.13/Engine/Plugins/Runtime/CableComponent/CableComponent.uplugin
LogPluginManager: Loaded Plugin CustomMeshComponent, From C:/Program Files/Epic Games/4.13/Engine/Plugins/Runtime/CustomMeshComponent/CustomMeshComponent.uplugin
LogPluginManager: Loaded Plugin ExampleDeviceProfileSelector, From C:/Program Files/Epic Games/4.13/Engine/Plugins/Runtime/ExampleDeviceProfileSelector/ExampleDeviceProfileSelector.uplugin
LogPluginManager: Loaded Plugin GearVR, From C:/Program Files/Epic Games/4.13/Engine/Plugins/Runtime/GearVR/GearVR.uplugin
LogPluginManager: Loaded Plugin GoogleVRController, From C:/Program Files/Epic Games/4.13/Engine/Plugins/Runtime/GoogleVR/GoogleVRController/GoogleVRController.uplugin
LogPluginManager: Loaded Plugin GoogleVRHMD, From C:/Program Files/Epic Games/4.13/Engine/Plugins/Runtime/GoogleVR/GoogleVRHMD/GoogleVRHMD.uplugin
LogPluginManager: Loaded Plugin IOSDeviceProfileSelector, From C:/Program Files/Epic Games/4.13/Engine/Plugins/Runtime/IOSDeviceProfileSelector/IOSDeviceProfileSelector.uplugin
LogPluginManager: Loaded Plugin LeapMotion, From C:/Program Files/Epic Games/4.13/Engine/Plugins/Runtime/LeapMotion/LeapMotion.uplugin
LogPluginManager: Loaded Plugin LinuxDeviceProfileSelector, From C:/Program Files/Epic Games/4.13/Engine/Plugins/Runtime/LinuxDeviceProfileSelector/LinuxDeviceProfileSelector.uplugin
LogPluginManager: Loaded Plugin LiveEditorListenServer, From C:/Program Files/Epic Games/4.13/Engine/Plugins/Runtime/LiveEditorListenServer/LiveEditorListenServer.uplugin
LogPluginManager: Loaded Plugin OculusAudio, From C:/Program Files/Epic Games/4.13/Engine/Plugins/Runtime/OculusAudio/OculusAudio.uplugin
LogPluginManager: Loaded Plugin OculusInput, From C:/Program Files/Epic Games/4.13/Engine/Plugins/Runtime/OculusInput/OculusInput.uplugin
LogPluginManager: Loaded Plugin OculusLibrary, From C:/Program Files/Epic Games/4.13/Engine/Plugins/Runtime/OculusLibrary/OculusLibrary.uplugin
LogPluginManager: Loaded Plugin OculusRift, From C:/Program Files/Epic Games/4.13/Engine/Plugins/Runtime/OculusRift/OculusRift.uplugin
LogPluginManager: Loaded Plugin Oodle, From C:/Program Files/Epic Games/4.13/Engine/Plugins/Runtime/PacketHandlers/CompressionComponents/Oodle/Oodle.uplugin
LogPluginManager: Loaded Plugin ProceduralMeshComponent, From C:/Program Files/Epic Games/4.13/Engine/Plugins/Runtime/ProceduralMeshComponent/ProceduralMeshComponent.uplugin
LogPluginManager: Loaded Plugin SoundMod, From C:/Program Files/Epic Games/4.13/Engine/Plugins/Runtime/SoundMod/SoundMod.uplugin
LogPluginManager: Loaded Plugin SoundVisualizations, From C:/Program Files/Epic Games/4.13/Engine/Plugins/Runtime/SoundVisualizations/SoundVisualizations.uplugin
LogPluginManager: Loaded Plugin SteamController, From C:/Program Files/Epic Games/4.13/Engine/Plugins/Runtime/Steam/SteamController/SteamController.uplugin
LogPluginManager: Loaded Plugin SteamVR, From C:/Program Files/Epic Games/4.13/Engine/Plugins/Runtime/Steam/SteamVR/SteamVR.uplugin
LogPluginManager: Loaded Plugin WebBrowserWidget, From C:/Program Files/Epic Games/4.13/Engine/Plugins/Runtime/WebBrowserWidget/WebBrowserWidget.uplugin
LogPluginManager: Loaded Plugin WindowsDeviceProfileSelector, From C:/Program Files/Epic Games/4.13/Engine/Plugins/Runtime/WindowsDeviceProfileSelector/WindowsDeviceProfileSelector.uplugin
LogPluginManager: Loaded Plugin WindowsMoviePlayer, From C:/Program Files/Epic Games/4.13/Engine/Plugins/Runtime/WindowsMoviePlayer/WindowsMoviePlayer.uplugin
LogPluginManager: Loaded Plugin ScriptPlugin, From C:/Program Files/Epic Games/4.13/Engine/Plugins/ScriptPlugin/ScriptPlugin.uplugin
LogPluginManager: Loaded Plugin SlateRemote, From C:/Program Files/Epic Games/4.13/Engine/Plugins/Slate/SlateRemote/SlateRemote.uplugin
LogPluginManager: Loaded Plugin VaRestPlugin, From C:/Users/spers/Documents/GitHub/VirtuallyAGenome/UE4_VirtuallyAGenome/Plugins/VaRest-1.1-r16/VaRestPlugin.uplugin
LogInit: Using libcurl 7.47.1
LogInit:  - built for x86_64-pc-win32
LogInit:  - supports SSL with WinSSL
LogInit:  - other features:
LogInit:      CURL_VERSION_SSL
LogInit:      CURL_VERSION_IPV6
LogInit:      CURL_VERSION_ASYNCHDNS
LogInit:      CURL_VERSION_LARGEFILE
LogInit:      CURL_VERSION_IDN
LogInit:  CurlRequestOptions (configurable via config and command line):
LogInit:  - bVerifyPeer = false  - Libcurl will NOT verify peer certificate
LogInit:  - bUseHttpProxy = false  - Libcurl will NOT use HTTP proxy
LogInit:  - bDontReuseConnections = false  - Libcurl will reuse connections
LogInit:  - CertBundlePath = nullptr  - Libcurl will use whatever was configured at build time.
OCULUS: Info: [CAPI] LibOVR module is located at C:\Program Files (x86)\Oculus\Support\oculus-runtime\LibOVRRT64_1.dll
OCULUS: Debug: Connected to the server running version (prod = 1).1.10.1(build = 315393) feature version = 0. Client runs version (prod = 1).1.10.1(build = 315393) feature version = 0
LogInit: Build: ++UE4+Release-4.13-CL-3172292
LogInit: Engine Version: 4.13.2-3172292+++UE4+Release-4.13
LogInit: Compatible Engine Version: 4.13.0-3106830+++UE4+Release-4.13
LogInit: Net CL: 3172292
LogDevObjectVersion: Number of dev versions registered: 13
LogDevObjectVersion:   Dev-Blueprints (B0D832E4-1F89-4F0D-ACCF-7EB736FD4AA2): 5
LogDevObjectVersion:   Dev-Build (E1C64328-A22C-4D53-A36C-8E866417BD8C): 0
LogDevObjectVersion:   Dev-Core (375EC13C-06E4-48FB-B500-84F0262A717E): 1
LogDevObjectVersion:   Dev-Editor (E4B068ED-F494-42E9-A231-DA0B2E46BB41): 6
LogDevObjectVersion:   Dev-Framework (CFFC743F-43B0-4480-9391-14DF171D2073): 12
LogDevObjectVersion:   Dev-Mobile (B02B49B5-BB20-44E9-A304-32B752E40360): 0
LogDevObjectVersion:   Dev-Networking (A4E4105C-59A1-49B5-A7C5-40C4547EDFEE): 0
LogDevObjectVersion:   Dev-Online (39C831C9-5AE6-47DC-9A44-9C173E1C8E7C): 0
LogDevObjectVersion:   Dev-Physics (78F01B33-EBEA-4F98-B9B4-84EACCB95AA2): 0
LogDevObjectVersion:   Dev-Platform (6631380F-2D4D-43E0-8009-CF276956A95A): 0
LogDevObjectVersion:   Dev-Rendering (12F88B9F-8875-4AFC-A67C-D90C383ABD29): 4
LogDevObjectVersion:   Dev-Sequencer (7B5AE74C-D270-4C10-A958-57980B212A5A): 0
LogDevObjectVersion:   Dev-VR (D7296918-1DD6-4BDD-9DE2-64A83CC13884): 0
LogInit: Compiled (64-bit): Oct 24 2016 14:29:06
LogInit: Compiled with Visual C++: 19.00.23026.00
LogInit: Build Configuration: Development
LogInit: Branch Name: ++UE4+Release-4.13
LogInit: Command line:  
LogInit: Base directory: C:/Program Files/Epic Games/4.13/Engine/Binaries/Win64/
LogInit: Installed Engine Build: 1
LogInit: Presizing for max 8388607 objects, including 0 objects not considered by GC, pre-allocating 0 bytes for permanent pool.
LogInit: Object subsystem initialized
[2016.12.07-13.59.19:142][  0]LogConsoleManager:Display: Setting the console variable 'r.RHICmdBypass' with 'SetByProjectSetting' was ignored as it is lower priority than the previous 'SetBySystemSettingsIni'
[2016.12.07-13.59.19:160][  0]LogInit: Selected Device Profile: [Windows]
[2016.12.07-13.59.19:160][  0]LogInit: Applying CVar settings loaded from the selected device profile: [Windows]
[2016.12.07-13.59.19:179][  0]LogInit: Computer: FALCON
[2016.12.07-13.59.19:179][  0]LogInit: User: spers
[2016.12.07-13.59.19:179][  0]LogInit: CPU Page size=65536, Cores=4
[2016.12.07-13.59.19:179][  0]LogInit: High frequency timer resolution =3.914067 MHz
[2016.12.07-13.59.19:179][  0]LogMemory: Memory total: Physical=31.9GB (32GB approx)
[2016.12.07-13.59.19:179][  0]LogMemory: Platform Memory Stats for Windows
[2016.12.07-13.59.19:179][  0]LogMemory: Process Physical Memory: 268.36 MB used, 268.36 MB peak
[2016.12.07-13.59.19:179][  0]LogMemory: Process Virtual Memory: 266.45 MB used, 266.45 MB peak
[2016.12.07-13.59.19:179][  0]LogMemory: Physical Memory: 6190.88 MB used, 32691.95 MB total
[2016.12.07-13.59.19:179][  0]LogMemory: Virtual Memory: 697.79 MB used, 134217728.00 MB total
[2016.12.07-13.59.19:386][  0]LogTextLocalizationManager: No specific translations for ('en-US') exist, so ('en') translations will be used.
[2016.12.07-13.59.21:029][  0]LogD3D11RHI: D3D11 adapters:
[2016.12.07-13.59.21:056][  0]LogD3D11RHI:    0. 'NVIDIA GeForce GTX TITAN X' (Feature Level 11_0)
[2016.12.07-13.59.21:056][  0]LogD3D11RHI:       12243/0/16345 MB DedicatedVideo/DedicatedSystem/SharedSystem, Outputs:2, VendorId:0x10de
[2016.12.07-13.59.21:079][  0]LogD3D11RHI:    1. 'NVIDIA GeForce GTX TITAN X' (Feature Level 11_0)
[2016.12.07-13.59.21:079][  0]LogD3D11RHI:       12243/0/16345 MB DedicatedVideo/DedicatedSystem/SharedSystem, Outputs:2, VendorId:0x10de
[2016.12.07-13.59.21:080][  0]LogD3D11RHI:    2. 'Microsoft Basic Render Driver' (Feature Level 11_0)
[2016.12.07-13.59.21:080][  0]LogD3D11RHI:       0/0/16345 MB DedicatedVideo/DedicatedSystem/SharedSystem, Outputs:0, VendorId:0x1414
[2016.12.07-13.59.21:080][  0]LogD3D11RHI: Chosen D3D11 Adapter: 0
[2016.12.07-13.59.21:084][  0]LogD3D11RHI: Creating new Direct3DDevice
[2016.12.07-13.59.21:084][  0]LogD3D11RHI:     GPU DeviceId: 0x17c2 (for the marketing name, search the web for "GPU Device Id")
[2016.12.07-13.59.21:084][  0]LogWindows: EnumDisplayDevices:
[2016.12.07-13.59.21:084][  0]LogWindows:    0. 'NVIDIA GeForce GTX TITAN X' (P:1 D:1)
[2016.12.07-13.59.21:084][  0]LogWindows:    1. 'NVIDIA GeForce GTX TITAN X' (P:0 D:1)
[2016.12.07-13.59.21:085][  0]LogWindows:    2. 'NVIDIA GeForce GTX TITAN X' (P:0 D:0)
[2016.12.07-13.59.21:085][  0]LogWindows:    3. 'NVIDIA GeForce GTX TITAN X' (P:0 D:0)
[2016.12.07-13.59.21:085][  0]LogWindows:    4. 'NVIDIA GeForce GTX TITAN X' (P:0 D:1)
[2016.12.07-13.59.21:085][  0]LogWindows:    5. 'NVIDIA GeForce GTX TITAN X' (P:0 D:1)
[2016.12.07-13.59.21:085][  0]LogWindows:    6. 'NVIDIA GeForce GTX TITAN X' (P:0 D:0)
[2016.12.07-13.59.21:085][  0]LogWindows:    7. 'NVIDIA GeForce GTX TITAN X' (P:0 D:0)
[2016.12.07-13.59.21:085][  0]LogWindows: DebugString: FoundDriverCount:8 
[2016.12.07-13.59.21:085][  0]LogD3D11RHI:     Adapter Name: NVIDIA GeForce GTX TITAN X
[2016.12.07-13.59.21:085][  0]LogD3D11RHI:   Driver Version: 372.70 (internal:21.21.13.7270, unified:372.70)
[2016.12.07-13.59.21:085][  0]LogD3D11RHI:      Driver Date: 8-25-2016
[2016.12.07-13.59.21:085][  0]LogRHI: Texture pool is 1361 MB (70% of 1945 MB)
[2016.12.07-13.59.21:098][  0]LogD3D11RHI: Async texture creation enabled
[2016.12.07-13.59.21:109][  0]LogD3D11RHI: GPU Timing Frequency: 1000.000000 (Debug: 2 1)
[2016.12.07-13.59.21:110][  0]LogShaderCompilers: Guid format shader working directory is -38 characters bigger than the processId version (../../../../../../Users/spers/Documents/GitHub/VirtuallyAGenome/UE4_VirtuallyAGenome/Intermediate/Shaders/WorkingDirectory/6424/).
[2016.12.07-13.59.21:110][  0]LogShaderCompilers: Cleaned the shader compiler working directory 'C:/Users/spers/AppData/Local/Temp/UnrealShaderWorkingDir/F04323A841B0FD51C54D3DB539619518/'.
[2016.12.07-13.59.21:110][  0]LogShaderCompilers:Display: Using Local Shader Compiler.
[2016.12.07-13.59.22:645][  0]LogTemp:Display: Loaded TP AllDesktopTargetPlatform
[2016.12.07-13.59.22:651][  0]LogTemp:Display: Loaded TP WindowsClientTargetPlatform
[2016.12.07-13.59.22:657][  0]LogTemp:Display: Loaded TP WindowsNoEditorTargetPlatform
[2016.12.07-13.59.22:663][  0]LogTemp:Display: Loaded TP WindowsServerTargetPlatform
[2016.12.07-13.59.22:669][  0]LogTemp:Display: Loaded TP WindowsTargetPlatform
[2016.12.07-13.59.22:676][  0]LogTemp:Display: Loaded TP AndroidTargetPlatform
[2016.12.07-13.59.22:682][  0]LogTemp:Display: Loaded TP Android_ASTCTargetPlatform
[2016.12.07-13.59.22:687][  0]LogTemp:Display: Loaded TP Android_ATCTargetPlatform
[2016.12.07-13.59.22:692][  0]LogTemp:Display: Loaded TP Android_DXTTargetPlatform
[2016.12.07-13.59.22:698][  0]LogTemp:Display: Loaded TP Android_ETC1TargetPlatform
[2016.12.07-13.59.22:703][  0]LogTemp:Display: Loaded TP Android_ETC2TargetPlatform
[2016.12.07-13.59.22:721][  0]LogTemp:Display: Loaded TP Android_MultiTargetPlatform
[2016.12.07-13.59.22:721][  0]LogTemp:Display: Loaded TP Android_PVRTCTargetPlatform
[2016.12.07-13.59.22:724][  0]LogTemp:Display: Loaded TP HTML5TargetPlatform
[2016.12.07-13.59.22:765][  0]LogTemp:Display: Loaded TP IOSTargetPlatform
[2016.12.07-13.59.22:773][  0]LogTemp:Display: Loaded TP TVOSTargetPlatform
[2016.12.07-13.59.22:779][  0]LogTemp:Display: Loaded TP LinuxClientTargetPlatform
[2016.12.07-13.59.22:784][  0]LogTemp:Display: Loaded TP LinuxNoEditorTargetPlatform
[2016.12.07-13.59.22:789][  0]LogTemp:Display: Loaded TP LinuxServerTargetPlatform
[2016.12.07-13.59.22:799][  0]LogTemp:Display: Loaded TP LinuxTargetPlatform
[2016.12.07-13.59.22:799][  0]LogTargetPlatformManager:Display: Building Assets For Windows
[2016.12.07-13.59.23:051][  0]LogDerivedDataCache:Display: Max Cache Size: 512 MB
[2016.12.07-13.59.23:352][  0]LogDerivedDataCache: Loaded boot cache 0.30s 65MB C:/Users/spers/AppData/Local/UnrealEngine/4.13/DerivedDataCache/Boot.ddc.
[2016.12.07-13.59.23:352][  0]LogDerivedDataCache:Display: Loaded Boot cache: C:/Users/spers/AppData/Local/UnrealEngine/4.13/DerivedDataCache/Boot.ddc
[2016.12.07-13.59.23:352][  0]LogDerivedDataCache: FDerivedDataBackendGraph:  Pak pak cache file ../../../../../../Users/spers/Documents/GitHub/VirtuallyAGenome/UE4_VirtuallyAGenome/DerivedDataCache/DDC.ddp not found, will not use a pak cache.
[2016.12.07-13.59.23:352][  0]LogDerivedDataCache: Unable to find inner node Pak for hierarchical cache Hierarchy.
[2016.12.07-13.59.23:352][  0]LogDerivedDataCache: FDerivedDataBackendGraph:  CompressedPak pak cache file ../../../../../../Users/spers/Documents/GitHub/VirtuallyAGenome/UE4_VirtuallyAGenome/DerivedDataCache/Compressed.ddp not found, will not use a pak cache.
[2016.12.07-13.59.23:352][  0]LogDerivedDataCache: Unable to find inner node CompressedPak for hierarchical cache Hierarchy.
[2016.12.07-13.59.23:369][  0]LogDerivedDataCache:Display: Pak cache opened for reading ../../../Engine/DerivedDataCache/Compressed.ddp.
[2016.12.07-13.59.23:383][  0]LogDerivedDataCache: Using Local data cache path C:/Users/spers/AppData/Local/UnrealEngine/Common/DerivedDataCache: Writable
[2016.12.07-13.59.25:137][  0]LogInit: Selected Device Profile: [Windows]
[2016.12.07-13.59.25:144][  0]LogContentStreaming: Texture pool size is 0.00 MB
[2016.12.07-13.59.25:210][  0]LogMeshUtilities: No automatic mesh reduction module available
[2016.12.07-13.59.25:210][  0]LogMeshUtilities: No automatic mesh merging module available
[2016.12.07-13.59.25:210][  0]LogMeshUtilities: No distributed automatic mesh merging module available
[2016.12.07-13.59.25:365][  0]LogMaterial: Uniform references updated for custom material expression Custom.
[2016.12.07-13.59.25:906][  0]LogNetVersion: GetLocalNetworkVersion: CL: 3106830, ProjectName: mit_virtuallyagenome, ProjectVersion: , EngineNetworkVersion: 1, GameNetworkVersion: 0, NetworkChecksum: 4227454381
[2016.12.07-13.59.25:956][  0]LogAssetRegistry: FAssetRegistry took 0.0221 seconds to start up
[2016.12.07-13.59.25:996][  0]LogPackageLocalizationCache: Processed 3 localized package path(s) for 2 prioritized culture(s) in 0.038063 seconds
[2016.12.07-13.59.25:999][  0]LogUObjectArray: 29778 objects as part of root set at end of initial load.
[2016.12.07-13.59.25:999][  0]LogUObjectAllocator: 6125448 out of 0 bytes used by permanent object pool.
[2016.12.07-13.59.25:999][  0]LogUObjectArray: CloseDisregardForGC: 0/0 objects in disregard for GC pool
[2016.12.07-13.59.26:006][  0]LogInit: WinSock: version 1.1 (2.2), MaxSocks=32767, MaxUdp=65467
[2016.12.07-13.59.26:371][  0]LogSlate: SlateFontCache - WITH_FREETYPE: 1, WITH_HARFBUZZ: 1
[2016.12.07-13.59.26:371][  0]LogSlate: SlateFontCache - WITH_FREETYPE: 1, WITH_HARFBUZZ: 1
[2016.12.07-13.59.27:914][  0]LogTcpMessaging: Initializing TcpMessaging bridge
[2016.12.07-13.59.27:934][  0]LogUdpMessaging: Initializing bridge on interface 0.0.0.0:0 to multicast group 230.0.0.1:6666.
[2016.12.07-13.59.28:265][  0]SourceControl: Info Source control is disabled
[2016.12.07-13.59.28:350][  0]SourceControl: Info Source control is disabled
[2016.12.07-13.59.28:377][  0]SourceControl: Info Source control is disabled
[2016.12.07-13.59.28:402][  0]SourceControl: Info Source control is disabled
[2016.12.07-13.59.28:822][  0]LogEngine: Initializing Engine...
[2016.12.07-13.59.31:428][  0]LogHMD: SteamVR initialized.  Driver: lighthouse  Display: LHR-453BA62F
[2016.12.07-13.59.31:684][  0]LogAIModule: Creating AISystem for world Untitled
[2016.12.07-13.59.31:712][  0]LogInit: XAudio2 using 'Speakers (2- Logitech USB Headset)' : 2 channels at 44.1 kHz using 16 bits per sample (channel mask 0x3)
[2016.12.07-13.59.31:733][  0]LogInit: FAudioDevice initialized.
[2016.12.07-13.59.31:771][  0]LogDerivedDataCache: Saved boot cache 0.04s 65MB C:/Users/spers/AppData/Local/UnrealEngine/4.13/DerivedDataCache/Boot.ddc.
[2016.12.07-13.59.31:779][  0]LogInit: Texture streaming: Enabled
[2016.12.07-13.59.31:807][  0]LogWindowsTextInputMethodSystem:Display: IME system now deactivated.
[2016.12.07-13.59.31:882][  0]LogInit: Transaction tracking system initialized
[2016.12.07-13.59.31:919][  0]BlueprintLog: New page: Editor Load
[2016.12.07-13.59.32:111][  0]LocalizationService: Info Localization service is disabled
[2016.12.07-13.59.32:535][  0]LogConsoleResponse:Display: 
[2016.12.07-13.59.32:979][  0]LogCook:Display: Max memory allowance for cook 16384mb min free memory 0mb
[2016.12.07-13.59.32:979][  0]LogCook:Display: Mobile HDR setting 1
[2016.12.07-13.59.33:204][  0]LogFileCache: Scanning file cache for directory 'C:/Users/spers/Documents/GitHub/VirtuallyAGenome/UE4_VirtuallyAGenome/Content/' took 0.03s
[2016.12.07-13.59.33:204][  0]SourceControl: Info Source control is disabled
[2016.12.07-13.59.33:204][  0]Cmd: MAP LOAD FILE="../../../../../../Users/spers/Documents/GitHub/VirtuallyAGenome/UE4_VirtuallyAGenome/Content/MIT/GenomeMk3.umap" TEMPLATE=0 SHOWPROGRESS=1 FEATURELEVEL=3
[2016.12.07-13.59.33:208][  0]LightingResults: New page: Lighting Build
[2016.12.07-13.59.33:211][  0]MapCheck: New page: Map Check
[2016.12.07-13.59.33:211][  0]LightingResults: New page: Lighting Build
[2016.12.07-13.59.35:138][  0]LogAIModule: Creating AISystem for world GenomeMk3
[2016.12.07-13.59.35:262][  0]LogEditorServer: Finished looking for orphan Actors (0.000 secs)
[2016.12.07-13.59.35:262][  0]Cmd: MAP CHECKDEP NOCLEARLOG
[2016.12.07-13.59.35:330][  0]MapCheck: Info Map check complete: 0 Error(s), 0 Warning(s), took 68.039ms to complete.
[2016.12.07-13.59.35:330][  0]LogFileHelpers: Loading map 'GenomeMk3' took 2.126
[2016.12.07-13.59.35:498][  0]LogCollectionManager: Loaded 0 collections in 0.002245 seconds
[2016.12.07-13.59.35:553][  0]LogFileCache: Scanning file cache for directory 'C:/Users/spers/Documents/GitHub/VirtuallyAGenome/UE4_VirtuallyAGenome/Saved/Collections/' took 0.01s
[2016.12.07-13.59.35:553][  0]LogFileCache: Scanning file cache for directory 'C:/Users/spers/Documents/GitHub/VirtuallyAGenome/UE4_VirtuallyAGenome/Content/Developers/spers/Collections/' took 0.01s
[2016.12.07-13.59.35:553][  0]LogFileCache: Scanning file cache for directory 'C:/Users/spers/Documents/GitHub/VirtuallyAGenome/UE4_VirtuallyAGenome/Content/Collections/' took 0.01s
[2016.12.07-13.59.35:553][  0]LogCollectionManager: Rebuilt the GUID cache for 0 collections in 0.000005 seconds
[2016.12.07-13.59.35:559][  0]LogContentBrowser: Native class hierarchy populated in 0.0059 seconds. Added 2146 classes and 420 folders.
[2016.12.07-13.59.35:563][  0]LogStats: UGameplayTagsManager::ConstructGameplayTagTree: Construct from data asset -  0.000 s
[2016.12.07-13.59.35:563][  0]LogStats: UGameplayTagsManager::ConstructGameplayTagTree: GameplayTagTreeChangedEvent.Broadcast -  0.000 s
[2016.12.07-13.59.35:564][  0]LogContentBrowser: Native class hierarchy updated for 'GameplayTags' in 0.0003 seconds. Added 12 classes and 0 folders.
[2016.12.07-13.59.35:568][  0]LogContentBrowser: Native class hierarchy updated for 'WidgetCarousel' in 0.0003 seconds. Added 0 classes and 0 folders.
[2016.12.07-13.59.35:891][  0]LogContentBrowser: Native class hierarchy updated for 'AddContentDialog' in 0.0004 seconds. Added 0 classes and 0 folders.
[2016.12.07-13.59.35:897][  0]LogContentBrowser: Native class hierarchy updated for 'SceneOutliner' in 0.0011 seconds. Added 1 classes and 2 folders.
[2016.12.07-13.59.35:943][  0]LogCrashTracker: Crashtracker disabled due to settings.
[2016.12.07-13.59.35:947][  0]LogUObjectGlobals:Warning: Failed to find object 'Class None.'
[2016.12.07-13.59.35:974][  0]LogContentBrowser: Native class hierarchy updated for 'HierarchicalLODOutliner' in 0.0004 seconds. Added 1 classes and 2 folders.
[2016.12.07-13.59.35:974][  0]LogLoad: (Engine Initialization) Total time: 21.90 seconds
[2016.12.07-13.59.35:974][  0]LogLoad: (Engine Initialization) Total Blueprint compile time: 0.92 seconds
[2016.12.07-13.59.35:974][  0]LogExternalProfiler: Found external profiler: VSPerf
[2016.12.07-13.59.35:974][  0]LogExternalProfiler: Using external profiler: VSPerf
[2016.12.07-13.59.35:983][  0]LogOcInput: OculusInput pre-init called
[2016.12.07-13.59.35:993][  0]LogOcInput: OculusInput is initialized. Init status 0. Runtime version: 1.10.1
[2016.12.07-13.59.36:024][  0]LogContentStreaming: Texture pool size now 1000 MB
[2016.12.07-13.59.36:229][  0]LogRenderer: Reallocating scene render targets to support 1148x568 (Frame:2).
[2016.12.07-13.59.36:274][  1]LogFileCache: Retrieving MD5 hashes for directory 'C:/Users/spers/Documents/GitHub/VirtuallyAGenome/UE4_VirtuallyAGenome/Content/' took 0.27s
[2016.12.07-13.59.36:288][  1]LogAssetRegistry: Asset discovery search completed in 10.3552 seconds
[2016.12.07-13.59.36:289][  1]LogCollectionManager: Rebuilt the object cache for 0 collections in 0.000001 seconds (found 0 objects)
[2016.12.07-13.59.36:289][  1]LogCollectionManager: Fixed up redirectors for 0 collections in 0.000102 seconds (updated 0 objects)
[2016.12.07-13.59.52:708][950]Cmd: MAP LOAD FILE="../../../../../../Users/spers/Documents/GitHub/VirtuallyAGenome/UE4_VirtuallyAGenome/Content/MIT/GenomeMk3.umap" TEMPLATE=0 SHOWPROGRESS=1 FEATURELEVEL=3
[2016.12.07-13.59.52:708][950]LightingResults: New page: Lighting Build
[2016.12.07-13.59.52:708][950]LoadErrors: New page: Loading map: GenomeMk3.umap
[2016.12.07-13.59.52:709][950]MapCheck: New page: Map Check
[2016.12.07-13.59.52:709][950]LightingResults: New page: Lighting Build
[2016.12.07-13.59.52:720][950]LogAIModule: Creating AISystem for world GenomeMk3
[2016.12.07-13.59.52:745][950]LogEditorServer: Finished looking for orphan Actors (0.000 secs)
[2016.12.07-13.59.52:766][950]Cmd: MAP CHECKDEP NOCLEARLOG
[2016.12.07-13.59.52:954][950]MapCheck: Info Map check complete: 0 Error(s), 0 Warning(s), took 188.023ms to complete.
[2016.12.07-13.59.52:955][950]LogFileHelpers: Loading map 'GenomeMk3' took 0.248
[2016.12.07-13.59.57:969][511]LogContentBrowser: Native class hierarchy updated for 'BlueprintGraph' in 0.0006 seconds. Added 112 classes and 0 folders.
[2016.12.07-19.59.12:427][903]LogFileHelpers: Editor autosave (incl. sublevels) for '/Game/MIT/GenomeMk3' took 0.016
[2016.12.07-19.59.12:434][903]OBJ SavePackage: Generating thumbnails for [0] asset(s) in package [/Game/MIT/Blueprints/GlobalMoleculeTarget] ([1] browsable assets)...
[2016.12.07-19.59.12:434][903]OBJ SavePackage: Finished generating thumbnails for package [/Game/MIT/Blueprints/GlobalMoleculeTarget]
[2016.12.07-19.59.12:543][903]LogSavePackage: Save=64.45ms
[2016.12.07-19.59.12:543][903]LogSavePackage: Moving '../../../../../../Users/spers/Documents/GitHub/VirtuallyAGenome/UE4_VirtuallyAGenome/Saved/GlobalMoleculeTarget_Auto1F523048C46EC0C15A1183580849EF4BB.tmp' to '../../../../../../Users/spers/Documents/GitHub/VirtuallyAGenome/UE4_VirtuallyAGenome/Saved/Autosaves/Game/MIT/Blueprints/GlobalMoleculeTarget_Auto1.uasset'
[2016.12.07-19.59.12:545][903]LogSavePackage:Display: Finished SavePackage ../../../../../../Users/spers/Documents/GitHub/VirtuallyAGenome/UE4_VirtuallyAGenome/Saved/Autosaves/Game/MIT/Blueprints/GlobalMoleculeTarget_Auto1.uasset
[2016.12.07-19.59.12:545][903]LogFileHelpers: Auto-saving content packages took 0.117
[2016.12.07-20.08.04:013][555]LogSavePackage: Save=62.69ms
[2016.12.07-20.08.04:013][555]LogSavePackage: Moving '../../../../../../Users/spers/Documents/GitHub/VirtuallyAGenome/UE4_VirtuallyAGenome/Saved/GlobalMoleculeTargetEB59A2114BCC7B8878E0DFA9EBC32CEB.tmp' to '../../../../../../Users/spers/Documents/GitHub/VirtuallyAGenome/UE4_VirtuallyAGenome/Content/MIT/Blueprints/GlobalMoleculeTarget.uasset'
[2016.12.07-20.08.04:018][555]LogSavePackage:Display: Finished SavePackage ../../../../../../Users/spers/Documents/GitHub/VirtuallyAGenome/UE4_VirtuallyAGenome/Content/MIT/Blueprints/GlobalMoleculeTarget.uasset
[2016.12.07-20.10.54:376][476]LogSavePackage: Save=63.42ms
[2016.12.07-20.10.54:376][476]LogSavePackage: Moving '../../../../../../Users/spers/Documents/GitHub/VirtuallyAGenome/UE4_VirtuallyAGenome/Saved/GlobalMoleculeTarget124F57D34375660D691B4497B0D0E603.tmp' to '../../../../../../Users/spers/Documents/GitHub/VirtuallyAGenome/UE4_VirtuallyAGenome/Content/MIT/Blueprints/GlobalMoleculeTarget.uasset'
[2016.12.07-20.10.54:401][476]LogSavePackage:Display: Finished SavePackage ../../../../../../Users/spers/Documents/GitHub/VirtuallyAGenome/UE4_VirtuallyAGenome/Content/MIT/Blueprints/GlobalMoleculeTarget.uasset
[2016.12.07-20.11.59:489][722]LogSavePackage: Save=65.34ms
[2016.12.07-20.11.59:489][722]LogSavePackage: Moving '../../../../../../Users/spers/Documents/GitHub/VirtuallyAGenome/UE4_VirtuallyAGenome/Saved/GlobalMoleculeTargetC152CEE94D271069F0A8A28B8E2D8AFA.tmp' to '../../../../../../Users/spers/Documents/GitHub/VirtuallyAGenome/UE4_VirtuallyAGenome/Content/MIT/Blueprints/GlobalMoleculeTarget.uasset'
[2016.12.07-20.11.59:494][722]LogSavePackage:Display: Finished SavePackage ../../../../../../Users/spers/Documents/GitHub/VirtuallyAGenome/UE4_VirtuallyAGenome/Content/MIT/Blueprints/GlobalMoleculeTarget.uasset
[2016.12.07-20.12.29:835][701]LogSavePackage: Save=62.12ms
[2016.12.07-20.12.29:836][701]LogSavePackage: Moving '../../../../../../Users/spers/Documents/GitHub/VirtuallyAGenome/UE4_VirtuallyAGenome/Saved/GlobalMoleculeTarget5931A838485D9B3F649CBFA324F74BA8.tmp' to '../../../../../../Users/spers/Documents/GitHub/VirtuallyAGenome/UE4_VirtuallyAGenome/Content/MIT/Blueprints/GlobalMoleculeTarget.uasset'
[2016.12.07-20.12.29:842][701]LogSavePackage:Display: Finished SavePackage ../../../../../../Users/spers/Documents/GitHub/VirtuallyAGenome/UE4_VirtuallyAGenome/Content/MIT/Blueprints/GlobalMoleculeTarget.uasset
[2016.12.07-20.15.57:457][762]LogSavePackage: Save=24.01ms
[2016.12.07-20.15.57:457][762]LogSavePackage: Moving '../../../../../../Users/spers/Documents/GitHub/VirtuallyAGenome/UE4_VirtuallyAGenome/Saved/GenomeMk3_Auto2F5264F8F405E665E1F55459594C50C53.tmp' to '../../../../../../Users/spers/Documents/GitHub/VirtuallyAGenome/UE4_VirtuallyAGenome/Saved/Autosaves/Game/MIT/GenomeMk3_Auto2.umap'
[2016.12.07-20.15.57:460][762]LogSavePackage:Display: Finished SavePackage ../../../../../../Users/spers/Documents/GitHub/VirtuallyAGenome/UE4_VirtuallyAGenome/Saved/Autosaves/Game/MIT/GenomeMk3_Auto2.umap
[2016.12.07-20.15.57:466][762]LogFileHelpers: Editor autosave (incl. sublevels) for '/Game/MIT/GenomeMk3' took 0.094
[2016.12.07-20.15.57:467][762]LogFileHelpers: Editor autosave (incl. sublevels) for all levels took 0.094
[2016.12.07-20.15.57:472][762]OBJ SavePackage: Generating thumbnails for [0] asset(s) in package [/Game/MIT/Blueprints/GlobalMoleculeTarget] ([1] browsable assets)...
[2016.12.07-20.15.57:473][762]OBJ SavePackage: Finished generating thumbnails for package [/Game/MIT/Blueprints/GlobalMoleculeTarget]
[2016.12.07-20.15.57:600][762]LogSavePackage: Save=78.86ms
[2016.12.07-20.15.57:600][762]LogSavePackage: Moving '../../../../../../Users/spers/Documents/GitHub/VirtuallyAGenome/UE4_VirtuallyAGenome/Saved/GlobalMoleculeTarget_Auto2BC458F264EC8DC5AF3B2738F78E6DC13.tmp' to '../../../../../../Users/spers/Documents/GitHub/VirtuallyAGenome/UE4_VirtuallyAGenome/Saved/Autosaves/Game/MIT/Blueprints/GlobalMoleculeTarget_Auto2.uasset'
[2016.12.07-20.15.57:603][762]LogSavePackage:Display: Finished SavePackage ../../../../../../Users/spers/Documents/GitHub/VirtuallyAGenome/UE4_VirtuallyAGenome/Saved/Autosaves/Game/MIT/Blueprints/GlobalMoleculeTarget_Auto2.uasset
[2016.12.07-20.15.57:603][762]LogFileHelpers: Auto-saving content packages took 0.135
[2016.12.07-20.52.15:872][763]BlueprintLog: New page: Pre-Play auto-recompile
[2016.12.07-20.52.15:872][763]LogPlayLevel: [PlayLevel] Compiling GlobalMoleculeTarget before play...
[2016.12.07-20.52.16:009][763]LogPlayLevel: PlayLevel: Blueprint regeneration took 136 ms (1 blueprints)
[2016.12.07-20.52.16:012][763]PIE: New page: SIE session: GenomeMk3 (Dec 7, 2016, 10:52:16 AM)
[2016.12.07-20.52.16:012][763]LogPlayLevel: Creating play world package: /Game/MIT/UEDPIE_0_GenomeMk3
[2016.12.07-20.52.16:017][763]LogPlayLevel: PIE: StaticDuplicateObject took: (0.004426s)
[2016.12.07-20.52.16:018][763]LogAIModule: Creating AISystem for world GenomeMk3
[2016.12.07-20.52.16:018][763]LogPlayLevel: PIE: World Init took: (0.000818s)
[2016.12.07-20.52.16:018][763]LogPlayLevel: PIE: Created PIE world by copying editor world from /Game/MIT/GenomeMk3.GenomeMk3 to /Game/MIT/UEDPIE_0_GenomeMk3.GenomeMk3 (0.005560s)
[2016.12.07-20.52.16:041][763]LogInit: XAudio2 using 'Speakers (2- Logitech USB Headset)' : 2 channels at 44.1 kHz using 16 bits per sample (channel mask 0x3)
[2016.12.07-20.52.16:048][763]LogInit: FAudioDevice initialized.
[2016.12.07-20.52.16:097][763]LogUObjectGlobals:Warning: Failed to find object 'Class None.'
[2016.12.07-20.52.16:097][763]LogWorld: Game class is 'GameMode'
[2016.12.07-20.52.16:100][763]LogWorld: Bringing World /Game/MIT/UEDPIE_0_GenomeMk3.GenomeMk3 up for play (max tick rate 0) at 2016.12.07-15.52.16
[2016.12.07-20.52.16:101][763]LogWorld: Bringing up level for play took: 0.001664
[2016.12.07-20.52.16:102][763]LogGameMode: Warning - PATHS NOT DEFINED or NO PLAYERSTART with positive rating
[2016.12.07-20.52.16:108][763]LogContentBrowser: Native class hierarchy updated for 'MovieSceneCapture' in 0.0009 seconds. Added 11 classes and 0 folders.
[2016.12.07-20.52.16:108][763]LogGameMode:Display: Match State Changed from EnteringMap to WaitingToStart
[2016.12.07-20.52.16:115][763]LogVaRest: Request (urlencoded): GET https://raw.githubusercontent.com/christinakayastha/VirtuallyAGenome/master/data/json_by_cell_type/primed/primed_bivalent_global_graph_annotated.json 
[2016.12.07-20.52.16:116][763]LogGameState: Match State Changed from EnteringMap to WaitingToStart
[2016.12.07-20.52.16:116][763]PIE: Info Play in editor start time for /Game/MIT/UEDPIE_0_GenomeMk3 1.217
[2016.12.07-20.52.16:378][792]LogVaRest: Response (404): 404: Not Found

[2016.12.07-20.52.16:378][792]LogBlueprintUserMessages: [GlobalMoleculeTarget_18] Directed Graph:
[2016.12.07-20.52.16:378][792]LogVaRest:Warning: No field with name directed of type Boolean
[2016.12.07-20.52.16:378][792]LogBlueprintUserMessages: [GlobalMoleculeTarget_18] false
[2016.12.07-20.52.16:378][792]LogVaRest:Warning: No field with name nodes of type Array
[2016.12.07-20.52.16:378][792]LogJson:Warning: Field nodes was not found.
[2016.12.07-20.52.16:378][792]LogJson:Error: Json Value of type 'Null' used as a 'Array'.
[2016.12.07-20.52.49:596][972]LogSavePackage: Save=17.85ms
[2016.12.07-20.52.49:596][972]LogSavePackage: Moving '../../../../../../Users/spers/Documents/GitHub/VirtuallyAGenome/UE4_VirtuallyAGenome/Saved/GenomeMk3_Auto3AE60CF1C43014F6A9DA1509C34E2DA3F.tmp' to '../../../../../../Users/spers/Documents/GitHub/VirtuallyAGenome/UE4_VirtuallyAGenome/Saved/Autosaves/Game/MIT/GenomeMk3_Auto3.umap'
[2016.12.07-20.52.49:599][972]LogSavePackage:Display: Finished SavePackage ../../../../../../Users/spers/Documents/GitHub/VirtuallyAGenome/UE4_VirtuallyAGenome/Saved/Autosaves/Game/MIT/GenomeMk3_Auto3.umap
[2016.12.07-20.52.49:601][972]LogFileHelpers: Editor autosave (incl. sublevels) for '/Game/MIT/GenomeMk3' took 0.060
[2016.12.07-20.52.49:601][972]LogFileHelpers: Editor autosave (incl. sublevels) for all levels took 0.060
[2016.12.07-20.52.49:602][972]OBJ SavePackage: Generating thumbnails for [0] asset(s) in package [/Game/MIT/Blueprints/GlobalMoleculeTarget] ([1] browsable assets)...
[2016.12.07-20.52.49:602][972]OBJ SavePackage: Finished generating thumbnails for package [/Game/MIT/Blueprints/GlobalMoleculeTarget]
[2016.12.07-20.52.49:691][972]LogSavePackage: Save=59.91ms
[2016.12.07-20.52.49:691][972]LogSavePackage: Moving '../../../../../../Users/spers/Documents/GitHub/VirtuallyAGenome/UE4_VirtuallyAGenome/Saved/GlobalMoleculeTarget_Auto3DE32535243D4164349FAEE894B45820B.tmp' to '../../../../../../Users/spers/Documents/GitHub/VirtuallyAGenome/UE4_VirtuallyAGenome/Saved/Autosaves/Game/MIT/Blueprints/GlobalMoleculeTarget_Auto3.uasset'
[2016.12.07-20.52.49:693][972]LogSavePackage:Display: Finished SavePackage ../../../../../../Users/spers/Documents/GitHub/VirtuallyAGenome/UE4_VirtuallyAGenome/Saved/Autosaves/Game/MIT/Blueprints/GlobalMoleculeTarget_Auto3.uasset
[2016.12.07-20.52.49:693][972]LogFileHelpers: Auto-saving content packages took 0.092
[2016.12.07-22.58.59:070][666]LogSavePackage: Save=66.61ms
[2016.12.07-22.58.59:071][666]LogSavePackage: Moving '../../../../../../Users/spers/Documents/GitHub/VirtuallyAGenome/UE4_VirtuallyAGenome/Saved/GlobalMoleculeTarget6A925BDA43D92863427EC48232D81059.tmp' to '../../../../../../Users/spers/Documents/GitHub/VirtuallyAGenome/UE4_VirtuallyAGenome/Content/MIT/Blueprints/GlobalMoleculeTarget.uasset'
[2016.12.07-22.58.59:087][666]LogSavePackage:Display: Finished SavePackage ../../../../../../Users/spers/Documents/GitHub/VirtuallyAGenome/UE4_VirtuallyAGenome/Content/MIT/Blueprints/GlobalMoleculeTarget.uasset
[2016.12.07-22.59.00:221][666]LogSavePackage: Save=19.00ms
[2016.12.07-22.59.00:221][666]LogSavePackage: Moving '../../../../../../Users/spers/Documents/GitHub/VirtuallyAGenome/UE4_VirtuallyAGenome/Saved/GenomeMk3C5083C9445E2486BFEBF17BFD0378B7E.tmp' to '../../../../../../Users/spers/Documents/GitHub/VirtuallyAGenome/UE4_VirtuallyAGenome/Content/MIT/GenomeMk3.umap'
[2016.12.07-22.59.00:225][666]LogSavePackage:Display: Finished SavePackage ../../../../../../Users/spers/Documents/GitHub/VirtuallyAGenome/UE4_VirtuallyAGenome/Content/MIT/GenomeMk3.umap
[2016.12.07-22.59.00:257][666]LogFileHelpers: Saving map 'GenomeMk3' took 1.168
[2016.12.07-22.59.00:365][666]LogWindowsTextInputMethodSystem:Display: IME system now deactivated.
[2016.12.07-22.59.00:542][667]Cmd: QUIT_EDITOR
[2016.12.07-22.59.01:215][667]LogExit: Preparing to exit.
[2016.12.07-22.59.02:236][667]LogDirectoryWatcher: A directory notification for 'C:/Users/spers/Documents/GitHub/VirtuallyAGenome/UE4_VirtuallyAGenome/Content/' was aborted.
[2016.12.07-22.59.02:267][667]LogExit: Editor shut down
[2016.12.07-22.59.02:267][667]LogExit: Transaction tracking system shut down
[2016.12.07-22.59.02:376][667]LogObj: Freed 0b from 0 cluster array pools.
[2016.12.07-22.59.02:376][667]LogExit: Object subsystem successfully closed.
[2016.12.07-22.59.02:395][667]LogD3D11RHI: Shutdown
[2016.12.07-22.59.02:395][667]LogD3D11RHI: CleanupD3DDevice
[2016.12.07-22.59.02:444][667]LogD3D11RHI: ~FD3D11DynamicRHI
[2016.12.07-22.59.02:477][667]LogModuleManager: Shutting down and abandoning module MovieSceneCapture (238)
[2016.12.07-22.59.02:477][667]LogModuleManager: Shutting down and abandoning module BlueprintGraph (237)
[2016.12.07-22.59.02:477][667]LogModuleManager: Shutting down and abandoning module BlueprintProfiler (236)
[2016.12.07-22.59.02:477][667]LogModuleManager: Shutting down and abandoning module HierarchicalLODOutliner (235)
[2016.12.07-22.59.02:477][667]LogModuleManager: Shutting down and abandoning module CrashTracker (234)
[2016.12.07-22.59.02:477][667]LogModuleManager: Shutting down and abandoning module SceneOutliner (233)
[2016.12.07-22.59.02:477][667]LogModuleManager: Shutting down and abandoning module WidgetCarousel (232)
[2016.12.07-22.59.02:477][667]LogModuleManager: Shutting down and abandoning module AddContentDialog (231)
[2016.12.07-22.59.02:477][667]LogDirectoryWatcher: A directory notification for 'C:/Program Files/Epic Games/4.13/FeaturePacks/' was aborted.
[2016.12.07-22.59.02:478][667]LogModuleManager: Shutting down and abandoning module GameplayTags (230)
[2016.12.07-22.59.02:478][667]LogModuleManager: Shutting down and abandoning module EditorWidgets (229)
[2016.12.07-22.59.02:478][667]LogModuleManager: Shutting down and abandoning module CollectionManager (228)
[2016.12.07-22.59.02:478][667]LogDirectoryWatcher: A directory notification for 'C:/Users/spers/Documents/GitHub/VirtuallyAGenome/UE4_VirtuallyAGenome/Content/Collections/' was aborted.
[2016.12.07-22.59.02:478][667]LogDirectoryWatcher: A directory notification for 'C:/Users/spers/Documents/GitHub/VirtuallyAGenome/UE4_VirtuallyAGenome/Content/Developers/spers/Collections/' was aborted.
[2016.12.07-22.59.02:478][667]LogDirectoryWatcher: A directory notification for 'C:/Users/spers/Documents/GitHub/VirtuallyAGenome/UE4_VirtuallyAGenome/Saved/Collections/' was aborted.
[2016.12.07-22.59.02:478][667]LogModuleManager: Shutting down and abandoning module StatsViewer (227)
[2016.12.07-22.59.02:478][667]LogModuleManager: Shutting down and abandoning module FoliageEdit (226)
[2016.12.07-22.59.02:478][667]LogModuleManager: Shutting down and abandoning module LandscapeEditor (225)
[2016.12.07-22.59.02:478][667]LogModuleManager: Shutting down and abandoning module SceneDepthPickerMode (224)
[2016.12.07-22.59.02:478][667]LogModuleManager: Shutting down and abandoning module ActorPickerMode (223)
[2016.12.07-22.59.02:478][667]LogModuleManager: Shutting down and abandoning module GeometryMode (222)
[2016.12.07-22.59.02:478][667]LogModuleManager: Shutting down and abandoning module TextureAlignMode (221)
[2016.12.07-22.59.02:478][667]LogModuleManager: Shutting down and abandoning module BspMode (220)
[2016.12.07-22.59.02:478][667]LogModuleManager: Shutting down and abandoning module HardwareSurvey (219)
[2016.12.07-22.59.02:478][667]LogModuleManager: Shutting down and abandoning module SequenceRecorderSections (218)
[2016.12.07-22.59.02:478][667]LogModuleManager: Shutting down and abandoning module SequenceRecorder (217)
[2016.12.07-22.59.02:478][667]LogModuleManager: Shutting down and abandoning module AutomationWorker (216)
[2016.12.07-22.59.02:478][667]LogModuleManager: Shutting down and abandoning module MatineeToLevelSequence (215)
[2016.12.07-22.59.02:478][667]LogModuleManager: Shutting down and abandoning module PlacementMode (214)
[2016.12.07-22.59.02:478][667]LogModuleManager: Shutting down and abandoning module LevelSequenceEditor (213)
[2016.12.07-22.59.02:479][667]LogModuleManager: Shutting down and abandoning module WmfMediaFactory (212)
[2016.12.07-22.59.02:479][667]LogModuleManager: Shutting down and abandoning module WmfMediaEditor (211)
[2016.12.07-22.59.02:479][667]LogModuleManager: Shutting down and abandoning module AvfMediaFactory (210)
[2016.12.07-22.59.02:479][667]LogModuleManager: Shutting down and abandoning module AvfMediaEditor (209)
[2016.12.07-22.59.02:479][667]LogModuleManager: Shutting down and abandoning module Media (208)
[2016.12.07-22.59.02:479][667]LogModuleManager: Shutting down and abandoning module AndroidMediaFactory (207)
[2016.12.07-22.59.02:479][667]LogModuleManager: Shutting down and abandoning module AndroidMediaEditor (206)
[2016.12.07-22.59.02:479][667]LogModuleManager: Shutting down and abandoning module CharacterAI (205)
[2016.12.07-22.59.02:479][667]LogModuleManager: Shutting down and abandoning module SmartSnapping (204)
[2016.12.07-22.59.02:479][667]LogModuleManager: Shutting down and abandoning module SessionServices (203)
[2016.12.07-22.59.02:479][667]LogModuleManager: Shutting down and abandoning module ViewportSnapping (202)
[2016.12.07-22.59.02:479][667]LogModuleManager: Shutting down and abandoning module ViewportInteraction (201)
[2016.12.07-22.59.02:479][667]LogModuleManager: Shutting down and abandoning module LogVisualizer (200)
[2016.12.07-22.59.02:479][667]LogModuleManager: Shutting down and abandoning module GameProjectGeneration (199)
[2016.12.07-22.59.02:479][667]LogModuleManager: Shutting down and abandoning module IntroTutorials (198)
[2016.12.07-22.59.02:479][667]LogModuleManager: Shutting down and abandoning module EditorLiveStreaming (197)
[2016.12.07-22.59.02:479][667]LogModuleManager: Shutting down and abandoning module IOSPlatformEditor (196)
[2016.12.07-22.59.02:479][667]LogModuleManager: Shutting down and abandoning module HTML5PlatformEditor (195)
[2016.12.07-22.59.02:479][667]LogModuleManager: Shutting down and abandoning module AndroidDeviceDetection (194)
[2016.12.07-22.59.03:252][667]LogModuleManager: Shutting down and abandoning module AndroidPlatformEditor (193)
[2016.12.07-22.59.03:252][667]LogModuleManager: Shutting down and abandoning module IOSRuntimeSettings (192)
[2016.12.07-22.59.03:252][667]LogModuleManager: Shutting down and abandoning module AndroidRuntimeSettings (191)
[2016.12.07-22.59.03:252][667]LogModuleManager: Shutting down and abandoning module NiagaraEditor (190)
[2016.12.07-22.59.03:252][667]LogModuleManager: Shutting down and abandoning module MergeActors (189)
[2016.12.07-22.59.03:252][667]LogModuleManager: Shutting down and abandoning module SizeMap (188)
[2016.12.07-22.59.03:252][667]LogModuleManager: Shutting down and abandoning module TreeMap (187)
[2016.12.07-22.59.03:252][667]LogModuleManager: Shutting down and abandoning module ReferenceViewer (186)
[2016.12.07-22.59.03:252][667]LogModuleManager: Shutting down and abandoning module LocalizationService (185)
[2016.12.07-22.59.03:252][667]LogModuleManager: Shutting down and abandoning module LocalizationDashboard (184)
[2016.12.07-22.59.03:252][667]LogModuleManager: Shutting down and abandoning module HardwareTargeting (183)
[2016.12.07-22.59.03:252][667]LogModuleManager: Shutting down and abandoning module DeviceProfileEditor (182)
[2016.12.07-22.59.03:252][667]LogModuleManager: Shutting down and abandoning module UndoHistory (181)
[2016.12.07-22.59.03:252][667]LogModuleManager: Shutting down and abandoning module UserFeedback (180)
[2016.12.07-22.59.03:252][667]LogModuleManager: Shutting down and abandoning module XmlParser (179)
[2016.12.07-22.59.03:252][667]LogModuleManager: Shutting down and abandoning module Blutility (178)
[2016.12.07-22.59.03:252][667]LogModuleManager: Shutting down and abandoning module ProjectTargetPlatformEditor (177)
[2016.12.07-22.59.03:252][667]LogModuleManager: Shutting down and abandoning module ProjectSettingsViewer (176)
[2016.12.07-22.59.03:252][667]LogModuleManager: Shutting down and abandoning module InputBindingEditor (175)
[2016.12.07-22.59.03:253][667]LogModuleManager: Shutting down and abandoning module EditorSettingsViewer (174)
[2016.12.07-22.59.03:253][667]LogModuleManager: Shutting down and abandoning module SettingsEditor (173)
[2016.12.07-22.59.03:253][667]LogModuleManager: Shutting down and abandoning module ProjectLauncher (172)
[2016.12.07-22.59.03:253][667]LogModuleManager: Shutting down and abandoning module SessionFrontend (171)
[2016.12.07-22.59.03:253][667]LogModuleManager: Shutting down and abandoning module ProfilerClient (170)
[2016.12.07-22.59.03:253][667]LogModuleManager: Shutting down and abandoning module TargetDeviceServices (169)
[2016.12.07-22.59.03:253][667]LogModuleManager: Shutting down and abandoning module DeviceManager (168)
[2016.12.07-22.59.03:315][667]LogModuleManager: Shutting down and abandoning module AutomationController (167)
[2016.12.07-22.59.03:315][667]LogModuleManager: Shutting down and abandoning module AutomationWindow (166)
[2016.12.07-22.59.03:315][667]LogModuleManager: Shutting down and abandoning module Layers (165)
[2016.12.07-22.59.03:315][667]LogModuleManager: Shutting down and abandoning module ComponentVisualizers (164)
[2016.12.07-22.59.03:315][667]LogModuleManager: Shutting down and abandoning module DetailCustomizations (163)
[2016.12.07-22.59.03:315][667]LogModuleManager: Shutting down and abandoning module PackagesDialog (162)
[2016.12.07-22.59.03:315][667]LogModuleManager: Shutting down and abandoning module AnimGraph (161)
[2016.12.07-22.59.03:316][667]LogModuleManager: Shutting down and abandoning module Persona (160)
[2016.12.07-22.59.03:316][667]LogModuleManager: Shutting down and abandoning module Kismet (159)
[2016.12.07-22.59.03:321][667]LogModuleManager: Shutting down and abandoning module GraphEditor (158)
[2016.12.07-22.59.03:321][667]LogModuleManager: Shutting down and abandoning module ClassViewer (157)
[2016.12.07-22.59.03:321][667]LogModuleManager: Shutting down and abandoning module Toolbox (156)
[2016.12.07-22.59.03:321][667]LogModuleManager: Shutting down and abandoning module ModuleUI (155)
[2016.12.07-22.59.03:321][667]LogModuleManager: Shutting down and abandoning module MovieSceneTools (154)
[2016.12.07-22.59.03:321][667]LogModuleManager: Shutting down and abandoning module OutputLog (153)
[2016.12.07-22.59.03:321][667]LogModuleManager: Shutting down and abandoning module GammaUI (152)
[2016.12.07-22.59.03:321][667]LogModuleManager: Shutting down and abandoning module Documentation (151)
[2016.12.07-22.59.03:321][667]LogModuleManager: Shutting down and abandoning module Niagara (150)
[2016.12.07-22.59.03:321][667]LogModuleManager: Shutting down and abandoning module StreamingPauseRendering (149)
[2016.12.07-22.59.03:321][667]LogModuleManager: Shutting down and abandoning module AnalyticsET (148)
[2016.12.07-22.59.03:321][667]LogModuleManager: Shutting down and abandoning module PortalServices (147)
[2016.12.07-22.59.03:321][667]LogModuleManager: Shutting down and abandoning module PortalRpc (146)
[2016.12.07-22.59.03:321][667]LogModuleManager: Shutting down and abandoning module MessagingRpc (145)
[2016.12.07-22.59.03:321][667]LogModuleManager: Shutting down and abandoning module GameplayDebugger (144)
[2016.12.07-22.59.03:321][667]LogModuleManager: Shutting down and abandoning module AITestSuite (143)
[2016.12.07-22.59.03:321][667]LogModuleManager: Shutting down and abandoning module AIModule (142)
[2016.12.07-22.59.03:321][667]LogModuleManager: Shutting down and abandoning module ProfilerService (141)
[2016.12.07-22.59.03:536][667]LogModuleManager: Shutting down and abandoning module TaskGraph (140)
[2016.12.07-22.59.03:536][667]LogModuleManager: Shutting down and abandoning module SlateRemote (139)
[2016.12.07-22.59.03:536][667]LogModuleManager: Shutting down and abandoning module SteamVRController (138)
[2016.12.07-22.59.03:536][667]LogModuleManager: Shutting down and abandoning module SteamVR (137)
[2016.12.07-22.59.03:536][667]LogModuleManager: Shutting down and abandoning module ProceduralMeshComponentEditor (136)
[2016.12.07-22.59.03:536][667]LogModuleManager: Shutting down and abandoning module ProceduralMeshComponent (135)
[2016.12.07-22.59.03:536][667]LogModuleManager: Shutting down and abandoning module OculusLibrary (134)
[2016.12.07-22.59.03:536][667]LogModuleManager: Shutting down and abandoning module OculusInput (133)
[2016.12.07-22.59.03:536][667]LogModuleManager: Shutting down and abandoning module CustomMeshComponent (132)
[2016.12.07-22.59.03:536][667]LogModuleManager: Shutting down and abandoning module CableComponent (131)
[2016.12.07-22.59.03:536][667]LogModuleManager: Shutting down and abandoning module ArchVisCharacter (130)
[2016.12.07-22.59.03:536][667]LogModuleManager: Shutting down and abandoning module MediaPlayerEditor (128)
[2016.12.07-22.59.03:538][667]LogModuleManager: Shutting down and abandoning module VaRestEditorPlugin (127)
[2016.12.07-22.59.03:538][667]LogModuleManager: Shutting down and abandoning module HTML5Networking (126)
[2016.12.07-22.59.03:538][667]LogModuleManager: Shutting down and abandoning module GeometryCacheEd (125)
[2016.12.07-22.59.03:538][667]LogModuleManager: Shutting down and abandoning module GeometryCache (124)
[2016.12.07-22.59.03:538][667]LogModuleManager: Shutting down and abandoning module AlembicLibrary (123)
[2016.12.07-22.59.03:538][667]LogModuleManager: Shutting down and abandoning module AlembicImporter (122)
[2016.12.07-22.59.03:539][667]LogModuleManager: Shutting down and abandoning module SuperSearch (121)
[2016.12.07-22.59.03:539][667]LogModuleManager: Shutting down and abandoning module SuperSearchEditor (120)
[2016.12.07-22.59.03:539][667]LogModuleManager: Shutting down and abandoning module SpeedTreeImporter (119)
[2016.12.07-22.59.03:539][667]LogModuleManager: Shutting down and abandoning module PluginBrowser (118)
[2016.12.07-22.59.03:539][667]LogModuleManager: Shutting down and abandoning module MobileLauncherProfileWizard (117)
[2016.12.07-22.59.03:539][667]LogModuleManager: Shutting down and abandoning module EpicSurvey (116)
[2016.12.07-22.59.03:539][667]LogModuleManager: Shutting down and abandoning module DesktopPlatform (115)
[2016.12.07-22.59.03:539][667]LogModuleManager: Shutting down and abandoning module VisualStudioSourceCodeAccess (114)
[2016.12.07-22.59.03:539][667]LogModuleManager: Shutting down and abandoning module UObjectPlugin (113)
[2016.12.07-22.59.03:539][667]LogModuleManager: Shutting down and abandoning module SubversionSourceControl (112)
[2016.12.07-22.59.03:539][667]LogModuleManager: Shutting down and abandoning module PerforceSourceControl (111)
[2016.12.07-22.59.03:539][667]LogModuleManager: Shutting down and abandoning module SourceControl (110)
[2016.12.07-22.59.03:539][667]LogModuleManager: Shutting down and abandoning module GitSourceControl (109)
[2016.12.07-22.59.03:539][667]LogModuleManager: Shutting down and abandoning module LightPropagationVolumeEditor (108)
[2016.12.07-22.59.03:539][667]LogModuleManager: Shutting down and abandoning module PaperTiledImporter (107)
[2016.12.07-22.59.03:539][667]LogModuleManager: Shutting down and abandoning module PaperSpriteSheetImporter (106)
[2016.12.07-22.59.03:539][667]LogModuleManager: Shutting down and abandoning module MeshPaint (105)
[2016.12.07-22.59.03:539][667]LogModuleManager: Shutting down and abandoning module FbxAutomationBuilderModule (104)
[2016.12.07-22.59.03:539][667]LogModuleManager: Shutting down and abandoning module PixelInspectorModule (103)
[2016.12.07-22.59.03:540][667]LogModuleManager: Shutting down and abandoning module HotReload (102)
[2016.12.07-22.59.03:541][667]LogModuleManager: Shutting down and abandoning module MainFrame (101)
[2016.12.07-22.59.03:541][667]LogModuleManager: Shutting down and abandoning module LevelEditor (100)
[2016.12.07-22.59.03:542][667]LogModuleManager: Shutting down and abandoning module ContentBrowser (99)
[2016.12.07-22.59.03:542][667]LogModuleManager: Shutting down and abandoning module Paper2DEditor (98)
[2016.12.07-22.59.03:543][667]LogModuleManager: Shutting down and abandoning module UdpMessaging (97)
[2016.12.07-22.59.03:643][667]LogModuleManager: Shutting down and abandoning module TcpMessaging (96)
[2016.12.07-22.59.03:744][667]LogModuleManager: Shutting down and abandoning module VaRestPlugin (95)
[2016.12.07-22.59.03:744][667]LogModuleManager: Shutting down and abandoning module LightPropagationVolumeRuntime (94)
[2016.12.07-22.59.03:744][667]LogModuleManager: Shutting down and abandoning module Paper2D (93)
[2016.12.07-22.59.03:744][667]LogModuleManager: Shutting down and abandoning module WindowsMoviePlayer (92)
[2016.12.07-22.59.03:744][667]LogModuleManager: Shutting down and abandoning module WmfMedia (91)
[2016.12.07-22.59.03:744][667]LogModuleManager: Shutting down and abandoning module MediaAssets (90)
[2016.12.07-22.59.03:744][667]LogModuleManager: Shutting down and abandoning module GameLiveStreaming (89)
[2016.12.07-22.59.03:744][667]LogModuleManager: Shutting down and abandoning module GameplayTagsEditor (88)
[2016.12.07-22.59.03:744][667]LogModuleManager: Shutting down and abandoning module VREditor (87)
[2016.12.07-22.59.03:744][667]LogModuleManager: Shutting down and abandoning module GameplayTasksEditor (86)
[2016.12.07-22.59.03:744][667]LogModuleManager: Shutting down and abandoning module PropertyEditor (85)
[2016.12.07-22.59.03:744][667]LogModuleManager: Shutting down and abandoning module BehaviorTreeEditor (84)
[2016.12.07-22.59.03:744][667]LogModuleManager: Shutting down and abandoning module FunctionalTesting (83)
[2016.12.07-22.59.03:744][667]LogModuleManager: Shutting down and abandoning module CollisionAnalyzer (82)
[2016.12.07-22.59.03:744][667]LogModuleManager: Shutting down and abandoning module Sequencer (81)
[2016.12.07-22.59.03:744][667]LogModuleManager: Shutting down and abandoning module WorkspaceMenuStructure (80)
[2016.12.07-22.59.03:744][667]LogModuleManager: Shutting down and abandoning module MessageLog (79)
[2016.12.07-22.59.03:744][667]LogModuleManager: Shutting down and abandoning module AssetTools (78)
[2016.12.07-22.59.03:745][667]LogModuleManager: Shutting down and abandoning module UMGEditor (77)
[2016.12.07-22.59.03:745][667]LogModuleManager: Shutting down and abandoning module UMG (76)
[2016.12.07-22.59.03:745][667]LogModuleManager: Shutting down and abandoning module SlateReflector (75)
[2016.12.07-22.59.03:745][667]LogModuleManager: Shutting down and abandoning module Slate (74)
[2016.12.07-22.59.03:745][667]LogModuleManager: Shutting down and abandoning module EditorStyle (73)
[2016.12.07-22.59.03:746][667]LogModuleManager: Shutting down and abandoning module SourceCodeAccess (72)
[2016.12.07-22.59.03:746][667]LogModuleManager: Shutting down and abandoning module HeadMountedDisplay (71)
[2016.12.07-22.59.03:746][667]LogModuleManager: Shutting down and abandoning module XAudio2 (70)
[2016.12.07-22.59.03:747][667]LogModuleManager: Shutting down and abandoning module Networking (68)
[2016.12.07-22.59.03:747][667]LogModuleManager: Shutting down and abandoning module Core (67)
[2016.12.07-22.59.03:747][667]LogModuleManager: Shutting down and abandoning module DirectoryWatcher (66)
[2016.12.07-22.59.03:747][667]LogDirectoryWatcher: A directory notification for '../../../Engine/Content/' was aborted.
[2016.12.07-22.59.03:747][667]LogDirectoryWatcher: A directory notification for '../../../../../../Users/spers/Documents/GitHub/VirtuallyAGenome/UE4_VirtuallyAGenome/Content/' was aborted.
[2016.12.07-22.59.03:747][667]LogDirectoryWatcher: A directory notification for '../../../Engine/Plugins/2D/Paper2D/Content/' was aborted.
[2016.12.07-22.59.03:747][667]LogModuleManager: Shutting down and abandoning module AssetRegistry (65)
[2016.12.07-22.59.03:920][667]LogModuleManager: Shutting down and abandoning module KismetCompiler (64)
[2016.12.07-22.59.03:920][667]LogModuleManager: Shutting down and abandoning module PhysXFormats (63)
[2016.12.07-22.59.03:920][667]LogModuleManager: Shutting down and abandoning module MeshUtilities (62)
[2016.12.07-22.59.03:920][667]LogModuleManager: Shutting down and abandoning module DerivedDataCache (61)
[2016.12.07-22.59.03:987][667]LogDerivedDataCache: Shutdown
[2016.12.07-22.59.03:987][667]LogModuleManager: Shutting down and abandoning module VulkanShaderFormat (60)
[2016.12.07-22.59.03:987][667]LogModuleManager: Shutting down and abandoning module ShaderFormatOpenGL (59)
[2016.12.07-22.59.03:987][667]LogModuleManager: Shutting down and abandoning module ShaderFormatD3D (58)
[2016.12.07-22.59.03:987][667]LogModuleManager: Shutting down and abandoning module MetalShaderFormat (57)
[2016.12.07-22.59.03:987][667]LogModuleManager: Shutting down and abandoning module TextureFormatUncompressed (56)
[2016.12.07-22.59.03:987][667]LogModuleManager: Shutting down and abandoning module TextureFormatPVR (55)
[2016.12.07-22.59.03:987][667]LogModuleManager: Shutting down and abandoning module TextureFormatDXT (54)
[2016.12.07-22.59.03:987][667]LogModuleManager: Shutting down and abandoning module TextureFormatIntelISPCTexComp (53)
[2016.12.07-22.59.03:987][667]LogModuleManager: Shutting down and abandoning module ImageWrapper (52)
[2016.12.07-22.59.03:987][667]LogModuleManager: Shutting down and abandoning module TextureFormatASTC (51)
[2016.12.07-22.59.03:987][667]LogModuleManager: Shutting down and abandoning module TextureFormatAndroid (50)
[2016.12.07-22.59.03:987][667]LogModuleManager: Shutting down and abandoning module AudioFormatOpus (49)
[2016.12.07-22.59.03:987][667]LogModuleManager: Shutting down and abandoning module AudioFormatOgg (48)
[2016.12.07-22.59.03:987][667]LogModuleManager: Shutting down and abandoning module AudioFormatADPCM (47)
[2016.12.07-22.59.03:987][667]LogModuleManager: Shutting down and abandoning module LinuxTargetPlatform (46)
[2016.12.07-22.59.03:987][667]LogModuleManager: Shutting down and abandoning module LinuxServerTargetPlatform (45)
[2016.12.07-22.59.03:987][667]LogModuleManager: Shutting down and abandoning module LinuxNoEditorTargetPlatform (44)
[2016.12.07-22.59.03:987][667]LogModuleManager: Shutting down and abandoning module LinuxClientTargetPlatform (43)
[2016.12.07-22.59.03:987][667]LogModuleManager: Shutting down and abandoning module TVOSTargetPlatform (42)
[2016.12.07-22.59.03:987][667]LogModuleManager: Shutting down and abandoning module Messaging (41)
[2016.12.07-22.59.03:987][667]LogModuleManager: Shutting down and abandoning module IOSTargetPlatform (40)
[2016.12.07-22.59.03:987][667]LogModuleManager: Shutting down and abandoning module HTML5TargetPlatform (39)
[2016.12.07-22.59.03:987][667]LogModuleManager: Shutting down and abandoning module Android_PVRTCTargetPlatform (38)
[2016.12.07-22.59.03:987][667]LogModuleManager: Shutting down and abandoning module Android_MultiTargetPlatform (37)
[2016.12.07-22.59.03:987][667]LogModuleManager: Shutting down and abandoning module Android_ETC2TargetPlatform (36)
[2016.12.07-22.59.03:987][667]LogModuleManager: Shutting down and abandoning module Android_ETC1TargetPlatform (35)
[2016.12.07-22.59.03:987][667]LogModuleManager: Shutting down and abandoning module Android_DXTTargetPlatform (34)
[2016.12.07-22.59.03:987][667]LogModuleManager: Shutting down and abandoning module Android_ATCTargetPlatform (33)
[2016.12.07-22.59.03:987][667]LogModuleManager: Shutting down and abandoning module Android_ASTCTargetPlatform (32)
[2016.12.07-22.59.03:987][667]LogModuleManager: Shutting down and abandoning module AndroidTargetPlatform (31)
[2016.12.07-22.59.03:987][667]LogModuleManager: Shutting down and abandoning module WindowsTargetPlatform (30)
[2016.12.07-22.59.03:987][667]LogModuleManager: Shutting down and abandoning module WindowsServerTargetPlatform (29)
[2016.12.07-22.59.03:987][667]LogModuleManager: Shutting down and abandoning module WindowsNoEditorTargetPlatform (28)
[2016.12.07-22.59.03:987][667]LogModuleManager: Shutting down and abandoning module WindowsClientTargetPlatform (27)
[2016.12.07-22.59.03:987][667]LogModuleManager: Shutting down and abandoning module AllDesktopTargetPlatform (26)
[2016.12.07-22.59.03:987][667]LogModuleManager: Shutting down and abandoning module TargetPlatform (25)
[2016.12.07-22.59.03:987][667]LogModuleManager: Shutting down and abandoning module InputCore (24)
[2016.12.07-22.59.03:987][667]LogModuleManager: Shutting down and abandoning module Settings (23)
[2016.12.07-22.59.03:987][667]LogModuleManager: Shutting down and abandoning module OculusRift (22)
[2016.12.07-22.59.03:988][667]LogHMD: Oculus shutdown.
[2016.12.07-22.59.03:988][667]LogModuleManager: Shutting down and abandoning module GearVR (21)
[2016.12.07-22.59.03:988][667]LogModuleManager: Shutting down and abandoning module ExampleDeviceProfileSelector (20)
[2016.12.07-22.59.03:988][667]LogModuleManager: Shutting down and abandoning module OnlineBlueprintSupport (19)
[2016.12.07-22.59.03:988][667]LogModuleManager: Shutting down and abandoning module OnlineSubsystem (17)
[2016.12.07-22.59.03:988][667]LogOnline:Display: Unloading online subsystem: NULL
[2016.12.07-22.59.03:991][667]LogModuleManager: Shutting down and abandoning module HTTP (16)
[2016.12.07-22.59.03:991][667]LogHttp:Display: Http module shutting down, but needs to wait on 1 outstanding Http requests:
[2016.12.07-22.59.03:991][667]LogHttp:Display: 	verb=[POST] url=[https://datarouter.ol.epicgames.com/datarouter/api/v1/public/data?SessionID=%7B2DACB3C9-453F-4EDD-3275-D4AA7BDF3935%7D&AppID=UEEditor.Rocket.Release&AppVersion=4.13.2-3172292%2B%2B%2BUE4%2BRelease-4.13&UserID=15fcdc1f4eb413b575fa7d8d0404f1ce%7Ce2e362a1397f4ad9b4b34ce874d01e82%7C3bc006b6-6e51-4884-b41c-2fa9126793ac&AppEnvironment=datacollector-binary&UploadType=eteventstream] status=Processing
[2016.12.07-22.59.04:011][667]LogModuleManager: Shutting down and abandoning module XMPP (15)
[2016.12.07-22.59.04:011][667]LogModuleManager: Shutting down and abandoning module TextureCompressor (14)
[2016.12.07-22.59.04:011][667]LogModuleManager: Shutting down and abandoning module ShaderCore (13)
[2016.12.07-22.59.04:011][667]LogModuleManager: Shutting down and abandoning module Landscape (12)
[2016.12.07-22.59.04:011][667]LogModuleManager: Shutting down and abandoning module SlateRHIRenderer (11)
[2016.12.07-22.59.04:014][667]LogModuleManager: Shutting down and abandoning module OpenGLDrv (10)
[2016.12.07-22.59.04:014][667]LogModuleManager: Shutting down and abandoning module D3D11RHI (9)
[2016.12.07-22.59.04:014][667]LogModuleManager: Shutting down and abandoning module AnimGraphRuntime (8)
[2016.12.07-22.59.04:014][667]LogModuleManager: Shutting down and abandoning module Renderer (7)
[2016.12.07-22.59.04:014][667]LogModuleManager: Shutting down and abandoning module Engine (6)
[2016.12.07-22.59.04:014][667]LogModuleManager: Shutting down and abandoning module CoreUObject (5)
[2016.12.07-22.59.04:014][667]LogModuleManager: Shutting down and abandoning module NetworkFile (4)
[2016.12.07-22.59.04:014][667]LogModuleManager: Shutting down and abandoning module StreamingFile (3)
[2016.12.07-22.59.04:014][667]LogModuleManager: Shutting down and abandoning module SandboxFile (2)
[2016.12.07-22.59.04:014][667]LogModuleManager: Shutting down and abandoning module PakFile (1)
[2016.12.07-22.59.04:016][667]LogExit: Exiting.
[2016.12.07-22.59.04:017][667]Log file closed, 12/07/16 17:59:04
