Log file open, 12/04/16 11:23:58
LogInit:Display: Running engine for game: MIT_VirtuallyAGenome
LogPlatformFile: Not using cached read wrapper
LogInit:Display: RandInit(-1681299020) SRandInit(-1681299020).
LogTaskGraph: Started task graph with 5 named threads and 6 total threads with 1 sets of task threads.
LogStats: Stats thread started at 0.055490
LogPluginManager: Loaded Plugin Paper2D, From C:/Program Files (x86)/Epic Games/4.14/Engine/Plugins/2D/Paper2D/Paper2D.uplugin
LogPluginManager: Loaded Plugin LightPropagationVolume, From C:/Program Files (x86)/Epic Games/4.14/Engine/Plugins/Blendables/LightPropagationVolume/LightPropagationVolume.uplugin
LogPluginManager: Loaded Plugin BlankPlugin, From C:/Program Files (x86)/Epic Games/4.14/Engine/Plugins/Developer/BlankPlugin/BlankPlugin.uplugin
LogPluginManager: Loaded Plugin CodeLiteSourceCodeAccess, From C:/Program Files (x86)/Epic Games/4.14/Engine/Plugins/Developer/CodeLiteSourceCodeAccess/CodeLiteSourceCodeAccess.uplugin
LogPluginManager: Loaded Plugin GitSourceControl, From C:/Program Files (x86)/Epic Games/4.14/Engine/Plugins/Developer/GitSourceControl/GitSourceControl.uplugin
LogPluginManager: Loaded Plugin KDevelopSourceCodeAccess, From C:/Program Files (x86)/Epic Games/4.14/Engine/Plugins/Developer/KDevelopSourceCodeAccess/KDevelopSourceCodeAccess.uplugin
LogPluginManager: Loaded Plugin NullSourceCodeAccess, From C:/Program Files (x86)/Epic Games/4.14/Engine/Plugins/Developer/NullSourceCodeAccess/NullSourceCodeAccess.uplugin
LogPluginManager: Loaded Plugin OneSkyLocalizationService, From C:/Program Files (x86)/Epic Games/4.14/Engine/Plugins/Developer/OneSkyLocalizationService/OneSkyLocalizationService.uplugin
LogPluginManager: Loaded Plugin PerforceSourceControl, From C:/Program Files (x86)/Epic Games/4.14/Engine/Plugins/Developer/PerforceSourceControl/PerforceSourceControl.uplugin
LogPluginManager: Loaded Plugin SubversionSourceControl, From C:/Program Files (x86)/Epic Games/4.14/Engine/Plugins/Developer/SubversionSourceControl/SubversionSourceControl.uplugin
LogPluginManager: Loaded Plugin UObjectPlugin, From C:/Program Files (x86)/Epic Games/4.14/Engine/Plugins/Developer/UObjectPlugin/UObjectPlugin.uplugin
LogPluginManager: Loaded Plugin VisualStudioSourceCodeAccess, From C:/Program Files (x86)/Epic Games/4.14/Engine/Plugins/Developer/VisualStudioSourceCodeAccess/VisualStudioSourceCodeAccess.uplugin
LogPluginManager: Loaded Plugin XCodeSourceCodeAccess, From C:/Program Files (x86)/Epic Games/4.14/Engine/Plugins/Developer/XCodeSourceCodeAccess/XCodeSourceCodeAccess.uplugin
LogPluginManager: Loaded Plugin AudioCapture, From C:/Program Files (x86)/Epic Games/4.14/Engine/Plugins/Editor/AudioCapture/AudioCapture.uplugin
LogPluginManager: Loaded Plugin EpicSurvey, From C:/Program Files (x86)/Epic Games/4.14/Engine/Plugins/Editor/EpicSurvey/EpicSurvey.uplugin
LogPluginManager: Loaded Plugin MacGraphicsSwitching, From C:/Program Files (x86)/Epic Games/4.14/Engine/Plugins/Editor/MacGraphicsSwitching/MacGraphicsSwitching.uplugin
LogPluginManager: Loaded Plugin MobileLauncherProfileWizard, From C:/Program Files (x86)/Epic Games/4.14/Engine/Plugins/Editor/MobileLauncherProfileWizard/MobileLauncherProfileWizard.uplugin
LogPluginManager: Loaded Plugin PluginBrowser, From C:/Program Files (x86)/Epic Games/4.14/Engine/Plugins/Editor/PluginBrowser/PluginBrowser.uplugin
LogPluginManager: Loaded Plugin SpeedTreeImporter, From C:/Program Files (x86)/Epic Games/4.14/Engine/Plugins/Editor/SpeedTreeImporter/SpeedTreeImporter.uplugin
LogPluginManager: Loaded Plugin SuperSearchEditor, From C:/Program Files (x86)/Epic Games/4.14/Engine/Plugins/Editor/SuperSearchEditor/SuperSearchEditor.uplugin
LogPluginManager: Loaded Plugin AlembicImporter, From C:/Program Files (x86)/Epic Games/4.14/Engine/Plugins/Experimental/AlembicImporter/AlembicImporter.uplugin
LogPluginManager: Loaded Plugin BlueprintStats, From C:/Program Files (x86)/Epic Games/4.14/Engine/Plugins/Experimental/BlueprintStats/BlueprintStats.uplugin
LogPluginManager: Loaded Plugin CharacterAI, From C:/Program Files (x86)/Epic Games/4.14/Engine/Plugins/Experimental/CharacterAI/CharacterAI.uplugin
LogPluginManager: Loaded Plugin CodeEditor, From C:/Program Files (x86)/Epic Games/4.14/Engine/Plugins/Experimental/CodeEditor/CodeEditor.uplugin
LogPluginManager: Loaded Plugin CodeView, From C:/Program Files (x86)/Epic Games/4.14/Engine/Plugins/Experimental/CodeView/CodeView.uplugin
LogPluginManager: Loaded Plugin HTML5Networking, From C:/Program Files (x86)/Epic Games/4.14/Engine/Plugins/Experimental/HTML5Networking/HTML5Networking.uplugin
LogPluginManager: Loaded Plugin OSVR, From C:/Program Files (x86)/Epic Games/4.14/Engine/Plugins/Experimental/OSVR/OSVR.uplugin
LogPluginManager: Loaded Plugin Phya, From C:/Program Files (x86)/Epic Games/4.14/Engine/Plugins/Experimental/Phya/Phya.uplugin
LogPluginManager: Loaded Plugin SignificanceManager, From C:/Program Files (x86)/Epic Games/4.14/Engine/Plugins/Experimental/SignificanceManager/SignificanceManager.uplugin
LogPluginManager: Loaded Plugin SimpleHMD, From C:/Program Files (x86)/Epic Games/4.14/Engine/Plugins/Experimental/SimpleHMD/SimpleHMD.uplugin
LogPluginManager: Loaded Plugin StereoPanorama, From C:/Program Files (x86)/Epic Games/4.14/Engine/Plugins/Experimental/StereoPanorama/StereoPanorama.uplugin
LogPluginManager: Loaded Plugin StructBox, From C:/Program Files (x86)/Epic Games/4.14/Engine/Plugins/Experimental/StructBox/StructBox.uplugin
LogPluginManager: Loaded Plugin GestureTrackerVR, From C:/Program Files (x86)/Epic Games/4.14/Engine/Plugins/Marketplace/GestureTrackerVR/GestureTrackerVR.uplugin
LogPluginManager: Loaded Plugin KantanCharts, From C:/Program Files (x86)/Epic Games/4.14/Engine/Plugins/Marketplace/KantanCharts/KantanCharts.uplugin
LogPluginManager: Loaded Plugin AndroidMedia, From C:/Program Files (x86)/Epic Games/4.14/Engine/Plugins/Media/AndroidMedia/AndroidMedia.uplugin
LogPluginManager: Loaded Plugin AvfMedia, From C:/Program Files (x86)/Epic Games/4.14/Engine/Plugins/Media/AvfMedia/AvfMedia.uplugin
LogPluginManager: Loaded Plugin MediaPlayerEditor, From C:/Program Files (x86)/Epic Games/4.14/Engine/Plugins/Media/MediaPlayerEditor/MediaPlayerEditor.uplugin
LogPluginManager: Loaded Plugin WmfMedia, From C:/Program Files (x86)/Epic Games/4.14/Engine/Plugins/Media/WmfMedia/WmfMedia.uplugin
LogPluginManager: Loaded Plugin MessagingDebugger, From C:/Program Files (x86)/Epic Games/4.14/Engine/Plugins/Messaging/MessagingDebugger/MessagingDebugger.uplugin
LogPluginManager: Loaded Plugin TcpMessaging, From C:/Program Files (x86)/Epic Games/4.14/Engine/Plugins/Messaging/TcpMessaging/TcpMessaging.uplugin
LogPluginManager: Loaded Plugin UdpMessaging, From C:/Program Files (x86)/Epic Games/4.14/Engine/Plugins/Messaging/UdpMessaging/UdpMessaging.uplugin
LogPluginManager: Loaded Plugin LevelSequenceEditor, From C:/Program Files (x86)/Epic Games/4.14/Engine/Plugins/MovieScene/LevelSequenceEditor/LevelSequenceEditor.uplugin
LogPluginManager: Loaded Plugin MatineeToLevelSequence, From C:/Program Files (x86)/Epic Games/4.14/Engine/Plugins/MovieScene/MatineeToLevelSequence/MatineeToLevelSequence.uplugin
LogPluginManager: Loaded Plugin NetcodeUnitTest, From C:/Program Files (x86)/Epic Games/4.14/Engine/Plugins/NetcodeUnitTest/NetcodeUnitTest/NetcodeUnitTest.uplugin
LogPluginManager: Loaded Plugin NUTUnrealEngine4, From C:/Program Files (x86)/Epic Games/4.14/Engine/Plugins/NetcodeUnitTest/NUTUnrealEngine4/NUTUnrealEngine4.uplugin
LogPluginManager: Loaded Plugin OnlineSubsystemGameCircle, From C:/Program Files (x86)/Epic Games/4.14/Engine/Plugins/Online/Android/OnlineSubsystemGameCircle/OnlineSubsystemGameCircle.uplugin
LogPluginManager: Loaded Plugin OnlineSubsystemGooglePlay, From C:/Program Files (x86)/Epic Games/4.14/Engine/Plugins/Online/Android/OnlineSubsystemGooglePlay/OnlineSubsystemGooglePlay.uplugin
LogPluginManager: Loaded Plugin OnlineSubsystemIOS, From C:/Program Files (x86)/Epic Games/4.14/Engine/Plugins/Online/IOS/OnlineSubsystemIOS/OnlineSubsystemIOS.uplugin
LogPluginManager: Loaded Plugin OnlineFramework, From C:/Program Files (x86)/Epic Games/4.14/Engine/Plugins/Online/OnlineFramework/OnlineFramework.uplugin
LogPluginManager: Loaded Plugin OnlineSubsystem, From C:/Program Files (x86)/Epic Games/4.14/Engine/Plugins/Online/OnlineSubsystem/OnlineSubsystem.uplugin
LogPluginManager: Loaded Plugin OnlineSubsystemAmazon, From C:/Program Files (x86)/Epic Games/4.14/Engine/Plugins/Online/OnlineSubsystemAmazon/OnlineSubsystemAmazon.uplugin
LogPluginManager: Loaded Plugin OnlineSubsystemFacebook, From C:/Program Files (x86)/Epic Games/4.14/Engine/Plugins/Online/OnlineSubsystemFacebook/OnlineSubsystemFacebook.uplugin
LogPluginManager: Loaded Plugin OnlineSubsystemNull, From C:/Program Files (x86)/Epic Games/4.14/Engine/Plugins/Online/OnlineSubsystemNull/OnlineSubsystemNull.uplugin
LogPluginManager: Loaded Plugin OnlineSubsystemOculus, From C:/Program Files (x86)/Epic Games/4.14/Engine/Plugins/Online/OnlineSubsystemOculus/OnlineSubsystemOculus.uplugin
LogPluginManager: Loaded Plugin OnlineSubsystemSteam, From C:/Program Files (x86)/Epic Games/4.14/Engine/Plugins/Online/OnlineSubsystemSteam/OnlineSubsystemSteam.uplugin
LogPluginManager: Loaded Plugin OnlineSubsystemUtils, From C:/Program Files (x86)/Epic Games/4.14/Engine/Plugins/Online/OnlineSubsystemUtils/OnlineSubsystemUtils.uplugin
LogPluginManager: Loaded Plugin IOSTapJoy, From C:/Program Files (x86)/Epic Games/4.14/Engine/Plugins/Runtime/Advertising/IOSTapJoy/IOSTapJoy.uplugin
LogPluginManager: Loaded Plugin AnalyticsBlueprintLibrary, From C:/Program Files (x86)/Epic Games/4.14/Engine/Plugins/Runtime/Analytics/AnalyticsBlueprintLibrary/AnalyticsBlueprintLibrary.uplugin
LogPluginManager: Loaded Plugin AnalyticsMulticast, From C:/Program Files (x86)/Epic Games/4.14/Engine/Plugins/Runtime/Analytics/AnalyticsMulticast/AnalyticsMulticast.uplugin
LogPluginManager: Loaded Plugin Apsalar, From C:/Program Files (x86)/Epic Games/4.14/Engine/Plugins/Runtime/Analytics/Apsalar/Apsalar.uplugin
LogPluginManager: Loaded Plugin FileLogging, From C:/Program Files (x86)/Epic Games/4.14/Engine/Plugins/Runtime/Analytics/FileLogging/FileLogging.uplugin
LogPluginManager: Loaded Plugin Flurry, From C:/Program Files (x86)/Epic Games/4.14/Engine/Plugins/Runtime/Analytics/Flurry/Flurry.uplugin
LogPluginManager: Loaded Plugin AndroidDeviceProfileSelector, From C:/Program Files (x86)/Epic Games/4.14/Engine/Plugins/Runtime/AndroidDeviceProfileSelector/AndroidDeviceProfileSelector.uplugin
LogPluginManager: Loaded Plugin AndroidMoviePlayer, From C:/Program Files (x86)/Epic Games/4.14/Engine/Plugins/Runtime/AndroidMoviePlayer/AndroidMoviePlayer.uplugin
LogPluginManager: Loaded Plugin AppleMoviePlayer, From C:/Program Files (x86)/Epic Games/4.14/Engine/Plugins/Runtime/AppleMoviePlayer/AppleMoviePlayer.uplugin
LogPluginManager: Loaded Plugin ArchVisCharacter, From C:/Program Files (x86)/Epic Games/4.14/Engine/Plugins/Runtime/ArchVisCharacter/ArchVisCharacter.uplugin
LogPluginManager: Loaded Plugin CableComponent, From C:/Program Files (x86)/Epic Games/4.14/Engine/Plugins/Runtime/CableComponent/CableComponent.uplugin
LogPluginManager: Loaded Plugin CustomMeshComponent, From C:/Program Files (x86)/Epic Games/4.14/Engine/Plugins/Runtime/CustomMeshComponent/CustomMeshComponent.uplugin
LogPluginManager: Loaded Plugin ExampleDeviceProfileSelector, From C:/Program Files (x86)/Epic Games/4.14/Engine/Plugins/Runtime/ExampleDeviceProfileSelector/ExampleDeviceProfileSelector.uplugin
LogPluginManager: Loaded Plugin GearVR, From C:/Program Files (x86)/Epic Games/4.14/Engine/Plugins/Runtime/GearVR/GearVR.uplugin
LogPluginManager: Loaded Plugin GoogleVRController, From C:/Program Files (x86)/Epic Games/4.14/Engine/Plugins/Runtime/GoogleVR/GoogleVRController/GoogleVRController.uplugin
LogPluginManager: Loaded Plugin GoogleVRHMD, From C:/Program Files (x86)/Epic Games/4.14/Engine/Plugins/Runtime/GoogleVR/GoogleVRHMD/GoogleVRHMD.uplugin
LogPluginManager: Loaded Plugin IOSDeviceProfileSelector, From C:/Program Files (x86)/Epic Games/4.14/Engine/Plugins/Runtime/IOSDeviceProfileSelector/IOSDeviceProfileSelector.uplugin
LogPluginManager: Loaded Plugin LeapMotion, From C:/Program Files (x86)/Epic Games/4.14/Engine/Plugins/Runtime/LeapMotion/LeapMotion.uplugin
LogPluginManager: Loaded Plugin LinuxDeviceProfileSelector, From C:/Program Files (x86)/Epic Games/4.14/Engine/Plugins/Runtime/LinuxDeviceProfileSelector/LinuxDeviceProfileSelector.uplugin
LogPluginManager: Loaded Plugin MIDIDevice, From C:/Program Files (x86)/Epic Games/4.14/Engine/Plugins/Runtime/MIDIDevice/MIDIDevice.uplugin
LogPluginManager: Loaded Plugin MobilePatchingUtils, From C:/Program Files (x86)/Epic Games/4.14/Engine/Plugins/Runtime/MobilePatchingUtils/MobilePatchingUtils.uplugin
LogPluginManager: Loaded Plugin Ansel, From C:/Program Files (x86)/Epic Games/4.14/Engine/Plugins/Runtime/Nvidia/Ansel/Ansel.uplugin
LogPluginManager: Loaded Plugin OculusAudio, From C:/Program Files (x86)/Epic Games/4.14/Engine/Plugins/Runtime/OculusAudio/OculusAudio.uplugin
LogPluginManager: Loaded Plugin OculusInput, From C:/Program Files (x86)/Epic Games/4.14/Engine/Plugins/Runtime/OculusInput/OculusInput.uplugin
LogPluginManager: Loaded Plugin OculusLibrary, From C:/Program Files (x86)/Epic Games/4.14/Engine/Plugins/Runtime/OculusLibrary/OculusLibrary.uplugin
LogPluginManager: Loaded Plugin OculusRift, From C:/Program Files (x86)/Epic Games/4.14/Engine/Plugins/Runtime/OculusRift/OculusRift.uplugin
LogPluginManager: Loaded Plugin Oodle, From C:/Program Files (x86)/Epic Games/4.14/Engine/Plugins/Runtime/PacketHandlers/CompressionComponents/Oodle/Oodle.uplugin
LogPluginManager: Loaded Plugin ProceduralMeshComponent, From C:/Program Files (x86)/Epic Games/4.14/Engine/Plugins/Runtime/ProceduralMeshComponent/ProceduralMeshComponent.uplugin
LogPluginManager: Loaded Plugin SoundMod, From C:/Program Files (x86)/Epic Games/4.14/Engine/Plugins/Runtime/SoundMod/SoundMod.uplugin
LogPluginManager: Loaded Plugin SoundVisualizations, From C:/Program Files (x86)/Epic Games/4.14/Engine/Plugins/Runtime/SoundVisualizations/SoundVisualizations.uplugin
LogPluginManager: Loaded Plugin SteamController, From C:/Program Files (x86)/Epic Games/4.14/Engine/Plugins/Runtime/Steam/SteamController/SteamController.uplugin
LogPluginManager: Loaded Plugin SteamVR, From C:/Program Files (x86)/Epic Games/4.14/Engine/Plugins/Runtime/Steam/SteamVR/SteamVR.uplugin
LogPluginManager: Loaded Plugin WebBrowserWidget, From C:/Program Files (x86)/Epic Games/4.14/Engine/Plugins/Runtime/WebBrowserWidget/WebBrowserWidget.uplugin
LogPluginManager: Loaded Plugin WindowsDeviceProfileSelector, From C:/Program Files (x86)/Epic Games/4.14/Engine/Plugins/Runtime/WindowsDeviceProfileSelector/WindowsDeviceProfileSelector.uplugin
LogPluginManager: Loaded Plugin WindowsMoviePlayer, From C:/Program Files (x86)/Epic Games/4.14/Engine/Plugins/Runtime/WindowsMoviePlayer/WindowsMoviePlayer.uplugin
LogPluginManager: Loaded Plugin ScriptPlugin, From C:/Program Files (x86)/Epic Games/4.14/Engine/Plugins/ScriptPlugin/ScriptPlugin.uplugin
LogPluginManager: Loaded Plugin SlateRemote, From C:/Program Files (x86)/Epic Games/4.14/Engine/Plugins/Slate/SlateRemote/SlateRemote.uplugin
LogPluginManager: Loaded Plugin EditorTests, From C:/Program Files (x86)/Epic Games/4.14/Engine/Plugins/Tests/EditorTests/EditorTests.uplugin
LogPluginManager: Loaded Plugin FbxAutomationTestBuilder, From C:/Program Files (x86)/Epic Games/4.14/Engine/Plugins/Tests/FbxAutomationTestBuilder/FbxAutomationTestBuilder.uplugin
LogPluginManager: Loaded Plugin FunctionalTestingEditor, From C:/Program Files (x86)/Epic Games/4.14/Engine/Plugins/Tests/FunctionalTestingEditor/FunctionalTestingEditor.uplugin
LogPluginManager: Loaded Plugin RuntimeTests, From C:/Program Files (x86)/Epic Games/4.14/Engine/Plugins/Tests/RuntimeTests/RuntimeTests.uplugin
LogPluginManager: Loaded Plugin ScreenshotTools, From C:/Program Files (x86)/Epic Games/4.14/Engine/Plugins/Tests/ScreenshotTools/ScreenshotTools.uplugin
LogPluginManager: Loaded Plugin VaRestPlugin, From C:/Users/seth/Documents/Unreal Projects/UE4_VirtuallyAGenome/Plugins/VaRest-1.1-r16/VaRestPlugin.uplugin
LogInit: Using libcurl 7.47.1
LogInit:  - built for x86_64-pc-win32
LogInit:  - supports SSL with OpenSSL/1.0.2g
LogInit:  - supports HTTP deflate (compression) using libz 1.2.8
LogInit:  - other features:
LogInit:      CURL_VERSION_SSL
LogInit:      CURL_VERSION_LIBZ
LogInit:      CURL_VERSION_IPV6
LogInit:      CURL_VERSION_ASYNCHDNS
LogInit:      CURL_VERSION_LARGEFILE
LogInit:      CURL_VERSION_IDN
LogInit:  CurlRequestOptions (configurable via config and command line):
LogInit:  - bVerifyPeer = false  - Libcurl will NOT verify peer certificate
LogInit:  - bUseHttpProxy = false  - Libcurl will NOT use HTTP proxy
LogInit:  - bDontReuseConnections = false  - Libcurl will reuse connections
LogInit:  - CertBundlePath = nullptr  - Libcurl will use whatever was configured at build time.
LogInit: Build: ++UE4+Release-4.14-CL-3195953
LogInit: Engine Version: 4.14.0-3195953+++UE4+Release-4.14
LogInit: Compatible Engine Version: 4.14.0-3195953+++UE4+Release-4.14
LogInit: Net CL: 3195953
LogDevObjectVersion: Number of dev versions registered: 13
LogDevObjectVersion:   Dev-Blueprints (B0D832E4-1F89-4F0D-ACCF-7EB736FD4AA2): 7
LogDevObjectVersion:   Dev-Build (E1C64328-A22C-4D53-A36C-8E866417BD8C): 0
LogDevObjectVersion:   Dev-Core (375EC13C-06E4-48FB-B500-84F0262A717E): 1
LogDevObjectVersion:   Dev-Editor (E4B068ED-F494-42E9-A231-DA0B2E46BB41): 8
LogDevObjectVersion:   Dev-Framework (CFFC743F-43B0-4480-9391-14DF171D2073): 17
LogDevObjectVersion:   Dev-Mobile (B02B49B5-BB20-44E9-A304-32B752E40360): 0
LogDevObjectVersion:   Dev-Networking (A4E4105C-59A1-49B5-A7C5-40C4547EDFEE): 0
LogDevObjectVersion:   Dev-Online (39C831C9-5AE6-47DC-9A44-9C173E1C8E7C): 0
LogDevObjectVersion:   Dev-Physics (78F01B33-EBEA-4F98-B9B4-84EACCB95AA2): 0
LogDevObjectVersion:   Dev-Platform (6631380F-2D4D-43E0-8009-CF276956A95A): 0
LogDevObjectVersion:   Dev-Rendering (12F88B9F-8875-4AFC-A67C-D90C383ABD29): 12
LogDevObjectVersion:   Dev-Sequencer (7B5AE74C-D270-4C10-A958-57980B212A5A): 1
LogDevObjectVersion:   Dev-VR (D7296918-1DD6-4BDD-9DE2-64A83CC13884): 0
LogInit: Compiled (64-bit): Nov 12 2016 02:14:10
LogInit: Compiled with Visual C++: 19.00.23026.00
LogInit: Build Configuration: Development
LogInit: Branch Name: ++UE4+Release-4.14
LogInit: Command line:  
LogInit: Base directory: C:/Program Files (x86)/Epic Games/4.14/Engine/Binaries/Win64/
LogInit: Installed Engine Build: 1
LogInit: Presizing for max 8388607 objects, including 0 objects not considered by GC, pre-allocating 0 bytes for permanent pool.
LogInit: Object subsystem initialized
[2016.12.04-16.23.58:488][  0]LogConsoleManager:Display: Setting the console variable 'r.RHICmdBypass' with 'SetByProjectSetting' was ignored as it is lower priority than the previous 'SetBySystemSettingsIni'
[2016.12.04-16.23.58:499][  0]LogInit: Selected Device Profile: [Windows]
[2016.12.04-16.23.58:499][  0]LogInit: Applying CVar settings loaded from the selected device profile: [Windows]
[2016.12.04-16.23.58:528][  0]LogInit: Computer: SSURFACE
[2016.12.04-16.23.58:528][  0]LogInit: User: seth
[2016.12.04-16.23.58:528][  0]LogInit: CPU Page size=65536, Cores=2
[2016.12.04-16.23.58:528][  0]LogInit: High frequency timer resolution =2.156250 MHz
[2016.12.04-16.23.58:528][  0]LogMemory: Memory total: Physical=15.9GB (16GB approx)
[2016.12.04-16.23.58:528][  0]LogMemory: Platform Memory Stats for Windows
[2016.12.04-16.23.58:528][  0]LogMemory: Process Physical Memory: 268.34 MB used, 268.34 MB peak
[2016.12.04-16.23.58:528][  0]LogMemory: Process Virtual Memory: 263.09 MB used, 263.09 MB peak
[2016.12.04-16.23.58:528][  0]LogMemory: Physical Memory: 6700.56 MB used,  9609.58 MB free, 16310.14 MB total
[2016.12.04-16.23.58:528][  0]LogMemory: Virtual Memory: 718.97 MB used,  9609.58 MB free, 134217728.00 MB total
[2016.12.04-16.23.58:881][  0]LogTextLocalizationManager: No specific translations for ('en-US') exist, so ('en') translations will be used.
[2016.12.04-16.24.01:532][  0]LogD3D11RHI: D3D11 adapters:
[2016.12.04-16.24.01:542][  0]LogD3D11RHI:    0. 'Intel(R) Iris(TM) Graphics 540' (Feature Level 11_0)
[2016.12.04-16.24.01:542][  0]LogD3D11RHI:       128/0/8155 MB DedicatedVideo/DedicatedSystem/SharedSystem, Outputs:1, VendorId:0x8086
[2016.12.04-16.24.01:543][  0]LogD3D11RHI:    1. 'Microsoft Basic Render Driver' (Feature Level 11_0)
[2016.12.04-16.24.01:543][  0]LogD3D11RHI:       0/0/8155 MB DedicatedVideo/DedicatedSystem/SharedSystem, Outputs:0, VendorId:0x1414
[2016.12.04-16.24.01:543][  0]LogD3D11RHI: Chosen D3D11 Adapter: 0
[2016.12.04-16.24.01:548][  0]LogD3D11RHI: Creating new Direct3DDevice
[2016.12.04-16.24.01:548][  0]LogD3D11RHI:     GPU DeviceId: 0x1926 (for the marketing name, search the web for "GPU Device Id")
[2016.12.04-16.24.01:548][  0]LogWindows: EnumDisplayDevices:
[2016.12.04-16.24.01:548][  0]LogWindows:    0. 'Intel(R) Iris(TM) Graphics 540' (P:1 D:1)
[2016.12.04-16.24.01:548][  0]LogWindows:    1. 'Intel(R) Iris(TM) Graphics 540' (P:0 D:0)
[2016.12.04-16.24.01:549][  0]LogWindows:    2. 'Intel(R) Iris(TM) Graphics 540' (P:0 D:0)
[2016.12.04-16.24.01:549][  0]LogWindows: DebugString: FoundDriverCount:3 
[2016.12.04-16.24.01:549][  0]LogD3D11RHI:     Adapter Name: Intel(R) Iris(TM) Graphics 540
[2016.12.04-16.24.01:549][  0]LogD3D11RHI:   Driver Version: 20.19.15.4463 (internal:20.19.15.4463, unified:20.19.15.4463)
[2016.12.04-16.24.01:549][  0]LogD3D11RHI:      Driver Date: 7-6-2016
[2016.12.04-16.24.01:550][  0]LogRHI: Texture pool is 1361 MB (70% of 1945 MB)
[2016.12.04-16.24.01:556][  0]LogD3D11RHI: Async texture creation enabled
[2016.12.04-16.24.01:588][  0]LogD3D11RHI: GPU Timing Frequency: 12.000000 (Debug: 2 0)
[2016.12.04-16.24.01:600][  0]LogShaderCompilers: Guid format shader working directory is -30 characters bigger than the processId version (../../../../../../Users/seth/Documents/Unreal Projects/UE4_VirtuallyAGenome/Intermediate/Shaders/WorkingDirectory/3896/).
[2016.12.04-16.24.01:600][  0]LogShaderCompilers: Cleaned the shader compiler working directory 'C:/Users/seth/AppData/Local/Temp/UnrealShaderWorkingDir/76BEE2E8423D2A78759D17B048BAF0B4/'.
[2016.12.04-16.24.01:601][  0]LogShaderCompilers:Display: Using Local Shader Compiler.
[2016.12.04-16.24.04:200][  0]LogTemp:Display: Loaded TP AllDesktopTargetPlatform
[2016.12.04-16.24.04:252][  0]LogTemp:Display: Loaded TP MacClientTargetPlatform
[2016.12.04-16.24.04:305][  0]LogTemp:Display: Loaded TP MacNoEditorTargetPlatform
[2016.12.04-16.24.04:356][  0]LogTemp:Display: Loaded TP MacServerTargetPlatform
[2016.12.04-16.24.04:437][  0]LogTemp:Display: Loaded TP MacTargetPlatform
[2016.12.04-16.24.04:490][  0]LogTemp:Display: Loaded TP WindowsClientTargetPlatform
[2016.12.04-16.24.04:544][  0]LogTemp:Display: Loaded TP WindowsNoEditorTargetPlatform
[2016.12.04-16.24.04:597][  0]LogTemp:Display: Loaded TP WindowsServerTargetPlatform
[2016.12.04-16.24.04:639][  0]LogTemp:Display: Loaded TP WindowsTargetPlatform
[2016.12.04-16.24.04:720][  0]LogTemp:Display: Loaded TP AndroidTargetPlatform
[2016.12.04-16.24.04:773][  0]LogTemp:Display: Loaded TP Android_ASTCTargetPlatform
[2016.12.04-16.24.04:824][  0]LogTemp:Display: Loaded TP Android_ATCTargetPlatform
[2016.12.04-16.24.04:876][  0]LogTemp:Display: Loaded TP Android_DXTTargetPlatform
[2016.12.04-16.24.04:931][  0]LogTemp:Display: Loaded TP Android_ETC1TargetPlatform
[2016.12.04-16.24.04:983][  0]LogTemp:Display: Loaded TP Android_ETC2TargetPlatform
[2016.12.04-16.24.05:087][  0]LogTemp:Display: Loaded TP Android_MultiTargetPlatform
[2016.12.04-16.24.05:087][  0]LogTemp:Display: Loaded TP Android_PVRTCTargetPlatform
[2016.12.04-16.24.05:122][  0]LogTemp:Display: Loaded TP HTML5TargetPlatform
[2016.12.04-16.24.05:242][  0]LogTemp:Display: Loaded TP IOSTargetPlatform
[2016.12.04-16.24.05:277][  0]LogTemp:Display: Loaded TP TVOSTargetPlatform
[2016.12.04-16.24.05:329][  0]LogTemp:Display: Loaded TP LinuxClientTargetPlatform
[2016.12.04-16.24.05:379][  0]LogTemp:Display: Loaded TP LinuxNoEditorTargetPlatform
[2016.12.04-16.24.05:427][  0]LogTemp:Display: Loaded TP LinuxServerTargetPlatform
[2016.12.04-16.24.05:508][  0]LogTemp:Display: Loaded TP LinuxTargetPlatform
[2016.12.04-16.24.05:508][  0]LogTargetPlatformManager:Display: Building Assets For Windows
[2016.12.04-16.24.06:250][  0]LogDerivedDataCache:Display: Max Cache Size: 512 MB
[2016.12.04-16.24.06:250][  0]LogDerivedDataCache:Display: Starting with empty Boot cache
[2016.12.04-16.24.06:251][  0]LogDerivedDataCache: FDerivedDataBackendGraph:  Pak pak cache file ../../../../../../Users/seth/Documents/Unreal Projects/UE4_VirtuallyAGenome/DerivedDataCache/DDC.ddp not found, will not use a pak cache.
[2016.12.04-16.24.06:251][  0]LogDerivedDataCache: Unable to find inner node Pak for hierarchical cache Hierarchy.
[2016.12.04-16.24.06:251][  0]LogDerivedDataCache: FDerivedDataBackendGraph:  CompressedPak pak cache file ../../../../../../Users/seth/Documents/Unreal Projects/UE4_VirtuallyAGenome/DerivedDataCache/Compressed.ddp not found, will not use a pak cache.
[2016.12.04-16.24.06:251][  0]LogDerivedDataCache: Unable to find inner node CompressedPak for hierarchical cache Hierarchy.
[2016.12.04-16.24.06:279][  0]LogDerivedDataCache:Display: Pak cache opened for reading ../../../Engine/DerivedDataCache/Compressed.ddp.
[2016.12.04-16.24.06:290][  0]LogDerivedDataCache: Using Local data cache path C:/Users/seth/AppData/Local/UnrealEngine/Common/DerivedDataCache: Writable
[2016.12.04-16.24.09:846][  0]LogInit: Selected Device Profile: [Windows]
[2016.12.04-16.24.09:858][  0]LogContentStreaming: Texture pool size is 0.00 MB
[2016.12.04-16.24.10:201][  0]LogMeshUtilities: Using QuadricMeshReduction for automatic static mesh reduction
[2016.12.04-16.24.10:272][  0]LogSimplygon: Simplygon DLL not present - disabling.
[2016.12.04-16.24.10:326][  0]LogMeshUtilities: Using SimplygonSwarm for distributed automatic mesh merging
[2016.12.04-16.24.10:326][  0]LogMeshUtilities: No automatic skeletal mesh reduction module available
[2016.12.04-16.24.10:326][  0]LogMeshUtilities: No automatic mesh merging module available
[2016.12.04-16.24.11:006][  0]LogMaterial: Missing cached shader map for material MatineeCam_mat, compiling. 
[2016.12.04-16.24.11:094][  0]LogMaterial: Missing cached shader map for material M_SimpleOpaque, compiling. 
[2016.12.04-16.24.11:154][  0]LogMaterial: Missing cached shader map for material M_SimpleTranslucent, compiling. 
[2016.12.04-16.24.11:710][  0]LogMaterial: Missing cached shader map for material SkySphereMaterial, compiling. 
[2016.12.04-16.24.11:758][  0]LogMaterial: Missing cached shader map for material FloorPlaneMaterial, compiling. 
[2016.12.04-16.24.12:129][  0]LogMaterial: Missing cached shader map for material LandscapeGizmo_Mat, compiling. 
[2016.12.04-16.24.12:188][  0]LogMaterial: Missing cached shader map for material LandscapeGizmoHeight_Mat, compiling. 
[2016.12.04-16.24.12:309][  0]LogMaterial: Missing cached shader map for material SplineEditorMeshMat, compiling. 
[2016.12.04-16.24.12:407][  0]LogMaterial: Missing cached shader map for material HelpActorMaterial, compiling. 
[2016.12.04-16.24.12:780][  0]LogTexture:Display: Building textures: S_LightDirectional (BGRA8)
[2016.12.04-16.24.12:812][  0]LogTexture:Display: Building textures: S_LightDirectionalMove (BGRA8)
[2016.12.04-16.24.13:554][  0]LogNetVersion: GetLocalNetworkVersion: CL: 3195953, ProjectName: mit_virtuallyagenome, ProjectVersion: , EngineNetworkVersion: 2, GameNetworkVersion: 0, NetworkChecksum: 1525958553
[2016.12.04-16.24.13:671][  0]LogAssetRegistry: FAssetRegistry took 0.0248 seconds to start up
[2016.12.04-16.24.13:740][  0]LogPackageLocalizationCache: Processed 2 localized package path(s) for 2 prioritized culture(s) in 0.025543 seconds
[2016.12.04-16.24.13:748][  0]LogUObjectArray: 31946 objects as part of root set at end of initial load.
[2016.12.04-16.24.13:748][  0]LogUObjectAllocator: 6935848 out of 0 bytes used by permanent object pool.
[2016.12.04-16.24.13:748][  0]LogUObjectArray: CloseDisregardForGC: 0/0 objects in disregard for GC pool
[2016.12.04-16.24.13:865][  0]LogInit: WinSock: version 1.1 (2.2), MaxSocks=32767, MaxUdp=65467
[2016.12.04-16.24.15:461][  0]LogSlate: Using Freetype 2.6.0
[2016.12.04-16.24.15:485][  0]LogSlate: SlateFontCache - WITH_FREETYPE: 1, WITH_HARFBUZZ: 1
[2016.12.04-16.24.15:485][  0]LogSlate: SlateFontCache - WITH_FREETYPE: 1, WITH_HARFBUZZ: 1
[2016.12.04-16.24.19:493][  0]LogPackageName:Error: DoesPackageExist: DoesPackageExist FAILED: '/Paper2D/MaskedUnlitSpriteMaterial' is not a standard unreal filename or a long path name. Reason: Path does not start with a valid root. Path must begin with: '/Engine/', '/Game/', '/Config/', '/Script/', or '/Temp/'
[2016.12.04-16.24.19:494][  0]LogLinker:Warning: Can't find file '/Paper2D/MaskedUnlitSpriteMaterial'
[2016.12.04-16.24.19:494][  0]LogPackageName:Error: DoesPackageExist: DoesPackageExist FAILED: '/Paper2D/MaskedUnlitSpriteMaterial' is not a standard unreal filename or a long path name. Reason: Path does not start with a valid root. Path must begin with: '/Engine/', '/Game/', '/Config/', '/Script/', or '/Temp/'
[2016.12.04-16.24.19:494][  0]LogLinker:Warning: Can't find file '/Paper2D/MaskedUnlitSpriteMaterial'
[2016.12.04-16.24.19:494][  0]LogUObjectGlobals:Warning: Failed to find object 'MaterialInterface /Paper2D/MaskedUnlitSpriteMaterial.MaskedUnlitSpriteMaterial'
[2016.12.04-16.24.19:494][  0]Error: CDO Constructor (PaperSprite): Failed to find /Paper2D/MaskedUnlitSpriteMaterial

[2016.12.04-16.24.19:494][  0]LogPackageName:Error: DoesPackageExist: DoesPackageExist FAILED: '/Paper2D/OpaqueUnlitSpriteMaterial' is not a standard unreal filename or a long path name. Reason: Path does not start with a valid root. Path must begin with: '/Engine/', '/Game/', '/Config/', '/Script/', or '/Temp/'
[2016.12.04-16.24.19:494][  0]LogLinker:Warning: Can't find file '/Paper2D/OpaqueUnlitSpriteMaterial'
[2016.12.04-16.24.19:494][  0]LogPackageName:Error: DoesPackageExist: DoesPackageExist FAILED: '/Paper2D/OpaqueUnlitSpriteMaterial' is not a standard unreal filename or a long path name. Reason: Path does not start with a valid root. Path must begin with: '/Engine/', '/Game/', '/Config/', '/Script/', or '/Temp/'
[2016.12.04-16.24.19:494][  0]LogLinker:Warning: Can't find file '/Paper2D/OpaqueUnlitSpriteMaterial'
[2016.12.04-16.24.19:494][  0]LogUObjectGlobals:Warning: Failed to find object 'MaterialInterface /Paper2D/OpaqueUnlitSpriteMaterial.OpaqueUnlitSpriteMaterial'
[2016.12.04-16.24.19:494][  0]Error: CDO Constructor (PaperSprite): Failed to find /Paper2D/OpaqueUnlitSpriteMaterial

[2016.12.04-16.24.19:494][  0]LogPackageName:Error: DoesPackageExist: DoesPackageExist FAILED: '/Paper2D/MaskedUnlitSpriteMaterial' is not a standard unreal filename or a long path name. Reason: Path does not start with a valid root. Path must begin with: '/Engine/', '/Game/', '/Config/', '/Script/', or '/Temp/'
[2016.12.04-16.24.19:494][  0]LogLinker:Warning: Can't find file '/Paper2D/MaskedUnlitSpriteMaterial'
[2016.12.04-16.24.19:494][  0]LogUObjectGlobals:Warning: Failed to find object 'MaterialInterface /Paper2D/MaskedUnlitSpriteMaterial.MaskedUnlitSpriteMaterial'
[2016.12.04-16.24.19:494][  0]Error: CDO Constructor (PaperFlipbook): Failed to find /Paper2D/MaskedUnlitSpriteMaterial

[2016.12.04-16.24.19:494][  0]LogPackageName:Error: DoesPackageExist: DoesPackageExist FAILED: '/Paper2D/DefaultPaperTerrainMaterial' is not a standard unreal filename or a long path name. Reason: Path does not start with a valid root. Path must begin with: '/Engine/', '/Game/', '/Config/', '/Script/', or '/Temp/'
[2016.12.04-16.24.19:494][  0]LogLinker:Warning: Can't find file '/Paper2D/DefaultPaperTerrainMaterial'
[2016.12.04-16.24.19:494][  0]LogPackageName:Error: DoesPackageExist: DoesPackageExist FAILED: '/Paper2D/DefaultPaperTerrainMaterial' is not a standard unreal filename or a long path name. Reason: Path does not start with a valid root. Path must begin with: '/Engine/', '/Game/', '/Config/', '/Script/', or '/Temp/'
[2016.12.04-16.24.19:495][  0]LogLinker:Warning: Can't find file '/Paper2D/DefaultPaperTerrainMaterial'
[2016.12.04-16.24.19:495][  0]LogUObjectGlobals:Warning: Failed to find object 'PaperTerrainMaterial /Paper2D/DefaultPaperTerrainMaterial.DefaultPaperTerrainMaterial'
[2016.12.04-16.24.19:495][  0]Error: CDO Constructor (PaperTerrainComponent): Failed to find /Paper2D/DefaultPaperTerrainMaterial

[2016.12.04-16.24.19:495][  0]LogPackageName:Error: DoesPackageExist: DoesPackageExist FAILED: '/Paper2D/MaskedUnlitSpriteMaterial' is not a standard unreal filename or a long path name. Reason: Path does not start with a valid root. Path must begin with: '/Engine/', '/Game/', '/Config/', '/Script/', or '/Temp/'
[2016.12.04-16.24.19:495][  0]LogLinker:Warning: Can't find file '/Paper2D/MaskedUnlitSpriteMaterial'
[2016.12.04-16.24.19:495][  0]LogUObjectGlobals:Warning: Failed to find object 'MaterialInterface /Paper2D/MaskedUnlitSpriteMaterial.MaskedUnlitSpriteMaterial'
[2016.12.04-16.24.19:495][  0]Error: CDO Constructor (PaperTileMap): Failed to find /Paper2D/MaskedUnlitSpriteMaterial

[2016.12.04-16.24.19:495][  0]LogPackageName:Error: DoesPackageExist: DoesPackageExist FAILED: '/Paper2D/MaskedUnlitSpriteMaterial' is not a standard unreal filename or a long path name. Reason: Path does not start with a valid root. Path must begin with: '/Engine/', '/Game/', '/Config/', '/Script/', or '/Temp/'
[2016.12.04-16.24.19:495][  0]LogLinker:Warning: Can't find file '/Paper2D/MaskedUnlitSpriteMaterial'
[2016.12.04-16.24.19:495][  0]LogUObjectGlobals:Warning: Failed to find object 'MaterialInterface /Paper2D/MaskedUnlitSpriteMaterial.MaskedUnlitSpriteMaterial'
[2016.12.04-16.24.19:495][  0]Error: CDO Constructor (PaperTileMapComponent): Failed to find /Paper2D/MaskedUnlitSpriteMaterial

[2016.12.04-16.24.19:495][  0]LogUObjectBase:Warning: -------------- Default Property warnings and errors:
[2016.12.04-16.24.19:495][  0]LogUObjectBase:Warning: Error: CDO Constructor (PaperSprite): Failed to find /Paper2D/MaskedUnlitSpriteMaterial

[2016.12.04-16.24.19:495][  0]LogUObjectBase:Warning: Error: CDO Constructor (PaperSprite): Failed to find /Paper2D/OpaqueUnlitSpriteMaterial

[2016.12.04-16.24.19:495][  0]LogUObjectBase:Warning: Error: CDO Constructor (PaperFlipbook): Failed to find /Paper2D/MaskedUnlitSpriteMaterial

[2016.12.04-16.24.19:495][  0]LogUObjectBase:Warning: Error: CDO Constructor (PaperTerrainComponent): Failed to find /Paper2D/DefaultPaperTerrainMaterial

[2016.12.04-16.24.19:495][  0]LogUObjectBase:Warning: Error: CDO Constructor (PaperTileMap): Failed to find /Paper2D/MaskedUnlitSpriteMaterial

[2016.12.04-16.24.19:495][  0]LogUObjectBase:Warning: Error: CDO Constructor (PaperTileMapComponent): Failed to find /Paper2D/MaskedUnlitSpriteMaterial

[2016.12.04-16.24.19:503][  0]LogWindowsTextInputMethodSystem:Display: IME system now deactivated.
[2016.12.04-16.24.19:504][  0]LogWindowsTextInputMethodSystem:Display: IME system now deactivated.
[2016.12.04-16.26.21:058][  0]LogWindowsTextInputMethodSystem:Display: IME system now deactivated.
[2016.12.04-16.26.21:058][  0]LogWindowsTextInputMethodSystem:Display: IME system now deactivated.
[2016.12.04-16.26.21:061][  0]LogWindowsTextInputMethodSystem:Display: IME system now deactivated.
[2016.12.04-16.26.21:061][  0]LogWindowsTextInputMethodSystem:Display: IME system now deactivated.
[2016.12.04-16.26.21:166][  0]LogTcpMessaging: Initializing TcpMessaging bridge
[2016.12.04-16.26.21:212][  0]LogUdpMessaging: Initializing bridge on interface 0.0.0.0:0 to multicast group 230.0.0.1:6666.
[2016.12.04-16.26.21:275][  0]LogModuleManager:Warning: No filename provided for module VaRestPlugin
[2016.12.04-16.26.21:275][  0]LogModuleManager:Warning: ModuleManager: Unable to load module 'VaRestPlugin' because the file 'C:/Program Files (x86)/Epic Games/4.14/Engine/Binaries/Win64/' was not found.
[2016.12.04-16.26.27:418][  0]LogWindowsTextInputMethodSystem:Display: IME system now deactivated.
[2016.12.04-16.26.27:419][  0]LogWindowsTextInputMethodSystem:Display: IME system now deactivated.
[2016.12.04-16.26.27:468][  0]LogExit: Preparing to exit.
[2016.12.04-16.26.28:472][  0]LogObj: Freed 0b from 0 cluster array pools.
[2016.12.04-16.26.28:472][  0]LogExit: Object subsystem successfully closed.
[2016.12.04-16.26.28:490][  0]LogD3D11RHI: Shutdown
[2016.12.04-16.26.28:491][  0]LogD3D11RHI: CleanupD3DDevice
[2016.12.04-16.26.28:520][  0]LogD3D11RHI: ~FD3D11DynamicRHI
[2016.12.04-16.26.28:550][  0]LogModuleManager: Shutting down and abandoning module HotReload (105)
[2016.12.04-16.26.28:550][  0]LogModuleManager: Shutting down and abandoning module UdpMessaging (103)
[2016.12.04-16.26.28:651][  0]LogModuleManager: Shutting down and abandoning module TcpMessaging (102)
[2016.12.04-16.26.29:170][  0]LogModuleManager: Shutting down and abandoning module LightPropagationVolumeRuntime (101)
[2016.12.04-16.26.29:170][  0]LogModuleManager: Shutting down and abandoning module Paper2D (100)
[2016.12.04-16.26.29:170][  0]LogModuleManager: Shutting down and abandoning module WindowsMoviePlayer (99)
[2016.12.04-16.26.29:170][  0]LogModuleManager: Shutting down and abandoning module WmfMedia (98)
[2016.12.04-16.26.29:196][  0]LogModuleManager: Shutting down and abandoning module MediaAssets (97)
[2016.12.04-16.26.29:196][  0]LogModuleManager: Shutting down and abandoning module GameLiveStreaming (96)
[2016.12.04-16.26.29:196][  0]LogModuleManager: Shutting down and abandoning module GameplayTagsEditor (95)
[2016.12.04-16.26.29:196][  0]LogModuleManager: Shutting down and abandoning module VREditor (94)
[2016.12.04-16.26.29:196][  0]LogModuleManager: Shutting down and abandoning module GameplayTasksEditor (93)
[2016.12.04-16.26.29:196][  0]LogModuleManager: Shutting down and abandoning module BehaviorTreeEditor (92)
[2016.12.04-16.26.29:196][  0]LogModuleManager: Shutting down and abandoning module FunctionalTesting (91)
[2016.12.04-16.26.29:196][  0]LogModuleManager: Shutting down and abandoning module CollisionAnalyzer (90)
[2016.12.04-16.26.29:198][  0]LogModuleManager: Shutting down and abandoning module Sequencer (89)
[2016.12.04-16.26.29:199][  0]LogModuleManager: Shutting down and abandoning module WorkspaceMenuStructure (88)
[2016.12.04-16.26.29:199][  0]LogModuleManager: Shutting down and abandoning module MessageLog (87)
[2016.12.04-16.26.29:199][  0]LogModuleManager: Shutting down and abandoning module AssetTools (86)
[2016.12.04-16.26.29:202][  0]LogModuleManager: Shutting down and abandoning module UMGEditor (85)
[2016.12.04-16.26.29:203][  0]LogModuleManager: Shutting down and abandoning module UMG (84)
[2016.12.04-16.26.29:203][  0]LogModuleManager: Shutting down and abandoning module SlateReflector (83)
[2016.12.04-16.26.29:208][  0]LogModuleManager: Shutting down and abandoning module Slate (82)
[2016.12.04-16.26.29:209][  0]LogModuleManager: Shutting down and abandoning module EditorStyle (81)
[2016.12.04-16.26.29:211][  0]LogModuleManager: Shutting down and abandoning module SourceCodeAccess (80)
[2016.12.04-16.26.29:211][  0]LogModuleManager: Shutting down and abandoning module HeadMountedDisplay (79)
[2016.12.04-16.26.29:211][  0]LogModuleManager: Shutting down and abandoning module XAudio2 (78)
[2016.12.04-16.26.29:212][  0]LogModuleManager: Shutting down and abandoning module Networking (76)
[2016.12.04-16.26.29:212][  0]LogModuleManager: Shutting down and abandoning module Core (75)
[2016.12.04-16.26.29:212][  0]LogModuleManager: Shutting down and abandoning module DirectoryWatcher (74)
[2016.12.04-16.26.29:212][  0]LogDirectoryWatcher: A directory notification for '../../../Engine/Content/' was aborted.
[2016.12.04-16.26.29:212][  0]LogDirectoryWatcher: A directory notification for '../../../../../../Users/seth/Documents/Unreal Projects/UE4_VirtuallyAGenome/Content/' was aborted.
[2016.12.04-16.26.29:212][  0]LogModuleManager: Shutting down and abandoning module AssetRegistry (73)
[2016.12.04-16.26.29:290][  0]LogModuleManager: Shutting down and abandoning module KismetCompiler (72)
[2016.12.04-16.26.29:290][  0]LogModuleManager: Shutting down and abandoning module PhysXFormats (71)
[2016.12.04-16.26.29:290][  0]LogModuleManager: Shutting down and abandoning module SimplygonSwarm (70)
[2016.12.04-16.26.29:291][  0]LogModuleManager: Shutting down and abandoning module SimplygonMeshReduction (69)
[2016.12.04-16.26.29:291][  0]LogModuleManager: Shutting down and abandoning module QuadricMeshReduction (68)
[2016.12.04-16.26.29:291][  0]LogModuleManager: Shutting down and abandoning module PropertyEditor (67)
[2016.12.04-16.26.29:292][  0]LogModuleManager: Shutting down and abandoning module MeshUtilities (66)
[2016.12.04-16.26.29:293][  0]LogModuleManager: Shutting down and abandoning module DerivedDataCache (65)
[2016.12.04-16.26.29:295][  0]LogDerivedDataCache: Shutdown
[2016.12.04-16.26.29:295][  0]LogModuleManager: Shutting down and abandoning module VulkanShaderFormat (64)
[2016.12.04-16.26.29:295][  0]LogModuleManager: Shutting down and abandoning module ShaderFormatOpenGL (63)
[2016.12.04-16.26.29:296][  0]LogModuleManager: Shutting down and abandoning module ShaderFormatD3D (62)
[2016.12.04-16.26.29:296][  0]LogModuleManager: Shutting down and abandoning module MetalShaderFormat (61)
[2016.12.04-16.26.29:297][  0]LogModuleManager: Shutting down and abandoning module TextureFormatUncompressed (60)
[2016.12.04-16.26.29:297][  0]LogModuleManager: Shutting down and abandoning module TextureFormatPVR (59)
[2016.12.04-16.26.29:297][  0]LogModuleManager: Shutting down and abandoning module TextureFormatDXT (58)
[2016.12.04-16.26.29:297][  0]LogModuleManager: Shutting down and abandoning module TextureFormatIntelISPCTexComp (57)
[2016.12.04-16.26.29:297][  0]LogModuleManager: Shutting down and abandoning module ImageWrapper (56)
[2016.12.04-16.26.29:297][  0]LogModuleManager: Shutting down and abandoning module TextureFormatASTC (55)
[2016.12.04-16.26.29:297][  0]LogModuleManager: Shutting down and abandoning module TextureFormatAndroid (54)
[2016.12.04-16.26.29:297][  0]LogModuleManager: Shutting down and abandoning module AudioFormatOpus (53)
[2016.12.04-16.26.29:297][  0]LogModuleManager: Shutting down and abandoning module AudioFormatOgg (52)
[2016.12.04-16.26.29:297][  0]LogModuleManager: Shutting down and abandoning module AudioFormatADPCM (51)
[2016.12.04-16.26.29:297][  0]LogModuleManager: Shutting down and abandoning module LinuxTargetPlatform (50)
[2016.12.04-16.26.29:297][  0]LogModuleManager: Shutting down and abandoning module LinuxServerTargetPlatform (49)
[2016.12.04-16.26.29:297][  0]LogModuleManager: Shutting down and abandoning module LinuxNoEditorTargetPlatform (48)
[2016.12.04-16.26.29:297][  0]LogModuleManager: Shutting down and abandoning module LinuxClientTargetPlatform (47)
[2016.12.04-16.26.29:297][  0]LogModuleManager: Shutting down and abandoning module TVOSTargetPlatform (46)
[2016.12.04-16.26.29:297][  0]LogModuleManager: Shutting down and abandoning module Messaging (45)
[2016.12.04-16.26.29:297][  0]LogModuleManager: Shutting down and abandoning module IOSTargetPlatform (44)
[2016.12.04-16.26.29:297][  0]LogModuleManager: Shutting down and abandoning module HTML5TargetPlatform (43)
[2016.12.04-16.26.29:297][  0]LogModuleManager: Shutting down and abandoning module Android_PVRTCTargetPlatform (42)
[2016.12.04-16.26.29:297][  0]LogModuleManager: Shutting down and abandoning module Android_MultiTargetPlatform (41)
[2016.12.04-16.26.29:297][  0]LogModuleManager: Shutting down and abandoning module Android_ETC2TargetPlatform (40)
[2016.12.04-16.26.29:297][  0]LogModuleManager: Shutting down and abandoning module Android_ETC1TargetPlatform (39)
[2016.12.04-16.26.29:297][  0]LogModuleManager: Shutting down and abandoning module Android_DXTTargetPlatform (38)
[2016.12.04-16.26.29:297][  0]LogModuleManager: Shutting down and abandoning module Android_ATCTargetPlatform (37)
[2016.12.04-16.26.29:297][  0]LogModuleManager: Shutting down and abandoning module Android_ASTCTargetPlatform (36)
[2016.12.04-16.26.29:297][  0]LogModuleManager: Shutting down and abandoning module AndroidTargetPlatform (35)
[2016.12.04-16.26.29:297][  0]LogModuleManager: Shutting down and abandoning module WindowsTargetPlatform (34)
[2016.12.04-16.26.29:297][  0]LogModuleManager: Shutting down and abandoning module WindowsServerTargetPlatform (33)
[2016.12.04-16.26.29:297][  0]LogModuleManager: Shutting down and abandoning module WindowsNoEditorTargetPlatform (32)
[2016.12.04-16.26.29:297][  0]LogModuleManager: Shutting down and abandoning module WindowsClientTargetPlatform (31)
[2016.12.04-16.26.29:297][  0]LogModuleManager: Shutting down and abandoning module MacTargetPlatform (30)
[2016.12.04-16.26.29:297][  0]LogModuleManager: Shutting down and abandoning module MacServerTargetPlatform (29)
[2016.12.04-16.26.29:297][  0]LogModuleManager: Shutting down and abandoning module MacNoEditorTargetPlatform (28)
[2016.12.04-16.26.29:297][  0]LogModuleManager: Shutting down and abandoning module MacClientTargetPlatform (27)
[2016.12.04-16.26.29:297][  0]LogModuleManager: Shutting down and abandoning module AllDesktopTargetPlatform (26)
[2016.12.04-16.26.29:297][  0]LogModuleManager: Shutting down and abandoning module TargetPlatform (25)
[2016.12.04-16.26.29:297][  0]LogModuleManager: Shutting down and abandoning module InputCore (24)
[2016.12.04-16.26.29:297][  0]LogModuleManager: Shutting down and abandoning module Settings (23)
[2016.12.04-16.26.29:297][  0]LogModuleManager: Shutting down and abandoning module OculusRift (22)
[2016.12.04-16.26.29:297][  0]LogModuleManager: Shutting down and abandoning module ExampleDeviceProfileSelector (21)
[2016.12.04-16.26.29:297][  0]LogModuleManager: Shutting down and abandoning module OnlineBlueprintSupport (20)
[2016.12.04-16.26.29:297][  0]LogModuleManager: Shutting down and abandoning module OnlineSubsystem (18)
[2016.12.04-16.26.29:297][  0]LogModuleManager: Shutting down and abandoning module SSL (17)
[2016.12.04-16.26.29:299][  0]LogModuleManager: Shutting down and abandoning module HTTP (16)
[2016.12.04-16.26.29:299][  0]LogModuleManager: Shutting down and abandoning module XMPP (15)
[2016.12.04-16.26.29:299][  0]LogModuleManager: Shutting down and abandoning module TextureCompressor (14)
[2016.12.04-16.26.29:299][  0]LogModuleManager: Shutting down and abandoning module ShaderCore (13)
[2016.12.04-16.26.29:299][  0]LogModuleManager: Shutting down and abandoning module Landscape (12)
[2016.12.04-16.26.29:299][  0]LogModuleManager: Shutting down and abandoning module SlateRHIRenderer (11)
[2016.12.04-16.26.29:300][  0]LogModuleManager: Shutting down and abandoning module OpenGLDrv (10)
[2016.12.04-16.26.29:300][  0]LogModuleManager: Shutting down and abandoning module D3D11RHI (9)
[2016.12.04-16.26.29:300][  0]LogModuleManager: Shutting down and abandoning module AnimGraphRuntime (8)
[2016.12.04-16.26.29:300][  0]LogModuleManager: Shutting down and abandoning module Renderer (7)
[2016.12.04-16.26.29:300][  0]LogModuleManager: Shutting down and abandoning module Engine (6)
[2016.12.04-16.26.29:300][  0]LogModuleManager: Shutting down and abandoning module CoreUObject (5)
[2016.12.04-16.26.29:300][  0]LogModuleManager: Shutting down and abandoning module NetworkFile (4)
[2016.12.04-16.26.29:300][  0]LogModuleManager: Shutting down and abandoning module StreamingFile (3)
[2016.12.04-16.26.29:300][  0]LogModuleManager: Shutting down and abandoning module SandboxFile (2)
[2016.12.04-16.26.29:300][  0]LogModuleManager: Shutting down and abandoning module PakFile (1)
[2016.12.04-16.26.29:303][  0]LogExit: Exiting.
[2016.12.04-16.26.29:315][  0]Log file closed, 12/04/16 11:26:29
